21:29:22 INFO  : Registering command handlers for SDK TCF services
21:29:26 INFO  : Launching XSCT server: xsct.bat -interactive D:\MyWorkSpace\ZYNQ\HLS\led_state\HLS_LES_PWM\HLS_LES_PWM.sdk\temp_xsdb_launch_script.tcl
21:29:29 INFO  : XSCT server has started successfully.
21:29:30 INFO  : Successfully done setting XSCT server connection channel  
21:29:30 INFO  : Successfully done setting SDK workspace  
21:29:30 INFO  : Processing command line option -hwspec D:/MyWorkSpace/ZYNQ/HLS/led_state/HLS_LES_PWM/HLS_LES_PWM.sdk/led_wrapper.hdf.
21:33:54 INFO  : Registering command handlers for SDK TCF services
21:33:54 INFO  : Launching XSCT server: xsct.bat -interactive D:\MyWorkSpace\ZYNQ\HLS\led_state\HLS_LES_PWM\HLS_LES_PWM.sdk\temp_xsdb_launch_script.tcl
21:33:56 INFO  : XSCT server has started successfully.
21:33:56 INFO  : Successfully done setting XSCT server connection channel  
21:33:56 INFO  : Successfully done setting SDK workspace  
21:33:56 INFO  : Processing command line option -hwspec D:/MyWorkSpace/ZYNQ/HLS/led_state/HLS_LES_PWM/HLS_LES_PWM.sdk/led_wrapper.hdf.
21:33:56 INFO  : Checking for hwspec changes in the project led_wrapper_hw_platform_0.
13:02:35 INFO  : Registering command handlers for SDK TCF services
13:02:35 INFO  : Launching XSCT server: xsct.bat -interactive D:\MyWorkSpace\ZYNQ\HLS\led_state\HLS_LES_PWM\HLS_LES_PWM.sdk\temp_xsdb_launch_script.tcl
13:02:37 INFO  : XSCT server has started successfully.
13:02:37 INFO  : Successfully done setting XSCT server connection channel  
13:02:38 INFO  : Successfully done setting SDK workspace  
13:02:38 INFO  : Processing command line option -hwspec D:/MyWorkSpace/ZYNQ/HLS/led_state/HLS_LES_PWM/HLS_LES_PWM.sdk/led_wrapper.hdf.
13:02:38 INFO  : Checking for hwspec changes in the project led_wrapper_hw_platform_0.
13:21:19 INFO  : Connected to target on host '127.0.0.1' and port '3121'.
13:21:20 INFO  : Jtag cable 'Digilent JTAG-HS1 210512180081' is selected.
13:21:20 INFO  : 'jtag frequency' command is executed.
13:21:20 INFO  : Sourcing of 'D:/MyWorkSpace/ZYNQ/HLS/led_state/HLS_LES_PWM/HLS_LES_PWM.sdk/led_wrapper_hw_platform_0/ps7_init.tcl' is done.
13:21:20 INFO  : Context for 'APU' is selected.
13:21:20 INFO  : System reset is completed.
13:21:23 INFO  : 'after 3000' command is executed.
13:21:23 INFO  : 'targets -set -filter {jtag_cable_name =~ "Digilent JTAG-HS1 210512180081" && level==0} -index 1' command is executed.
13:21:26 INFO  : FPGA configured successfully with bitstream "D:/MyWorkSpace/ZYNQ/HLS/led_state/HLS_LES_PWM/HLS_LES_PWM.sdk/led_wrapper_hw_platform_0/led_wrapper.bit"
13:21:26 INFO  : Context for 'APU' is selected.
13:21:26 INFO  : Hardware design information is loaded from 'D:/MyWorkSpace/ZYNQ/HLS/led_state/HLS_LES_PWM/HLS_LES_PWM.sdk/led_wrapper_hw_platform_0/system.hdf'.
13:21:26 INFO  : 'configparams force-mem-access 1' command is executed.
13:21:26 INFO  : Context for 'APU' is selected.
13:21:26 INFO  : 'ps7_init' command is executed.
13:21:26 INFO  : 'ps7_post_config' command is executed.
13:21:27 INFO  : Context for processor 'ps7_cortexa9_0' is selected.
13:21:27 INFO  : The application 'D:/MyWorkSpace/ZYNQ/HLS/led_state/HLS_LES_PWM/HLS_LES_PWM.sdk/LED_PWM/Debug/LED_PWM.elf' is downloaded to processor 'ps7_cortexa9_0'.
13:21:27 INFO  : 'configparams force-mem-access 0' command is executed.
13:21:27 INFO  : ----------------XSDB Script----------------
connect -url tcp:127.0.0.1:3121
source D:/MyWorkSpace/ZYNQ/HLS/led_state/HLS_LES_PWM/HLS_LES_PWM.sdk/led_wrapper_hw_platform_0/ps7_init.tcl
targets -set -nocase -filter {name =~"APU*" && jtag_cable_name =~ "Digilent JTAG-HS1 210512180081"} -index 0
rst -system
after 3000
targets -set -filter {jtag_cable_name =~ "Digilent JTAG-HS1 210512180081" && level==0} -index 1
fpga -file D:/MyWorkSpace/ZYNQ/HLS/led_state/HLS_LES_PWM/HLS_LES_PWM.sdk/led_wrapper_hw_platform_0/led_wrapper.bit
targets -set -nocase -filter {name =~"APU*" && jtag_cable_name =~ "Digilent JTAG-HS1 210512180081"} -index 0
loadhw -hw D:/MyWorkSpace/ZYNQ/HLS/led_state/HLS_LES_PWM/HLS_LES_PWM.sdk/led_wrapper_hw_platform_0/system.hdf -mem-ranges [list {0x40000000 0xbfffffff}]
configparams force-mem-access 1
targets -set -nocase -filter {name =~"APU*" && jtag_cable_name =~ "Digilent JTAG-HS1 210512180081"} -index 0
ps7_init
ps7_post_config
targets -set -nocase -filter {name =~ "ARM*#0" && jtag_cable_name =~ "Digilent JTAG-HS1 210512180081"} -index 0
dow D:/MyWorkSpace/ZYNQ/HLS/led_state/HLS_LES_PWM/HLS_LES_PWM.sdk/LED_PWM/Debug/LED_PWM.elf
configparams force-mem-access 0
----------------End of Script----------------

13:21:27 INFO  : Memory regions updated for context APU
13:21:27 INFO  : Context for processor 'ps7_cortexa9_0' is selected.
13:21:27 INFO  : 'con' command is executed.
13:21:27 INFO  : ----------------XSDB Script (After Launch)----------------
targets -set -nocase -filter {name =~ "ARM*#0" && jtag_cable_name =~ "Digilent JTAG-HS1 210512180081"} -index 0
con
----------------End of Script----------------

13:21:27 INFO  : Launch script is exported to file 'D:\MyWorkSpace\ZYNQ\HLS\led_state\HLS_LES_PWM\HLS_LES_PWM.sdk\.sdk\launch_scripts\xilinx_c-c++_application_(system_debugger)\system_debugger_on_local.tcl'
13:22:09 INFO  : Disconnected from the channel tcfchan#1.
13:22:10 INFO  : Connected to target on host '127.0.0.1' and port '3121'.
13:22:10 INFO  : Jtag cable 'Digilent JTAG-HS1 210512180081' is selected.
13:22:10 INFO  : 'jtag frequency' command is executed.
13:22:10 INFO  : Sourcing of 'D:/MyWorkSpace/ZYNQ/HLS/led_state/HLS_LES_PWM/HLS_LES_PWM.sdk/led_wrapper_hw_platform_0/ps7_init.tcl' is done.
13:22:10 INFO  : Context for 'APU' is selected.
13:22:10 INFO  : System reset is completed.
13:22:13 INFO  : 'after 3000' command is executed.
13:22:13 INFO  : 'targets -set -filter {jtag_cable_name =~ "Digilent JTAG-HS1 210512180081" && level==0} -index 1' command is executed.
13:22:16 INFO  : FPGA configured successfully with bitstream "D:/MyWorkSpace/ZYNQ/HLS/led_state/HLS_LES_PWM/HLS_LES_PWM.sdk/led_wrapper_hw_platform_0/led_wrapper.bit"
13:22:16 INFO  : Context for 'APU' is selected.
13:22:18 INFO  : Hardware design information is loaded from 'D:/MyWorkSpace/ZYNQ/HLS/led_state/HLS_LES_PWM/HLS_LES_PWM.sdk/led_wrapper_hw_platform_0/system.hdf'.
13:22:18 INFO  : 'configparams force-mem-access 1' command is executed.
13:22:18 INFO  : Context for 'APU' is selected.
13:22:18 INFO  : 'ps7_init' command is executed.
13:22:18 INFO  : 'ps7_post_config' command is executed.
13:22:18 INFO  : Context for processor 'ps7_cortexa9_0' is selected.
13:22:18 INFO  : The application 'D:/MyWorkSpace/ZYNQ/HLS/led_state/HLS_LES_PWM/HLS_LES_PWM.sdk/LED_PWM/Debug/LED_PWM.elf' is downloaded to processor 'ps7_cortexa9_0'.
13:22:18 INFO  : 'configparams force-mem-access 0' command is executed.
13:22:18 INFO  : ----------------XSDB Script----------------
connect -url tcp:127.0.0.1:3121
source D:/MyWorkSpace/ZYNQ/HLS/led_state/HLS_LES_PWM/HLS_LES_PWM.sdk/led_wrapper_hw_platform_0/ps7_init.tcl
targets -set -nocase -filter {name =~"APU*" && jtag_cable_name =~ "Digilent JTAG-HS1 210512180081"} -index 0
rst -system
after 3000
targets -set -filter {jtag_cable_name =~ "Digilent JTAG-HS1 210512180081" && level==0} -index 1
fpga -file D:/MyWorkSpace/ZYNQ/HLS/led_state/HLS_LES_PWM/HLS_LES_PWM.sdk/led_wrapper_hw_platform_0/led_wrapper.bit
targets -set -nocase -filter {name =~"APU*" && jtag_cable_name =~ "Digilent JTAG-HS1 210512180081"} -index 0
loadhw -hw D:/MyWorkSpace/ZYNQ/HLS/led_state/HLS_LES_PWM/HLS_LES_PWM.sdk/led_wrapper_hw_platform_0/system.hdf -mem-ranges [list {0x40000000 0xbfffffff}]
configparams force-mem-access 1
targets -set -nocase -filter {name =~"APU*" && jtag_cable_name =~ "Digilent JTAG-HS1 210512180081"} -index 0
ps7_init
ps7_post_config
targets -set -nocase -filter {name =~ "ARM*#0" && jtag_cable_name =~ "Digilent JTAG-HS1 210512180081"} -index 0
dow D:/MyWorkSpace/ZYNQ/HLS/led_state/HLS_LES_PWM/HLS_LES_PWM.sdk/LED_PWM/Debug/LED_PWM.elf
configparams force-mem-access 0
----------------End of Script----------------

13:22:18 INFO  : Memory regions updated for context APU
13:22:18 INFO  : Context for processor 'ps7_cortexa9_0' is selected.
13:22:18 INFO  : 'con' command is executed.
13:22:18 INFO  : ----------------XSDB Script (After Launch)----------------
targets -set -nocase -filter {name =~ "ARM*#0" && jtag_cable_name =~ "Digilent JTAG-HS1 210512180081"} -index 0
con
----------------End of Script----------------

13:22:18 INFO  : Launch script is exported to file 'D:\MyWorkSpace\ZYNQ\HLS\led_state\HLS_LES_PWM\HLS_LES_PWM.sdk\.sdk\launch_scripts\xilinx_c-c++_application_(system_debugger)\system_debugger_on_local.tcl'
13:22:38 INFO  : Disconnected from the channel tcfchan#2.
13:22:39 INFO  : Connected to target on host '127.0.0.1' and port '3121'.
13:22:39 INFO  : Jtag cable 'Digilent JTAG-HS1 210512180081' is selected.
13:22:39 INFO  : 'jtag frequency' command is executed.
13:22:39 INFO  : Sourcing of 'D:/MyWorkSpace/ZYNQ/HLS/led_state/HLS_LES_PWM/HLS_LES_PWM.sdk/led_wrapper_hw_platform_0/ps7_init.tcl' is done.
13:22:39 INFO  : Context for 'APU' is selected.
13:22:39 INFO  : System reset is completed.
13:22:42 INFO  : 'after 3000' command is executed.
13:22:42 INFO  : 'targets -set -filter {jtag_cable_name =~ "Digilent JTAG-HS1 210512180081" && level==0} -index 1' command is executed.
13:22:46 INFO  : FPGA configured successfully with bitstream "D:/MyWorkSpace/ZYNQ/HLS/led_state/HLS_LES_PWM/HLS_LES_PWM.sdk/led_wrapper_hw_platform_0/led_wrapper.bit"
13:22:46 INFO  : Context for 'APU' is selected.
13:22:47 INFO  : Hardware design information is loaded from 'D:/MyWorkSpace/ZYNQ/HLS/led_state/HLS_LES_PWM/HLS_LES_PWM.sdk/led_wrapper_hw_platform_0/system.hdf'.
13:22:47 INFO  : 'configparams force-mem-access 1' command is executed.
13:22:47 INFO  : Context for 'APU' is selected.
13:22:47 INFO  : 'ps7_init' command is executed.
13:22:47 INFO  : 'ps7_post_config' command is executed.
13:22:47 INFO  : Context for processor 'ps7_cortexa9_0' is selected.
13:22:47 INFO  : The application 'D:/MyWorkSpace/ZYNQ/HLS/led_state/HLS_LES_PWM/HLS_LES_PWM.sdk/LED_PWM/Debug/LED_PWM.elf' is downloaded to processor 'ps7_cortexa9_0'.
13:22:47 INFO  : 'configparams force-mem-access 0' command is executed.
13:22:47 INFO  : ----------------XSDB Script----------------
connect -url tcp:127.0.0.1:3121
source D:/MyWorkSpace/ZYNQ/HLS/led_state/HLS_LES_PWM/HLS_LES_PWM.sdk/led_wrapper_hw_platform_0/ps7_init.tcl
targets -set -nocase -filter {name =~"APU*" && jtag_cable_name =~ "Digilent JTAG-HS1 210512180081"} -index 0
rst -system
after 3000
targets -set -filter {jtag_cable_name =~ "Digilent JTAG-HS1 210512180081" && level==0} -index 1
fpga -file D:/MyWorkSpace/ZYNQ/HLS/led_state/HLS_LES_PWM/HLS_LES_PWM.sdk/led_wrapper_hw_platform_0/led_wrapper.bit
targets -set -nocase -filter {name =~"APU*" && jtag_cable_name =~ "Digilent JTAG-HS1 210512180081"} -index 0
loadhw -hw D:/MyWorkSpace/ZYNQ/HLS/led_state/HLS_LES_PWM/HLS_LES_PWM.sdk/led_wrapper_hw_platform_0/system.hdf -mem-ranges [list {0x40000000 0xbfffffff}]
configparams force-mem-access 1
targets -set -nocase -filter {name =~"APU*" && jtag_cable_name =~ "Digilent JTAG-HS1 210512180081"} -index 0
ps7_init
ps7_post_config
targets -set -nocase -filter {name =~ "ARM*#0" && jtag_cable_name =~ "Digilent JTAG-HS1 210512180081"} -index 0
dow D:/MyWorkSpace/ZYNQ/HLS/led_state/HLS_LES_PWM/HLS_LES_PWM.sdk/LED_PWM/Debug/LED_PWM.elf
configparams force-mem-access 0
----------------End of Script----------------

13:22:47 INFO  : Memory regions updated for context APU
13:22:48 INFO  : Context for processor 'ps7_cortexa9_0' is selected.
13:22:48 INFO  : 'con' command is executed.
13:22:48 INFO  : ----------------XSDB Script (After Launch)----------------
targets -set -nocase -filter {name =~ "ARM*#0" && jtag_cable_name =~ "Digilent JTAG-HS1 210512180081"} -index 0
con
----------------End of Script----------------

13:22:48 INFO  : Launch script is exported to file 'D:\MyWorkSpace\ZYNQ\HLS\led_state\HLS_LES_PWM\HLS_LES_PWM.sdk\.sdk\launch_scripts\xilinx_c-c++_application_(system_debugger)\system_debugger_on_local.tcl'
13:26:14 INFO  : Disconnected from the channel tcfchan#3.
13:26:15 INFO  : Connected to target on host '127.0.0.1' and port '3121'.
13:26:15 INFO  : Jtag cable 'Digilent JTAG-HS1 210512180081' is selected.
13:26:15 INFO  : 'jtag frequency' command is executed.
13:26:15 INFO  : Sourcing of 'D:/MyWorkSpace/ZYNQ/HLS/led_state/HLS_LES_PWM/HLS_LES_PWM.sdk/led_wrapper_hw_platform_0/ps7_init.tcl' is done.
13:26:15 INFO  : Context for 'APU' is selected.
13:26:15 INFO  : System reset is completed.
13:26:18 INFO  : 'after 3000' command is executed.
13:26:19 INFO  : 'targets -set -filter {jtag_cable_name =~ "Digilent JTAG-HS1 210512180081" && level==0} -index 1' command is executed.
13:26:21 ERROR : 'fpga -file D:/MyWorkSpace/ZYNQ/HLS/led_state/HLS_LES_PWM/HLS_LES_PWM.sdk/led_wrapper_hw_platform_0/led_wrapper.bit' is cancelled.
13:26:21 INFO  : Issued abort command to xsdb.
13:26:21 ERROR : Exception occured while running Program FPGA.
java.lang.RuntimeException: 'fpga -file D:/MyWorkSpace/ZYNQ/HLS/led_state/HLS_LES_PWM/HLS_LES_PWM.sdk/led_wrapper_hw_platform_0/led_wrapper.bit' is cancelled.
13:26:21 INFO  : ----------------XSDB Script----------------
connect -url tcp:127.0.0.1:3121
source D:/MyWorkSpace/ZYNQ/HLS/led_state/HLS_LES_PWM/HLS_LES_PWM.sdk/led_wrapper_hw_platform_0/ps7_init.tcl
targets -set -nocase -filter {name =~"APU*" && jtag_cable_name =~ "Digilent JTAG-HS1 210512180081"} -index 0
rst -system
after 3000
----------------End of Script----------------

13:27:06 INFO  : Connected to target on host '127.0.0.1' and port '3121'.
13:27:06 INFO  : Jtag cable 'Digilent JTAG-HS1 210512180081' is selected.
13:27:06 INFO  : 'jtag frequency' command is executed.
13:27:06 INFO  : Sourcing of 'D:/MyWorkSpace/ZYNQ/HLS/led_state/HLS_LES_PWM/HLS_LES_PWM.sdk/led_wrapper_hw_platform_0/ps7_init.tcl' is done.
13:27:06 INFO  : Context for 'APU' is selected.
13:27:06 INFO  : System reset is completed.
13:27:09 INFO  : 'after 3000' command is executed.
13:27:09 INFO  : 'targets -set -filter {jtag_cable_name =~ "Digilent JTAG-HS1 210512180081" && level==0} -index 1' command is executed.
13:27:13 INFO  : FPGA configured successfully with bitstream "D:/MyWorkSpace/ZYNQ/HLS/led_state/HLS_LES_PWM/HLS_LES_PWM.sdk/led_wrapper_hw_platform_0/led_wrapper.bit"
13:27:13 INFO  : Context for 'APU' is selected.
13:27:14 INFO  : Hardware design information is loaded from 'D:/MyWorkSpace/ZYNQ/HLS/led_state/HLS_LES_PWM/HLS_LES_PWM.sdk/led_wrapper_hw_platform_0/system.hdf'.
13:27:14 INFO  : 'configparams force-mem-access 1' command is executed.
13:27:14 INFO  : Context for 'APU' is selected.
13:27:14 INFO  : 'ps7_init' command is executed.
13:27:14 INFO  : 'ps7_post_config' command is executed.
13:27:14 INFO  : Context for processor 'ps7_cortexa9_0' is selected.
13:27:14 INFO  : The application 'D:/MyWorkSpace/ZYNQ/HLS/led_state/HLS_LES_PWM/HLS_LES_PWM.sdk/LED_PWM/Debug/LED_PWM.elf' is downloaded to processor 'ps7_cortexa9_0'.
13:27:14 INFO  : 'configparams force-mem-access 0' command is executed.
13:27:14 INFO  : ----------------XSDB Script----------------
connect -url tcp:127.0.0.1:3121
source D:/MyWorkSpace/ZYNQ/HLS/led_state/HLS_LES_PWM/HLS_LES_PWM.sdk/led_wrapper_hw_platform_0/ps7_init.tcl
targets -set -nocase -filter {name =~"APU*" && jtag_cable_name =~ "Digilent JTAG-HS1 210512180081"} -index 0
rst -system
after 3000
targets -set -filter {jtag_cable_name =~ "Digilent JTAG-HS1 210512180081" && level==0} -index 1
fpga -file D:/MyWorkSpace/ZYNQ/HLS/led_state/HLS_LES_PWM/HLS_LES_PWM.sdk/led_wrapper_hw_platform_0/led_wrapper.bit
targets -set -nocase -filter {name =~"APU*" && jtag_cable_name =~ "Digilent JTAG-HS1 210512180081"} -index 0
loadhw -hw D:/MyWorkSpace/ZYNQ/HLS/led_state/HLS_LES_PWM/HLS_LES_PWM.sdk/led_wrapper_hw_platform_0/system.hdf -mem-ranges [list {0x40000000 0xbfffffff}]
configparams force-mem-access 1
targets -set -nocase -filter {name =~"APU*" && jtag_cable_name =~ "Digilent JTAG-HS1 210512180081"} -index 0
ps7_init
ps7_post_config
targets -set -nocase -filter {name =~ "ARM*#0" && jtag_cable_name =~ "Digilent JTAG-HS1 210512180081"} -index 0
dow D:/MyWorkSpace/ZYNQ/HLS/led_state/HLS_LES_PWM/HLS_LES_PWM.sdk/LED_PWM/Debug/LED_PWM.elf
configparams force-mem-access 0
----------------End of Script----------------

13:27:14 INFO  : Memory regions updated for context APU
13:27:14 INFO  : Context for processor 'ps7_cortexa9_0' is selected.
13:27:14 INFO  : 'con' command is executed.
13:27:14 INFO  : ----------------XSDB Script (After Launch)----------------
targets -set -nocase -filter {name =~ "ARM*#0" && jtag_cable_name =~ "Digilent JTAG-HS1 210512180081"} -index 0
con
----------------End of Script----------------

13:27:14 INFO  : Launch script is exported to file 'D:\MyWorkSpace\ZYNQ\HLS\led_state\HLS_LES_PWM\HLS_LES_PWM.sdk\.sdk\launch_scripts\xilinx_c-c++_application_(system_debugger)\system_debugger_on_local.tcl'
22:00:46 INFO  : Disconnected from the channel tcfchan#4.
