23:35:39 INFO  : Registering command handlers for SDK TCF services
23:35:40 INFO  : Launching XSCT server: xsct.bat -interactive D:\MyWorkSpace\ZYNQ\ARM\VDMA_HDMI\VDMA_HDMI.sdk\temp_xsdb_launch_script.tcl
23:35:42 INFO  : XSCT server has started successfully.
23:35:42 INFO  : Successfully done setting XSCT server connection channel  
23:35:42 INFO  : Successfully done setting SDK workspace  
23:35:42 INFO  : Processing command line option -hwspec D:/MyWorkSpace/ZYNQ/ARM/VDMA_HDMI/VDMA_HDMI.sdk/system_wrapper.hdf.
23:40:35 INFO  : Connected to target on host '127.0.0.1' and port '3121'.
23:40:35 INFO  : Jtag cable 'Digilent JTAG-HS1 210512180081' is selected.
23:40:35 INFO  : 'jtag frequency' command is executed.
23:40:35 INFO  : Sourcing of 'D:/MyWorkSpace/ZYNQ/ARM/VDMA_HDMI/VDMA_HDMI.sdk/system_wrapper_hw_platform_0/ps7_init.tcl' is done.
23:40:35 INFO  : Context for 'APU' is selected.
23:40:36 INFO  : System reset is completed.
23:40:39 INFO  : 'after 3000' command is executed.
23:40:39 INFO  : 'targets -set -filter {jtag_cable_name =~ "Digilent JTAG-HS1 210512180081" && level==0} -index 1' command is executed.
23:40:42 INFO  : FPGA configured successfully with bitstream "D:/MyWorkSpace/ZYNQ/ARM/VDMA_HDMI/VDMA_HDMI.sdk/system_wrapper_hw_platform_0/system_wrapper.bit"
23:40:42 INFO  : Context for 'APU' is selected.
23:40:42 INFO  : Hardware design information is loaded from 'D:/MyWorkSpace/ZYNQ/ARM/VDMA_HDMI/VDMA_HDMI.sdk/system_wrapper_hw_platform_0/system.hdf'.
23:40:42 INFO  : 'configparams force-mem-access 1' command is executed.
23:40:42 INFO  : Context for 'APU' is selected.
23:40:43 INFO  : 'ps7_init' command is executed.
23:40:43 INFO  : 'ps7_post_config' command is executed.
23:40:43 INFO  : Context for processor 'ps7_cortexa9_0' is selected.
23:40:46 INFO  : The application 'D:/MyWorkSpace/ZYNQ/ARM/VDMA_HDMI/VDMA_HDMI.sdk/hdmi_out/Debug/hdmi_out.elf' is downloaded to processor 'ps7_cortexa9_0'.
23:40:46 INFO  : 'configparams force-mem-access 0' command is executed.
23:40:46 INFO  : ----------------XSDB Script----------------
connect -url tcp:127.0.0.1:3121
source D:/MyWorkSpace/ZYNQ/ARM/VDMA_HDMI/VDMA_HDMI.sdk/system_wrapper_hw_platform_0/ps7_init.tcl
targets -set -nocase -filter {name =~"APU*" && jtag_cable_name =~ "Digilent JTAG-HS1 210512180081"} -index 0
rst -system
after 3000
targets -set -filter {jtag_cable_name =~ "Digilent JTAG-HS1 210512180081" && level==0} -index 1
fpga -file D:/MyWorkSpace/ZYNQ/ARM/VDMA_HDMI/VDMA_HDMI.sdk/system_wrapper_hw_platform_0/system_wrapper.bit
targets -set -nocase -filter {name =~"APU*" && jtag_cable_name =~ "Digilent JTAG-HS1 210512180081"} -index 0
loadhw -hw D:/MyWorkSpace/ZYNQ/ARM/VDMA_HDMI/VDMA_HDMI.sdk/system_wrapper_hw_platform_0/system.hdf -mem-ranges [list {0x40000000 0xbfffffff}]
configparams force-mem-access 1
targets -set -nocase -filter {name =~"APU*" && jtag_cable_name =~ "Digilent JTAG-HS1 210512180081"} -index 0
ps7_init
ps7_post_config
targets -set -nocase -filter {name =~ "ARM*#0" && jtag_cable_name =~ "Digilent JTAG-HS1 210512180081"} -index 0
dow D:/MyWorkSpace/ZYNQ/ARM/VDMA_HDMI/VDMA_HDMI.sdk/hdmi_out/Debug/hdmi_out.elf
configparams force-mem-access 0
----------------End of Script----------------

23:40:46 INFO  : Memory regions updated for context APU
23:40:46 INFO  : Context for processor 'ps7_cortexa9_0' is selected.
23:40:46 INFO  : 'con' command is executed.
23:40:46 INFO  : ----------------XSDB Script (After Launch)----------------
targets -set -nocase -filter {name =~ "ARM*#0" && jtag_cable_name =~ "Digilent JTAG-HS1 210512180081"} -index 0
con
----------------End of Script----------------

23:40:46 INFO  : Launch script is exported to file 'D:\MyWorkSpace\ZYNQ\ARM\VDMA_HDMI\VDMA_HDMI.sdk\.sdk\launch_scripts\xilinx_c-c++_application_(system_debugger)\system_debugger_using_debug_hdmi_out.elf_on_local.tcl'
23:42:54 INFO  : Disconnected from the channel tcfchan#1.
23:42:55 INFO  : Connected to target on host '127.0.0.1' and port '3121'.
23:42:55 INFO  : Jtag cable 'Digilent JTAG-HS1 210512180081' is selected.
23:42:55 INFO  : 'jtag frequency' command is executed.
23:42:55 INFO  : Sourcing of 'D:/MyWorkSpace/ZYNQ/ARM/VDMA_HDMI/VDMA_HDMI.sdk/system_wrapper_hw_platform_0/ps7_init.tcl' is done.
23:42:55 INFO  : Context for 'APU' is selected.
23:42:55 INFO  : System reset is completed.
23:42:58 INFO  : 'after 3000' command is executed.
23:42:58 INFO  : 'targets -set -filter {jtag_cable_name =~ "Digilent JTAG-HS1 210512180081" && level==0} -index 1' command is executed.
23:43:02 INFO  : FPGA configured successfully with bitstream "D:/MyWorkSpace/ZYNQ/ARM/VDMA_HDMI/VDMA_HDMI.sdk/system_wrapper_hw_platform_0/system_wrapper.bit"
23:43:02 INFO  : Context for 'APU' is selected.
23:43:03 INFO  : Hardware design information is loaded from 'D:/MyWorkSpace/ZYNQ/ARM/VDMA_HDMI/VDMA_HDMI.sdk/system_wrapper_hw_platform_0/system.hdf'.
23:43:03 INFO  : 'configparams force-mem-access 1' command is executed.
23:43:03 INFO  : Context for 'APU' is selected.
23:43:03 INFO  : 'ps7_init' command is executed.
23:43:03 INFO  : 'ps7_post_config' command is executed.
23:43:03 INFO  : Context for processor 'ps7_cortexa9_0' is selected.
23:43:07 INFO  : The application 'D:/MyWorkSpace/ZYNQ/ARM/VDMA_HDMI/VDMA_HDMI.sdk/hdmi_out/Debug/hdmi_out.elf' is downloaded to processor 'ps7_cortexa9_0'.
23:43:07 INFO  : 'configparams force-mem-access 0' command is executed.
23:43:07 INFO  : ----------------XSDB Script----------------
connect -url tcp:127.0.0.1:3121
source D:/MyWorkSpace/ZYNQ/ARM/VDMA_HDMI/VDMA_HDMI.sdk/system_wrapper_hw_platform_0/ps7_init.tcl
targets -set -nocase -filter {name =~"APU*" && jtag_cable_name =~ "Digilent JTAG-HS1 210512180081"} -index 0
rst -system
after 3000
targets -set -filter {jtag_cable_name =~ "Digilent JTAG-HS1 210512180081" && level==0} -index 1
fpga -file D:/MyWorkSpace/ZYNQ/ARM/VDMA_HDMI/VDMA_HDMI.sdk/system_wrapper_hw_platform_0/system_wrapper.bit
targets -set -nocase -filter {name =~"APU*" && jtag_cable_name =~ "Digilent JTAG-HS1 210512180081"} -index 0
loadhw -hw D:/MyWorkSpace/ZYNQ/ARM/VDMA_HDMI/VDMA_HDMI.sdk/system_wrapper_hw_platform_0/system.hdf -mem-ranges [list {0x40000000 0xbfffffff}]
configparams force-mem-access 1
targets -set -nocase -filter {name =~"APU*" && jtag_cable_name =~ "Digilent JTAG-HS1 210512180081"} -index 0
ps7_init
ps7_post_config
targets -set -nocase -filter {name =~ "ARM*#0" && jtag_cable_name =~ "Digilent JTAG-HS1 210512180081"} -index 0
dow D:/MyWorkSpace/ZYNQ/ARM/VDMA_HDMI/VDMA_HDMI.sdk/hdmi_out/Debug/hdmi_out.elf
configparams force-mem-access 0
----------------End of Script----------------

23:43:07 INFO  : Memory regions updated for context APU
23:43:07 INFO  : Context for processor 'ps7_cortexa9_0' is selected.
23:43:07 INFO  : 'con' command is executed.
23:43:07 INFO  : ----------------XSDB Script (After Launch)----------------
targets -set -nocase -filter {name =~ "ARM*#0" && jtag_cable_name =~ "Digilent JTAG-HS1 210512180081"} -index 0
con
----------------End of Script----------------

23:43:07 INFO  : Launch script is exported to file 'D:\MyWorkSpace\ZYNQ\ARM\VDMA_HDMI\VDMA_HDMI.sdk\.sdk\launch_scripts\xilinx_c-c++_application_(system_debugger)\system_debugger_using_debug_hdmi_out.elf_on_local.tcl'
23:45:21 INFO  : Disconnected from the channel tcfchan#2.
