#-----------------------------------------------------------
# Webtalk v2017.4 (64-bit)
# SW Build 2086221 on Fri Dec 15 20:55:39 MST 2017
# 
# Start of session at: Wed Sep 19 13:11:27 2018
# Process ID: 6048
# Current directory: F:/ax7020/2017/course_s1/09_vdma_hdmi_out/vdma_hdmi_out.sdk/webtalk
# Command line: wbtcv.exe -mode batch -source sdk_webtalk.tcl
# Log file: F:/ax7020/2017/course_s1/09_vdma_hdmi_out/vdma_hdmi_out.sdk/webtalk/webtalk.log
# Journal file: F:/ax7020/2017/course_s1/09_vdma_hdmi_out/vdma_hdmi_out.sdk/webtalk\webtalk.jou
#-----------------------------------------------------------
source sdk_webtalk.tcl
# webtalk_init -webtalk_dir F:\\ax7020\\2017\\course_s1\\09_vdma_hdmi_out\\vdma_hdmi_out.sdk\\webtalk
# webtalk_register_client -client project
# webtalk_add_data -client project -key date_generated -value "2018-09-19 13:11:26" -context "software_version_and_target_device"
# webtalk_add_data -client project -key product_version -value "SDK v2017.4" -context "software_version_and_target_device"
# webtalk_add_data -client project -key build_version -value "2017.4" -context "software_version_and_target_device"
# webtalk_add_data -client project -key os_platform -value "amd64" -context "software_version_and_target_device"
# webtalk_add_data -client project -key registration_id -value "211516290_0_0_568" -context "software_version_and_target_device"
# webtalk_add_data -client project -key tool_flow -value "SDK" -context "software_version_and_target_device"
# webtalk_add_data -client project -key beta -value "false" -context "software_version_and_target_device"
# webtalk_add_data -client project -key route_design -value "NA" -context "software_version_and_target_device"
# webtalk_add_data -client project -key target_family -value "NA" -context "software_version_and_target_device"
# webtalk_add_data -client project -key target_device -value "NA" -context "software_version_and_target_device"
# webtalk_add_data -client project -key target_package -value "NA" -context "software_version_and_target_device"
# webtalk_add_data -client project -key target_speed -value "NA" -context "software_version_and_target_device"
# webtalk_add_data -client project -key random_id -value "u4ckk8h0j9t8n11fkqcqpdj2q8" -context "software_version_and_target_device"
# webtalk_add_data -client project -key project_id -value "2017.4_128" -context "software_version_and_target_device"
# webtalk_add_data -client project -key project_iteration -value "128" -context "software_version_and_target_device"
# webtalk_add_data -client project -key os_name -value "Microsoft Windows 7 , 64-bit" -context "user_environment"
# webtalk_add_data -client project -key os_release -value "Service Pack 1  (build 7601)" -context "user_environment"
# webtalk_add_data -client project -key cpu_name -value "Intel(R) Core(TM) i5-7500 CPU @ 3.40GHz" -context "user_environment"
# webtalk_add_data -client project -key cpu_speed -value "3408 MHz" -context "user_environment"
# webtalk_add_data -client project -key total_processors -value "1" -context "user_environment"
# webtalk_add_data -client project -key system_ram -value "8.455 GB" -context "user_environment"
# webtalk_register_client -client sdk
# webtalk_add_data -client sdk -key uid -value "1537324152557" -context "sdk\\\\hardware/1537324152557"
# webtalk_add_data -client sdk -key isZynq -value "true" -context "sdk\\\\hardware/1537324152557"
# webtalk_add_data -client sdk -key isZynqMP -value "false" -context "sdk\\\\hardware/1537324152557"
# webtalk_add_data -client sdk -key Processors -value "2" -context "sdk\\\\hardware/1537324152557"
# webtalk_add_data -client sdk -key VivadoVersion -value "2017.4" -context "sdk\\\\hardware/1537324152557"
# webtalk_add_data -client sdk -key Arch -value "zynq" -context "sdk\\\\hardware/1537324152557"
# webtalk_add_data -client sdk -key Device -value "7z020" -context "sdk\\\\hardware/1537324152557"
# webtalk_add_data -client sdk -key IsHandoff -value "true" -context "sdk\\\\hardware/1537324152557"
# webtalk_add_data -client sdk -key os -value "NA" -context "sdk\\\\hardware/1537324152557"
# webtalk_add_data -client sdk -key apptemplate -value "NA" -context "sdk\\\\hardware/1537324152557"
# webtalk_add_data -client sdk -key RecordType -value "HWCreation" -context "sdk\\\\hardware/1537324152557"
# webtalk_add_data -client sdk -key uid -value "NA" -context "sdk\\\\bsp/1537333886528"
# webtalk_add_data -client sdk -key RecordType -value "ToolUsage" -context "sdk\\\\bsp/1537333886528"
# webtalk_add_data -client sdk -key BootgenCount -value "0" -context "sdk\\\\bsp/1537333886528"
# webtalk_add_data -client sdk -key DebugCount -value "4" -context "sdk\\\\bsp/1537333886528"
# webtalk_add_data -client sdk -key PerfCount -value "0" -context "sdk\\\\bsp/1537333886528"
# webtalk_add_data -client sdk -key FlashCount -value "0" -context "sdk\\\\bsp/1537333886528"
# webtalk_add_data -client sdk -key CrossTriggCount -value "0" -context "sdk\\\\bsp/1537333886528"
# webtalk_add_data -client sdk -key QemuDebugCount -value "0" -context "sdk\\\\bsp/1537333886528"
# webtalk_transmit -clientid 49624520 -regid "211516290_0_0_568" -xml F:\\ax7020\\2017\\course_s1\\09_vdma_hdmi_out\\vdma_hdmi_out.sdk\\webtalk\\usage_statistics_ext_sdk.xml -html F:\\ax7020\\2017\\course_s1\\09_vdma_hdmi_out\\vdma_hdmi_out.sdk\\webtalk\\usage_statistics_ext_sdk.html -wdm F:\\ax7020\\2017\\course_s1\\09_vdma_hdmi_out\\vdma_hdmi_out.sdk\\webtalk\\sdk_webtalk.wdm -intro "<H3>SDK Usage Report</H3><BR>"
# webtalk_terminate
INFO: [Common 17-206] Exiting Webtalk at Wed Sep 19 13:11:27 2018...
