#
# A fatal error has been detected by the Java Runtime Environment:
#
#  EXCEPTION_ACCESS_VIOLATION (0xc0000005) at pc=0x79418e58, pid=30904, tid=0x00001ab8
#
# JRE version: Java(TM) SE Runtime Environment (8.0_191-b12) (build 1.8.0_191-b12)
# Java VM: Java HotSpot(TM) Client VM (25.191-b12 mixed mode windows-x86 )
# Problematic frame:
# V  [jvm.dll+0xe8e58]
#
# Failed to write core dump. Minidumps are not enabled by default on client versions of Windows
#
# If you would like to submit a bug report, please visit:
#   http://bugreport.java.com/bugreport/crash.jsp
#

---------------  T H R E A D  ---------------

Current thread (0x26961000):  JavaThread "cc.arduino.packages.discoverers.serial.SerialDiscovery" [_thread_in_vm, id=6840, stack(0x28620000,0x28670000)]

siginfo: ExceptionCode=0xc0000005, reading address 0x00000000

Registers:
EAX=0x00000000, EBX=0x00000000, ECX=0x26961000, EDX=0x0000009f
ESP=0x2866f4fc, EBP=0x2866f528, ESI=0x00000000, EDI=0x26961000
EIP=0x79418e58, EFLAGS=0x00010246

Top of Stack: (sp=0x2866f4fc)
0x2866f4fc:   2866f664 0000ea60 79418df0 26961000
0x2866f50c:   2a760fc4 0000009f 79615568 26961000
0x2866f51c:   2a760fc4 0000009f 660070d0 2866f688
0x2866f52c:   61941812 26961140 00000000 00000000
0x2866f53c:   00000000 000010c4 0000ea60 27240000
0x2866f54c:   0dc80000 2866f574 793c8e9c 00000008
0x2866f55c:   0000ea60 000010c4 334d4f43 4330315f
0x2866f56c:   41455f34 00003036 00000000 00000000 

Instructions: (pc=0x79418e58)
0x79418e38:   e8 73 e5 f1 ff 83 c4 08 83 7f 04 00 89 7d e0 c7
0x79418e48:   45 e4 00 00 00 00 74 08 8d 4d e0 e8 08 1c 0c 00
0x79418e58:   8b 1b 85 f6 74 02 8b 36 8b 45 10 85 c0 0f 88 ea
0x79418e68:   00 00 00 3b 43 08 0f 8d e1 00 00 00 85 f6 0f 84 


Register to memory mapping:

EAX=0x00000000 is an unknown value
EBX=0x00000000 is an unknown value
ECX=0x26961000 is a thread
EDX=0x0000009f is an unknown value
ESP=0x2866f4fc is pointing into the stack for thread: 0x26961000
EBP=0x2866f528 is pointing into the stack for thread: 0x26961000
ESI=0x00000000 is an unknown value
EDI=0x26961000 is a thread


Stack: [0x28620000,0x28670000],  sp=0x2866f4fc,  free space=317k
Native frames: (J=compiled Java code, j=interpreted, Vv=VM code, C=native code)
V  [jvm.dll+0xe8e58]
C  [listSerialsj.dll+0x1812]
J 11096  processing.app.Platform.listSerialsNative()[Ljava/lang/String; (0 bytes) @ 0x0378c9d3 [0x0378c950+0x83]
j  processing.app.Platform.listSerials()Ljava/util/List;+5
j  cc.arduino.packages.discoverers.serial.SerialDiscovery.forceRefresh()V+10
j  cc.arduino.packages.discoverers.serial.SerialDiscovery$1.run()V+20
J 5872% C1 java.util.TimerThread.mainLoop()V (232 bytes) @ 0x036e9b94 [0x036e9760+0x434]
j  java.util.TimerThread.run()V+1
v  ~StubRoutines::call_stub
V  [jvm.dll+0x15c315]
V  [jvm.dll+0x223ece]
V  [jvm.dll+0x15c3ae]
V  [jvm.dll+0x15c536]
V  [jvm.dll+0x15c5a7]
V  [jvm.dll+0x1002ef]
V  [jvm.dll+0x17f550]
V  [jvm.dll+0x17fdca]
V  [jvm.dll+0x1c57a6]
C  [msvcr100.dll+0x5c556]
C  [msvcr100.dll+0x5c600]
C  [KERNEL32.DLL+0x16359]
C  [ntdll.dll+0x67c24]
C  [ntdll.dll+0x67bf4]
C  0x00000000

Java frames: (J=compiled Java code, j=interpreted, Vv=VM code)
J 11096  processing.app.Platform.listSerialsNative()[Ljava/lang/String; (0 bytes) @ 0x0378c98f [0x0378c950+0x3f]
j  processing.app.Platform.listSerials()Ljava/util/List;+5
j  cc.arduino.packages.discoverers.serial.SerialDiscovery.forceRefresh()V+10
j  cc.arduino.packages.discoverers.serial.SerialDiscovery$1.run()V+20
J 5872% C1 java.util.TimerThread.mainLoop()V (232 bytes) @ 0x036e9b94 [0x036e9760+0x434]
j  java.util.TimerThread.run()V+1
v  ~StubRoutines::call_stub

---------------  P R O C E S S  ---------------

Java Threads: ( => current thread )
  0x2b446000 JavaThread "JmDNS(172-26-58-5.local.).Timer" daemon [_thread_blocked, id=45520, stack(0x28b60000,0x28bb0000)]
  0x2b446800 JavaThread "SocketListener(172-26-58-5.local.)" daemon [_thread_in_native, id=43196, stack(0x26000000,0x26050000)]
  0x2b443400 JavaThread "JmDNS(Huang.local.).State.Timer" [_thread_blocked, id=40072, stack(0x28670000,0x286c0000)]
  0x2b445400 JavaThread "JmDNS(Huang.local.).Timer" daemon [_thread_blocked, id=32052, stack(0x28260000,0x282b0000)]
  0x2b442400 JavaThread "DestroyJavaVM" [_thread_blocked, id=3144, stack(0x02a90000,0x02ae0000)]
  0x2b444000 JavaThread "TimerQueue" daemon [_thread_blocked, id=35708, stack(0x29d40000,0x29d90000)]
  0x2b444800 JavaThread "AWT-EventQueue-0" [_thread_blocked, id=36000, stack(0x297f0000,0x29840000)]
  0x2ac73c00 JavaThread "AWT-Shutdown" [_thread_blocked, id=19992, stack(0x29760000,0x297b0000)]
  0x2ac73000 JavaThread "Batik CleanerThread" daemon [_thread_blocked, id=23492, stack(0x29340000,0x29390000)]
  0x2ac71000 JavaThread "JmDNS(Huang.local.).Timer" daemon [_thread_blocked, id=27420, stack(0x29020000,0x29070000)]
  0x2ac74400 JavaThread "SocketListener(Huang.local.)" daemon [_thread_in_native, id=20772, stack(0x28f90000,0x28fe0000)]
  0x2ac72800 JavaThread "JmDNS(Huang.local.).Timer" daemon [_thread_blocked, id=35100, stack(0x28e70000,0x28ec0000)]
  0x2ac71800 JavaThread "SocketListener(Huang.local.)" daemon [_thread_in_native, id=21460, stack(0x28de0000,0x28e30000)]
=>0x26961000 JavaThread "cc.arduino.packages.discoverers.serial.SerialDiscovery" [_thread_in_vm, id=6840, stack(0x28620000,0x28670000)]
  0x26be2000 JavaThread "AWT-Windows" daemon [_thread_in_native, id=32140, stack(0x27000000,0x27050000)]
  0x26be0800 JavaThread "Java2D Disposer" daemon [_thread_blocked, id=33956, stack(0x26ee0000,0x26f30000)]
  0x26331000 JavaThread "Service Thread" daemon [_thread_blocked, id=32752, stack(0x26810000,0x26860000)]
  0x262d9400 JavaThread "C1 CompilerThread0" daemon [_thread_blocked, id=36608, stack(0x26780000,0x267d0000)]
  0x262d8000 JavaThread "Attach Listener" daemon [_thread_blocked, id=22332, stack(0x266f0000,0x26740000)]
  0x262d6400 JavaThread "Signal Dispatcher" daemon [_thread_blocked, id=35532, stack(0x26660000,0x266b0000)]
  0x262bb000 JavaThread "Finalizer" daemon [_thread_blocked, id=35892, stack(0x26570000,0x265c0000)]
  0x262b5400 JavaThread "Reference Handler" daemon [_thread_blocked, id=25040, stack(0x264e0000,0x26530000)]

Other Threads:
  0x262a0400 VMThread [stack: 0x053b0000,0x05400000] [id=28928]
  0x2633f000 WatcherThread [stack: 0x268a0000,0x268f0000] [id=34432]

VM state:synchronizing (normal execution)

VM Mutex/Monitor currently owned by a thread:  ([mutex/lock_event])
[0x02b4c640] Threads_lock - owner thread: 0x262a0400
[0x02b4cf20] Heap_lock - owner thread: 0x2ac71000

Heap:
 def new generation   total 157248K, used 157247K [0x05400000, 0x0fea0000, 0x0fea0000)
  eden space 139776K,  99% used [0x05400000, 0x0dc7fff8, 0x0dc80000)
  from space 17472K,  99% used [0x0ed90000, 0x0fe9fff8, 0x0fea0000)
  to   space 17472K,   0% used [0x0dc80000, 0x0dc80000, 0x0ed90000)
 tenured generation   total 349568K, used 349568K [0x0fea0000, 0x25400000, 0x25400000)
   the space 349568K, 100% used [0x0fea0000, 0x25400000, 0x25400000, 0x25400000)
 Metaspace       used 25503K, capacity 26062K, committed 26240K, reserved 27008K

Card table byte_map: [0x25400000,0x25510000] byte_map_base: 0x253d6000

Polling page: 0x01230000

CodeCache: size=32768Kb used=2240Kb max_used=4844Kb free=30527Kb
 bounds [0x033b0000, 0x03870000, 0x053b0000]
 total_blobs=1290 nmethods=989 adapters=226
 compilation: enabled

Compilation events (10 events):
Event: 28562.881 Thread 0x262d9400 62815             javax.swing.text.LabelView::isSuperscript (9 bytes)
Event: 28562.881 Thread 0x262d9400 nmethod 62815 0x036958c8 code [0x036959d0, 0x03695a8c]
Event: 28562.881 Thread 0x262d9400 62816             javax.swing.text.GlyphPainter1::getHeight (14 bytes)
Event: 28562.881 Thread 0x262d9400 nmethod 62816 0x03697f08 code [0x03698010, 0x036980c8]
Event: 28565.138 Thread 0x262d9400 62817             java.awt.geom.Rectangle2D$Float::getX (6 bytes)
Event: 28565.138 Thread 0x262d9400 nmethod 62817 0x034a19c8 code [0x034a1ac0, 0x034a1b40]
Event: 28566.098 Thread 0x262d9400 62818             javax.swing.text.Segment::getIndex (5 bytes)
Event: 28566.098 Thread 0x262d9400 nmethod 62818 0x034a2f88 code [0x034a3080, 0x034a3100]
Event: 28567.067 Thread 0x262d9400 62819             sun.font.FontDesignMetrics::getHeight (35 bytes)
Event: 28567.067 Thread 0x262d9400 nmethod 62819 0x0349dc08 code [0x0349dd10, 0x0349de10]

GC Heap History (10 events):
Event: 28649.518 GC heap before
{Heap before GC invocations=7988 (full 6242):
 def new generation   total 157248K, used 157247K [0x05400000, 0x0fea0000, 0x0fea0000)
  eden space 139776K, 100% used [0x05400000, 0x0dc80000, 0x0dc80000)
  from space 17472K,  99% used [0x0ed90000, 0x0fe9fff8, 0x0fea0000)
  to   space 17472K,   0% used [0x0dc80000, 0x0dc80000, 0x0ed90000)
 tenured generation   total 349568K, used 349568K [0x0fea0000, 0x25400000, 0x25400000)
   the space 349568K, 100% used [0x0fea0000, 0x25400000, 0x25400000, 0x25400000)
 Metaspace       used 25503K, capacity 26062K, committed 26240K, reserved 27008K
Event: 28649.837 GC heap after
Heap after GC invocations=7989 (full 6243):
 def new generation   total 157248K, used 157247K [0x05400000, 0x0fea0000, 0x0fea0000)
  eden space 139776K,  99% used [0x05400000, 0x0dc7ffd0, 0x0dc80000)
  from space 17472K,  99% used [0x0ed90000, 0x0fe9fff8, 0x0fea0000)
  to   space 17472K,   0% used [0x0dc80000, 0x0dc80000, 0x0ed90000)
 tenured generation   total 349568K, used 349568K [0x0fea0000, 0x25400000, 0x25400000)
   the space 349568K, 100% used [0x0fea0000, 0x25400000, 0x25400000, 0x25400000)
 Metaspace       used 25503K, capacity 26062K, committed 26240K, reserved 27008K
}
Event: 28649.837 GC heap before
{Heap before GC invocations=7989 (full 6243):
 def new generation   total 157248K, used 157247K [0x05400000, 0x0fea0000, 0x0fea0000)
  eden space 139776K,  99% used [0x05400000, 0x0dc7fff8, 0x0dc80000)
  from space 17472K,  99% used [0x0ed90000, 0x0fe9fff8, 0x0fea0000)
  to   space 17472K,   0% used [0x0dc80000, 0x0dc80000, 0x0ed90000)
 tenured generation   total 349568K, used 349568K [0x0fea0000, 0x25400000, 0x25400000)
   the space 349568K, 100% used [0x0fea0000, 0x25400000, 0x25400000, 0x25400000)
 Metaspace       used 25503K, capacity 26062K, committed 26240K, reserved 27008K
Event: 28650.155 GC heap after
Heap after GC invocations=7990 (full 6244):
 def new generation   total 157248K, used 157247K [0x05400000, 0x0fea0000, 0x0fea0000)
  eden space 139776K,  99% used [0x05400000, 0x0dc7fff8, 0x0dc80000)
  from space 17472K,  99% used [0x0ed90000, 0x0fe9fff8, 0x0fea0000)
  to   space 17472K,   0% used [0x0dc80000, 0x0dc80000, 0x0ed90000)
 tenured generation   total 349568K, used 349568K [0x0fea0000, 0x25400000, 0x25400000)
   the space 349568K, 100% used [0x0fea0000, 0x25400000, 0x25400000, 0x25400000)
 Metaspace       used 25503K, capacity 26062K, committed 26240K, reserved 27008K
}
Event: 28650.155 GC heap before
{Heap before GC invocations=7990 (full 6244):
 def new generation   total 157248K, used 157247K [0x05400000, 0x0fea0000, 0x0fea0000)
  eden space 139776K,  99% used [0x05400000, 0x0dc7fff8, 0x0dc80000)
  from space 17472K,  99% used [0x0ed90000, 0x0fe9fff8, 0x0fea0000)
  to   space 17472K,   0% used [0x0dc80000, 0x0dc80000, 0x0ed90000)
 tenured generation   total 349568K, used 349568K [0x0fea0000, 0x25400000, 0x25400000)
   the space 349568K, 100% used [0x0fea0000, 0x25400000, 0x25400000, 0x25400000)
 Metaspace       used 25503K, capacity 26062K, committed 26240K, reserved 27008K
Event: 28650.475 GC heap after
Heap after GC invocations=7991 (full 6245):
 def new generation   total 157248K, used 157247K [0x05400000, 0x0fea0000, 0x0fea0000)
  eden space 139776K,  99% used [0x05400000, 0x0dc7fff8, 0x0dc80000)
  from space 17472K,  99% used [0x0ed90000, 0x0fe9fff8, 0x0fea0000)
  to   space 17472K,   0% used [0x0dc80000, 0x0dc80000, 0x0ed90000)
 tenured generation   total 349568K, used 349568K [0x0fea0000, 0x25400000, 0x25400000)
   the space 349568K, 100% used [0x0fea0000, 0x25400000, 0x25400000, 0x25400000)
 Metaspace       used 25503K, capacity 26062K, committed 26240K, reserved 27008K
}
Event: 28650.475 GC heap before
{Heap before GC invocations=7991 (full 6245):
 def new generation   total 157248K, used 157247K [0x05400000, 0x0fea0000, 0x0fea0000)
  eden space 139776K,  99% used [0x05400000, 0x0dc7fff8, 0x0dc80000)
  from space 17472K,  99% used [0x0ed90000, 0x0fe9fff8, 0x0fea0000)
  to   space 17472K,   0% used [0x0dc80000, 0x0dc80000, 0x0ed90000)
 tenured generation   total 349568K, used 349568K [0x0fea0000, 0x25400000, 0x25400000)
   the space 349568K, 100% used [0x0fea0000, 0x25400000, 0x25400000, 0x25400000)
 Metaspace       used 25503K, capacity 26062K, committed 26240K, reserved 27008K
Event: 28650.800 GC heap after
Heap after GC invocations=7992 (full 6246):
 def new generation   total 157248K, used 157247K [0x05400000, 0x0fea0000, 0x0fea0000)
  eden space 139776K,  99% used [0x05400000, 0x0dc7fff8, 0x0dc80000)
  from space 17472K,  99% used [0x0ed90000, 0x0fe9fff8, 0x0fea0000)
  to   space 17472K,   0% used [0x0dc80000, 0x0dc80000, 0x0ed90000)
 tenured generation   total 349568K, used 349568K [0x0fea0000, 0x25400000, 0x25400000)
   the space 349568K, 100% used [0x0fea0000, 0x25400000, 0x25400000, 0x25400000)
 Metaspace       used 25503K, capacity 26062K, committed 26240K, reserved 27008K
}
Event: 28650.800 GC heap before
{Heap before GC invocations=7992 (full 6246):
 def new generation   total 157248K, used 157247K [0x05400000, 0x0fea0000, 0x0fea0000)
  eden space 139776K,  99% used [0x05400000, 0x0dc7fff8, 0x0dc80000)
  from space 17472K,  99% used [0x0ed90000, 0x0fe9fff8, 0x0fea0000)
  to   space 17472K,   0% used [0x0dc80000, 0x0dc80000, 0x0ed90000)
 tenured generation   total 349568K, used 349568K [0x0fea0000, 0x25400000, 0x25400000)
   the space 349568K, 100% used [0x0fea0000, 0x25400000, 0x25400000, 0x25400000)
 Metaspace       used 25503K, capacity 26062K, committed 26240K, reserved 27008K
Event: 28651.119 GC heap after
Heap after GC invocations=7993 (full 6247):
 def new generation   total 157248K, used 157247K [0x05400000, 0x0fea0000, 0x0fea0000)
  eden space 139776K,  99% used [0x05400000, 0x0dc7fff8, 0x0dc80000)
  from space 17472K,  99% used [0x0ed90000, 0x0fe9fff8, 0x0fea0000)
  to   space 17472K,   0% used [0x0dc80000, 0x0dc80000, 0x0ed90000)
 tenured generation   total 349568K, used 349568K [0x0fea0000, 0x25400000, 0x25400000)
   the space 349568K, 100% used [0x0fea0000, 0x25400000, 0x25400000, 0x25400000)
 Metaspace       used 25503K, capacity 26062K, committed 26240K, reserved 27008K
}

Deoptimization events (0 events):
No events

Classes redefined (0 events):
No events

Internal exceptions (10 events):
Event: 28642.479 Thread 0x2b444800 Exception <a 'java/lang/OutOfMemoryError'> (0x0fefb268) thrown at [C:\workspace\8-2-build-windows-i586-cygwin\jdk8u191\11896\hotspot\src\share\vm\gc_interface/collectedHeap.inline.hpp, line 159]
Event: 28642.479 Thread 0x2b444800 Exception <a 'java/lang/OutOfMemoryError'> (0x0fefb268) thrown at [C:\workspace\8-2-build-windows-i586-cygwin\jdk8u191\11896\hotspot\src\share\vm\prims\jvm.cpp, line 1439]
Event: 28642.800 Thread 0x2b444800 Exception <a 'java/io/IOException'> (0x0fe9fc78) thrown at [C:\workspace\8-2-build-windows-i586-cygwin\jdk8u191\11896\hotspot\src\share\vm\prims\jni.cpp, line 709]
Event: 28644.075 Thread 0x2b444800 Exception <a 'java/io/IOException'> (0x0fe9fde0) thrown at [C:\workspace\8-2-build-windows-i586-cygwin\jdk8u191\11896\hotspot\src\share\vm\prims\jni.cpp, line 709]
Event: 28646.000 Thread 0x2b444800 Exception <a 'java/lang/OutOfMemoryError'> (0x0fefb268) thrown at [C:\workspace\8-2-build-windows-i586-cygwin\jdk8u191\11896\hotspot\src\share\vm\gc_interface/collectedHeap.inline.hpp, line 159]
Event: 28646.000 Thread 0x2b444800 Exception <a 'java/io/IOException'> (0x0fe9fe70) thrown at [C:\workspace\8-2-build-windows-i586-cygwin\jdk8u191\11896\hotspot\src\share\vm\prims\jni.cpp, line 709]
Event: 28647.281 Thread 0x2b444800 Exception <a 'java/lang/OutOfMemoryError'> (0x0fefb268) thrown at [C:\workspace\8-2-build-windows-i586-cygwin\jdk8u191\11896\hotspot\src\share\vm\gc_interface/collectedHeap.inline.hpp, line 159]
Event: 28647.281 Thread 0x2b444800 Exception <a 'java/io/IOException'> (0x0fe9fe80) thrown at [C:\workspace\8-2-build-windows-i586-cygwin\jdk8u191\11896\hotspot\src\share\vm\prims\jni.cpp, line 709]
Event: 28650.475 Thread 0x26961000 Exception <a 'java/lang/OutOfMemoryError'> (0x0fefb268) thrown at [C:\workspace\8-2-build-windows-i586-cygwin\jdk8u191\11896\hotspot\src\share\vm\gc_interface/collectedHeap.inline.hpp, line 159]
Event: 28651.119 Thread 0x26961000 Exception <a 'java/lang/OutOfMemoryError'> (0x0fefb268) thrown at [C:\workspace\8-2-build-windows-i586-cygwin\jdk8u191\11896\hotspot\src\share\vm\gc_interface/collectedHeap.inline.hpp, line 159]

Events (10 events):
Event: 28649.197 Executing VM operation: GenCollectForAllocation done
Event: 28649.197 Executing VM operation: GenCollectForAllocation
Event: 28649.517 Executing VM operation: GenCollectForAllocation done
Event: 28649.517 Executing VM operation: GenCollectForAllocation
Event: 28649.837 Executing VM operation: GenCollectForAllocation done
Event: 28649.837 Executing VM operation: GenCollectForAllocation
Event: 28650.475 Executing VM operation: GenCollectForAllocation done
Event: 28650.475 Executing VM operation: GenCollectForAllocation
Event: 28651.119 Executing VM operation: GenCollectForAllocation done
Event: 28651.119 Executing VM operation: GenCollectForAllocation


Dynamic libraries:
0x008b0000 - 0x008e3000 	D:\Arduino\java\bin\javaw.exe
0x77b10000 - 0x77caa000 	C:\WINDOWS\SYSTEM32\ntdll.dll
0x76f10000 - 0x76ff0000 	C:\WINDOWS\System32\KERNEL32.DLL
0x753a0000 - 0x7559e000 	C:\WINDOWS\System32\KERNELBASE.dll
0x767e0000 - 0x76859000 	C:\WINDOWS\System32\ADVAPI32.dll
0x76550000 - 0x7660f000 	C:\WINDOWS\System32\msvcrt.dll
0x76ff0000 - 0x77066000 	C:\WINDOWS\System32\sechost.dll
0x757f0000 - 0x758ab000 	C:\WINDOWS\System32\RPCRT4.dll
0x752e0000 - 0x75300000 	C:\WINDOWS\System32\SspiCli.dll
0x752d0000 - 0x752da000 	C:\WINDOWS\System32\CRYPTBASE.dll
0x77200000 - 0x7725f000 	C:\WINDOWS\System32\bcryptPrimitives.dll
0x75910000 - 0x75aa8000 	C:\WINDOWS\System32\USER32.dll
0x76450000 - 0x76467000 	C:\WINDOWS\System32\win32u.dll
0x76500000 - 0x76521000 	C:\WINDOWS\System32\GDI32.dll
0x762f0000 - 0x7644b000 	C:\WINDOWS\System32\gdi32full.dll
0x755a0000 - 0x7561c000 	C:\WINDOWS\System32\msvcp_win.dll
0x75620000 - 0x7573f000 	C:\WINDOWS\System32\ucrtbase.dll
0x69b50000 - 0x69d5f000 	C:\WINDOWS\WinSxS\x86_microsoft.windows.common-controls_6595b64144ccf1df_6.0.18362.1016_none_e6276d92f8de03ea\COMCTL32.dll
0x77870000 - 0x77ae5000 	C:\WINDOWS\System32\combase.dll
0x77720000 - 0x77745000 	C:\WINDOWS\System32\IMM32.DLL
0x77f40000 - 0x77fff000 	D:\Arduino\java\bin\msvcr100.dll
0x79330000 - 0x79703000 	D:\Arduino\java\bin\client\jvm.dll
0x75c40000 - 0x75c46000 	C:\WINDOWS\System32\PSAPI.DLL
0x73eb0000 - 0x73eb8000 	C:\WINDOWS\SYSTEM32\WSOCK32.dll
0x74fc0000 - 0x74fe4000 	C:\WINDOWS\SYSTEM32\WINMM.dll
0x74df0000 - 0x74df8000 	C:\WINDOWS\SYSTEM32\VERSION.dll
0x76270000 - 0x762ce000 	C:\WINDOWS\System32\WS2_32.dll
0x74e60000 - 0x74e83000 	C:\WINDOWS\SYSTEM32\winmmbase.dll
0x75350000 - 0x7538b000 	C:\WINDOWS\System32\cfgmgr32.dll
0x5fc70000 - 0x5fca0000 	D:\Arduino\java\bin\splashscreen.dll
0x741a0000 - 0x7421a000 	C:\WINDOWS\system32\uxtheme.dll
0x69470000 - 0x6947c000 	D:\Arduino\java\bin\verify.dll
0x56310000 - 0x56332000 	D:\Arduino\java\bin\java.dll
0x770f0000 - 0x771f3000 	C:\WINDOWS\System32\MSCTF.dll
0x75740000 - 0x757d2000 	C:\WINDOWS\System32\OLEAUT32.dll
0x67d80000 - 0x67d94000 	D:\Arduino\java\bin\zip.dll
0x75390000 - 0x7539f000 	C:\WINDOWS\System32\kernel.appcore.dll
0x69fa0000 - 0x6a024000 	C:\WINDOWS\System32\TextInputFramework.dll
0x69ac0000 - 0x69b49000 	C:\WINDOWS\System32\CoreMessaging.dll
0x69860000 - 0x69abe000 	C:\WINDOWS\System32\CoreUIComponents.dll
0x75bb0000 - 0x75c34000 	C:\WINDOWS\System32\SHCORE.dll
0x70670000 - 0x70699000 	C:\WINDOWS\SYSTEM32\ntmarta.dll
0x6af90000 - 0x6b06a000 	C:\WINDOWS\SYSTEM32\wintypes.dll
0x74350000 - 0x74579000 	C:\WINDOWS\System32\iertutil.dll
0x75cf0000 - 0x7626a000 	C:\WINDOWS\System32\SHELL32.dll
0x76920000 - 0x76ee3000 	C:\WINDOWS\System32\windows.storage.dll
0x76ef0000 - 0x76f0b000 	C:\WINDOWS\System32\profapi.dll
0x75c50000 - 0x75c93000 	C:\WINDOWS\System32\powrprof.dll
0x77710000 - 0x7771d000 	C:\WINDOWS\System32\UMPDC.dll
0x75ca0000 - 0x75ce4000 	C:\WINDOWS\System32\shlwapi.dll
0x77750000 - 0x77763000 	C:\WINDOWS\System32\cryptsp.dll
0x61940000 - 0x619b3000 	D:\Arduino\lib\listSerialsj.dll
0x77260000 - 0x776a9000 	C:\WINDOWS\System32\SETUPAPI.dll
0x76530000 - 0x76549000 	C:\WINDOWS\System32\bcrypt.dll
0x611c0000 - 0x611dd000 	D:\Arduino\lib\jnidispatch-4.2.2-win32-x86.dll
0x75ab0000 - 0x75ba7000 	C:\WINDOWS\System32\Ole32.dll
0x56bf0000 - 0x56c05000 	D:\Arduino\java\bin\net.dll
0x70420000 - 0x70472000 	C:\WINDOWS\system32\mswsock.dll
0x692f0000 - 0x692ff000 	D:\Arduino\java\bin\nio.dll
0x7b860000 - 0x7b9a7000 	D:\Arduino\java\bin\awt.dll
0x61110000 - 0x611af000 	C:\WINDOWS\SYSTEM32\apphelp.dll
0x74170000 - 0x74195000 	C:\WINDOWS\system32\DWMAPI.DLL
0x50d90000 - 0x50dc9000 	D:\Arduino\java\bin\fontmanager.dll
0x679c0000 - 0x67abf000 	C:\WINDOWS\system32\opengl32.dll
0x69350000 - 0x6938f000 	C:\WINDOWS\SYSTEM32\GLU32.dll
0x6ab30000 - 0x6ab49000 	C:\WINDOWS\SYSTEM32\dxcore.dll
0x50d10000 - 0x50d42000 	D:\Arduino\java\bin\t2k.dll
0x67ce0000 - 0x67cea000 	D:\Arduino\java\bin\management.dll
0x27380000 - 0x28160000 	C:\Program Files (x86)\Sangfor\SSL\ClientComponent\SangforNsp.dll
0x70280000 - 0x703a4000 	C:\WINDOWS\SYSTEM32\MFC42.DLL
0x74580000 - 0x7472a000 	C:\WINDOWS\SYSTEM32\urlmon.dll
0x703b0000 - 0x70420000 	C:\WINDOWS\SYSTEM32\MSVCP60.dll
0x74f60000 - 0x74f92000 	C:\WINDOWS\SYSTEM32\iphlpapi.dll
0x73570000 - 0x736ff000 	C:\WINDOWS\SYSTEM32\dbghelp.dll
0x70260000 - 0x70271000 	C:\WINDOWS\system32\napinsp.dll
0x70240000 - 0x70256000 	C:\WINDOWS\system32\pnrpnsp.dll
0x70220000 - 0x70236000 	C:\WINDOWS\system32\NLAapi.dll
0x70210000 - 0x70220000 	C:\WINDOWS\system32\wshbth.dll
0x71db0000 - 0x71e44000 	C:\WINDOWS\SYSTEM32\DNSAPI.dll
0x76910000 - 0x76917000 	C:\WINDOWS\System32\NSI.dll
0x70200000 - 0x7020b000 	C:\WINDOWS\System32\winrnr.dll
0x63560000 - 0x63568000 	D:\Multisim\Shared\mDNS Responder\nimdnsNSP.dll
0x63550000 - 0x6355b000 	C:\WINDOWS\SYSTEM32\nimdnsResponder.dll
0x74030000 - 0x740d3000 	C:\WINDOWS\WinSxS\x86_microsoft.vc90.crt_1fc8b3b9a1e18e3b_9.0.30729.9619_none_508d9c7abcbd32b6\MSVCR90.dll
0x70190000 - 0x701e1000 	C:\WINDOWS\System32\fwpuclnt.dll
0x701f0000 - 0x701f8000 	C:\Windows\System32\rasadhlp.dll
0x70150000 - 0x70163000 	C:\WINDOWS\SYSTEM32\dhcpcsvc6.DLL
0x74fa0000 - 0x74fb5000 	C:\WINDOWS\SYSTEM32\dhcpcsvc.DLL
0x71e80000 - 0x71eaf000 	C:\WINDOWS\system32\rsaenh.dll
0x74730000 - 0x7474e000 	C:\WINDOWS\SYSTEM32\USERENV.dll
0x70980000 - 0x709a3000 	C:\WINDOWS\SYSTEM32\DEVOBJ.dll
0x75300000 - 0x75346000 	C:\WINDOWS\System32\WINTRUST.dll
0x77af0000 - 0x77afe000 	C:\WINDOWS\System32\MSASN1.dll
0x77770000 - 0x7786b000 	C:\WINDOWS\System32\CRYPT32.dll
0x50d70000 - 0x50d90000 	D:\Arduino\java\bin\sunec.dll
0x56300000 - 0x56309000 	D:\Arduino\java\bin\sunmscapi.dll
0x77ed0000 - 0x77f39000 	D:\Arduino\msvcp100.dll
0x79710000 - 0x797ce000 	D:\Arduino\msvcr100.dll
0x030a0000 - 0x030d2000 	D:\Arduino\lib\AStylej.dll
0x50070000 - 0x50094000 	D:\Arduino\java\bin\dcpr.dll
0x60e80000 - 0x60fe9000 	C:\WINDOWS\SYSTEM32\WindowsCodecs.dll
0x69e70000 - 0x69ea1000 	C:\WINDOWS\system32\dataexchange.dll
0x6ac20000 - 0x6adfe000 	C:\WINDOWS\system32\d3d11.dll
0x5a6b0000 - 0x5a81a000 	C:\WINDOWS\system32\dcomp.dll
0x6ab50000 - 0x6ac11000 	C:\WINDOWS\system32\dxgi.dll
0x614d0000 - 0x616b5000 	C:\WINDOWS\system32\twinapi.appcore.dll
0x614b0000 - 0x614cf000 	C:\WINDOWS\system32\RMCLIENT.dll
0x64000000 - 0x6401b000 	D:\Arduino\lib\jSSC-2.8_x86.dll

VM Arguments:
jvm_args: -Dsun.java2d.d3d=false -Djna.nosys=true -Djna.nounpack=true -Djna.boot.library.name=jnidispatch-4.2.2-win32-x86 -Djna.boot.library.path=D:\Arduino/lib -Djssc.library.path=D:\Arduino/lib -DAPP_DIR=D:\Arduino -Xms128M -Xmx512M -Dfile.encoding=UTF8 -Djava.net.preferIPv4Stack=true 
java_command: processing.app.Base D:\MyWorkSpace\ESP32\Arduino\radar_iic\radar_iic.ino
java_class_path (initial): D:\Arduino\lib\apple.jar;D:\Arduino\lib\arduino-core.jar;D:\Arduino\lib\batik-1.8.jar;D:\Arduino\lib\batik-anim-1.8.jar;D:\Arduino\lib\batik-awt-util-1.8.jar;D:\Arduino\lib\batik-bridge-1.8.jar;D:\Arduino\lib\batik-codec-1.8.jar;D:\Arduino\lib\batik-css-1.8.jar;D:\Arduino\lib\batik-dom-1.8.jar;D:\Arduino\lib\batik-ext-1.8.jar;D:\Arduino\lib\batik-gvt-1.8.jar;D:\Arduino\lib\batik-parser-1.8.jar;D:\Arduino\lib\batik-rasterizer-1.8.jar;D:\Arduino\lib\batik-script-1.8.jar;D:\Arduino\lib\batik-squiggle-1.8.jar;D:\Arduino\lib\batik-svg-dom-1.8.jar;D:\Arduino\lib\batik-svgpp-1.8.jar;D:\Arduino\lib\batik-transcoder-1.8.jar;D:\Arduino\lib\batik-util-1.8.jar;D:\Arduino\lib\batik-xml-1.8.jar;D:\Arduino\lib\bcpg-jdk15on-152.jar;D:\Arduino\lib\bcprov-jdk15on-152.jar;D:\Arduino\lib\commons-codec-1.7.jar;D:\Arduino\lib\commons-compress-1.8.jar;D:\Arduino\lib\commons-exec-1.1.jar;D:\Arduino\lib\commons-httpclient-3.1.jar;D:\Arduino\lib\commons-lang3-3.8.1.jar;D:\Arduino\lib\commons-logging-1.0.4.jar;D:\Arduino\lib\commons-net-3.3.jar;D:\Arduino\lib\commons-io-2.6.jar;D:\Arduino\lib\jackson-annotations-2.9.5.jar;D:\Arduino\lib\jackson-core-2.9.5.jar;D:\Arduino\lib\jackson-databind-2.9.5.jar;D:\Arduino\lib\java-semver-0.8.0.jar;D:\Arduino\lib\jmdns-3.5.5.jar;D:\Arduino\lib\jtouchbar-1.0.0.jar;D:\Arduino\lib\log4j-api-2.12.0.jar;D:\Arduino\lib\log4j-core-2.12.0.jar;D:\Arduino\lib\slf4j-simple-1.7.22.jar;D:\Arduino\lib\slf4j-api-1.7.22.jar;D:\Arduino\lib\jna-4.2.2.jar;D:\Arduino\lib\jna-platform-4.2.2.jar;D:\Arduino\lib\jsch-0.1.50.jar;D:\Arduino\lib\jssc-2.8.0-arduino4.jar;D:\Arduino\lib\pde.jar;D:\Arduino\lib\rsyntaxtextarea-3.0.3-SNAPSHOT.jar;D:\Arduino\lib\xml-apis-1.3.04.jar;D:\Arduino\lib\xml-apis-ext-1.3.04.jar;D:\Arduino\lib\xmlgraphics-commons-2.0.jar
Launcher Type: SUN_STANDARD

Environment Variables:
PATH=D:\xshell6\Xlpd 6\;D:\xshell6\Xshell 6\;D:\xshell6\Xmanager 6\;C:\Program Files (x86)\Common Files\Oracle\Java\javapath;C:\Windows\system32;C:\Windows;C:\Windows\System32\Wbem;C:\Windows\System32\WindowsPowerShell\v1.0\;C:\Windows\System32\OpenSSH\;C:\Program Files\NVIDIA Corporation\NVIDIA NvDLISR;C:\WINDOWS\system32;C:\WINDOWS;C:\WINDOWS\System32\Wbem;C:\WINDOWS\System32\WindowsPowerShell\v1.0\;C:\WINDOWS\System32\OpenSSH\;C:\mingw64\bin;D:\Xilinx\Vivado\2018.3\bin;C:\Program Files (x86)\Windows Kits\8.1\Windows Performance Toolkit\;D:\python\Scripts\;D:\python\;D:\opencv\mingw-build\install\x64\mingw\bin;D:\Tesseract_OCR;D:\Git\cmd;C:\Program Files\dotnet\;D:\MATLAB\runtime\win64;D:\MATLAB\bin;C:\Users\80944\AppData\Local\Microsoft\WindowsApps;D:\Microsoft VS Code\bin;C:\mingw64\bin;;D:\Arduino\java\bin
USERNAME=80944
OS=Windows_NT
PROCESSOR_IDENTIFIER=Intel64 Family 6 Model 142 Stepping 12, GenuineIntel



---------------  S Y S T E M  ---------------

OS: Windows 10.0 , 64 bit Build 18362 (10.0.18362.959)

CPU:total 8 (initial active 8) (4 cores per cpu, 2 threads per core) family 6 model 142 stepping 12, cmov, cx8, fxsr, mmx, sse, sse2, sse3, ssse3, sse4.1, sse4.2, popcnt, avx, avx2, aes, clmul, erms, 3dnowpref, lzcnt, ht, tsc, tscinvbit, bmi1, bmi2, adx

Memory: 4k page, physical 16603172k(7216324k free), swap 17829956k(3602368k free)

vm_info: Java HotSpot(TM) Client VM (25.191-b12) for windows-x86 JRE (1.8.0_191-b12), built on Oct  6 2018 08:34:23 by "java_re" with MS VC++ 10.0 (VS2010)

time: Sat Sep 12 22:33:37 2020
elapsed time: 28651 seconds (0d 7h 57m 31s)

