10:11:23 INFO  : Registering command handlers for SDK TCF services
10:11:24 INFO  : Launching XSCT server: xsct.bat -interactive D:\MyWorkSpace\ZYNQ\ARM\LWIP\LWIP.sdk\temp_xsdb_launch_script.tcl
10:11:26 INFO  : XSCT server has started successfully.
10:11:26 INFO  : Successfully done setting XSCT server connection channel  
10:11:26 INFO  : Successfully done setting SDK workspace  
10:11:26 INFO  : Processing command line option -hwspec D:/MyWorkSpace/ZYNQ/ARM/LWIP/LWIP.sdk/system_wrapper.hdf.
10:13:41 INFO  : Connected to target on host '127.0.0.1' and port '3121'.
10:13:41 INFO  : Jtag cable 'Digilent JTAG-HS1 210512180081' is selected.
10:13:41 INFO  : 'jtag frequency' command is executed.
10:13:41 INFO  : Sourcing of 'D:/MyWorkSpace/ZYNQ/ARM/LWIP/LWIP.sdk/system_wrapper_hw_platform_0/ps7_init.tcl' is done.
10:13:45 ERROR : no targets found with "name =~"APU*" && jtag_cable_name =~ "Digilent JTAG-HS1 210512180081"". available targets:
  1  DAP (JTAG port open error. AP transaction error, DAP status 30000021)
  2  xc7z020
10:13:45 INFO  : ----------------XSDB Script----------------
connect -url tcp:127.0.0.1:3121
source D:/MyWorkSpace/ZYNQ/ARM/LWIP/LWIP.sdk/system_wrapper_hw_platform_0/ps7_init.tcl
targets -set -nocase -filter {name =~"APU*" && jtag_cable_name =~ "Digilent JTAG-HS1 210512180081"} -index 0
----------------End of Script----------------

10:15:39 INFO  : Connected to target on host '127.0.0.1' and port '3121'.
10:15:48 INFO  : ----------------XSDB Script----------------
connect -url tcp:127.0.0.1:3121
----------------End of Script----------------

10:23:35 INFO  : Registering command handlers for SDK TCF services
10:23:36 INFO  : Launching XSCT server: xsct.bat -interactive D:\MyWorkSpace\ZYNQ\ARM\LWIP\LWIP.sdk\temp_xsdb_launch_script.tcl
10:23:41 INFO  : XSCT server has started successfully.
10:23:42 INFO  : Successfully done setting XSCT server connection channel  
10:23:42 INFO  : Successfully done setting SDK workspace  
10:23:42 INFO  : Processing command line option -hwspec D:/MyWorkSpace/ZYNQ/ARM/LWIP/LWIP.sdk/system_wrapper.hdf.
10:23:42 INFO  : Checking for hwspec changes in the project system_wrapper_hw_platform_0.
10:24:40 INFO  : Connected to target on host '127.0.0.1' and port '3121'.
10:24:40 INFO  : Jtag cable 'Digilent JTAG-HS1 210512180081' is selected.
10:24:40 INFO  : 'jtag frequency' command is executed.
10:24:40 INFO  : Sourcing of 'D:/MyWorkSpace/ZYNQ/ARM/LWIP/LWIP.sdk/system_wrapper_hw_platform_0/ps7_init.tcl' is done.
10:24:40 INFO  : Context for 'APU' is selected.
10:24:40 INFO  : System reset is completed.
10:24:43 INFO  : 'after 3000' command is executed.
10:24:43 INFO  : Context for 'APU' is selected.
10:24:43 INFO  : Hardware design information is loaded from 'D:/MyWorkSpace/ZYNQ/ARM/LWIP/LWIP.sdk/system_wrapper_hw_platform_0/system.hdf'.
10:24:43 INFO  : 'configparams force-mem-access 1' command is executed.
10:24:43 INFO  : Context for 'APU' is selected.
10:24:44 INFO  : 'ps7_init' command is executed.
10:24:44 INFO  : 'ps7_post_config' command is executed.
10:24:44 INFO  : Context for processor 'ps7_cortexa9_0' is selected.
10:24:44 INFO  : The application 'D:/MyWorkSpace/ZYNQ/ARM/LWIP/LWIP.sdk/lwip/Debug/lwip.elf' is downloaded to processor 'ps7_cortexa9_0'.
10:24:44 INFO  : 'configparams force-mem-access 0' command is executed.
10:24:44 INFO  : ----------------XSDB Script----------------
connect -url tcp:127.0.0.1:3121
source D:/MyWorkSpace/ZYNQ/ARM/LWIP/LWIP.sdk/system_wrapper_hw_platform_0/ps7_init.tcl
targets -set -nocase -filter {name =~"APU*" && jtag_cable_name =~ "Digilent JTAG-HS1 210512180081"} -index 0
rst -system
after 3000
targets -set -nocase -filter {name =~"APU*" && jtag_cable_name =~ "Digilent JTAG-HS1 210512180081"} -index 0
loadhw -hw D:/MyWorkSpace/ZYNQ/ARM/LWIP/LWIP.sdk/system_wrapper_hw_platform_0/system.hdf -mem-ranges [list {0x40000000 0xbfffffff}]
configparams force-mem-access 1
targets -set -nocase -filter {name =~"APU*" && jtag_cable_name =~ "Digilent JTAG-HS1 210512180081"} -index 0
ps7_init
ps7_post_config
targets -set -nocase -filter {name =~ "ARM*#0" && jtag_cable_name =~ "Digilent JTAG-HS1 210512180081"} -index 0
dow D:/MyWorkSpace/ZYNQ/ARM/LWIP/LWIP.sdk/lwip/Debug/lwip.elf
configparams force-mem-access 0
----------------End of Script----------------

10:24:44 INFO  : Context for processor 'ps7_cortexa9_0' is selected.
10:24:44 INFO  : 'con' command is executed.
10:24:44 INFO  : ----------------XSDB Script (After Launch)----------------
targets -set -nocase -filter {name =~ "ARM*#0" && jtag_cable_name =~ "Digilent JTAG-HS1 210512180081"} -index 0
con
----------------End of Script----------------

10:24:44 INFO  : Launch script is exported to file 'D:\MyWorkSpace\ZYNQ\ARM\LWIP\LWIP.sdk\.sdk\launch_scripts\xilinx_c-c++_application_(system_debugger)\system_debugger_on_local.tcl'
11:22:08 INFO  : Disconnected from the channel tcfchan#1.
11:22:10 INFO  : Connected to target on host '127.0.0.1' and port '3121'.
11:22:12 INFO  : Jtag cable 'Digilent JTAG-HS1 210512180081' is selected.
11:22:12 INFO  : 'jtag frequency' command is executed.
11:22:12 INFO  : Sourcing of 'D:/MyWorkSpace/ZYNQ/ARM/LWIP/LWIP.sdk/system_wrapper_hw_platform_0/ps7_init.tcl' is done.
11:22:12 INFO  : Context for 'APU' is selected.
11:22:12 INFO  : System reset is completed.
11:22:15 INFO  : 'after 3000' command is executed.
11:22:15 INFO  : Context for 'APU' is selected.
11:22:17 INFO  : Hardware design information is loaded from 'D:/MyWorkSpace/ZYNQ/ARM/LWIP/LWIP.sdk/system_wrapper_hw_platform_0/system.hdf'.
11:22:17 INFO  : 'configparams force-mem-access 1' command is executed.
11:22:17 INFO  : Context for 'APU' is selected.
11:22:18 INFO  : 'ps7_init' command is executed.
11:22:18 INFO  : 'ps7_post_config' command is executed.
11:22:18 INFO  : Context for processor 'ps7_cortexa9_0' is selected.
11:22:18 INFO  : The application 'D:/MyWorkSpace/ZYNQ/ARM/LWIP/LWIP.sdk/lwip/Debug/lwip.elf' is downloaded to processor 'ps7_cortexa9_0'.
11:22:18 INFO  : 'configparams force-mem-access 0' command is executed.
11:22:18 INFO  : ----------------XSDB Script----------------
connect -url tcp:127.0.0.1:3121
source D:/MyWorkSpace/ZYNQ/ARM/LWIP/LWIP.sdk/system_wrapper_hw_platform_0/ps7_init.tcl
targets -set -nocase -filter {name =~"APU*" && jtag_cable_name =~ "Digilent JTAG-HS1 210512180081"} -index 0
rst -system
after 3000
targets -set -nocase -filter {name =~"APU*" && jtag_cable_name =~ "Digilent JTAG-HS1 210512180081"} -index 0
loadhw -hw D:/MyWorkSpace/ZYNQ/ARM/LWIP/LWIP.sdk/system_wrapper_hw_platform_0/system.hdf -mem-ranges [list {0x40000000 0xbfffffff}]
configparams force-mem-access 1
targets -set -nocase -filter {name =~"APU*" && jtag_cable_name =~ "Digilent JTAG-HS1 210512180081"} -index 0
ps7_init
ps7_post_config
targets -set -nocase -filter {name =~ "ARM*#0" && jtag_cable_name =~ "Digilent JTAG-HS1 210512180081"} -index 0
dow D:/MyWorkSpace/ZYNQ/ARM/LWIP/LWIP.sdk/lwip/Debug/lwip.elf
configparams force-mem-access 0
----------------End of Script----------------

11:22:18 INFO  : Context for processor 'ps7_cortexa9_0' is selected.
11:22:18 INFO  : 'con' command is executed.
11:22:18 INFO  : ----------------XSDB Script (After Launch)----------------
targets -set -nocase -filter {name =~ "ARM*#0" && jtag_cable_name =~ "Digilent JTAG-HS1 210512180081"} -index 0
con
----------------End of Script----------------

11:22:18 INFO  : Launch script is exported to file 'D:\MyWorkSpace\ZYNQ\ARM\LWIP\LWIP.sdk\.sdk\launch_scripts\xilinx_c-c++_application_(system_debugger)\system_debugger_on_local.tcl'
11:23:24 INFO  : Disconnected from the channel tcfchan#2.
