10:54:39 INFO  : Registering command handlers for SDK TCF services
10:54:44 INFO  : Launching XSCT server: xsct.bat -interactive D:\MyWorkSpace\ZYNQ\ARM\AXI_GPIO\AXI_GPIO.sdk\temp_xsdb_launch_script.tcl
10:54:48 INFO  : XSCT server has started successfully.
10:54:49 INFO  : Successfully done setting XSCT server connection channel  
10:54:49 INFO  : Successfully done setting SDK workspace  
10:54:49 INFO  : Processing command line option -hwspec D:/MyWorkSpace/ZYNQ/ARM/AXI_GPIO/AXI_GPIO.sdk/system_wrapper.hdf.
10:57:17 INFO  : Example project axi_gpio_bsp_xgpio_intr_tapp_example_1 has been created successfully.
11:16:42 INFO  : Registering command handlers for SDK TCF services
11:16:42 INFO  : Launching XSCT server: xsct.bat -interactive D:\MyWorkSpace\ZYNQ\ARM\AXI_GPIO\AXI_GPIO.sdk\temp_xsdb_launch_script.tcl
11:16:45 INFO  : XSCT server has started successfully.
11:16:45 INFO  : Successfully done setting XSCT server connection channel  
11:16:45 INFO  : Successfully done setting SDK workspace  
11:16:45 INFO  : Processing command line option -hwspec D:/MyWorkSpace/ZYNQ/ARM/AXI_GPIO/AXI_GPIO.sdk/system_wrapper.hdf.
11:16:45 INFO  : Checking for hwspec changes in the project system_wrapper_hw_platform_0.
17:12:38 INFO  : Connected to target on host '127.0.0.1' and port '3121'.
17:12:39 INFO  : Jtag cable 'Digilent JTAG-HS1 210512180081' is selected.
17:12:39 INFO  : 'jtag frequency' command is executed.
17:12:39 INFO  : Sourcing of 'D:/MyWorkSpace/ZYNQ/ARM/AXI_GPIO/AXI_GPIO.sdk/system_wrapper_hw_platform_0/ps7_init.tcl' is done.
17:12:39 INFO  : Context for 'APU' is selected.
17:12:39 INFO  : System reset is completed.
17:12:42 INFO  : 'after 3000' command is executed.
17:12:42 INFO  : 'targets -set -filter {jtag_cable_name =~ "Digilent JTAG-HS1 210512180081" && level==0} -index 1' command is executed.
17:12:45 INFO  : FPGA configured successfully with bitstream "D:/MyWorkSpace/ZYNQ/ARM/AXI_GPIO/AXI_GPIO.sdk/system_wrapper_hw_platform_0/system_wrapper.bit"
17:12:45 INFO  : Context for 'APU' is selected.
17:12:45 INFO  : Hardware design information is loaded from 'D:/MyWorkSpace/ZYNQ/ARM/AXI_GPIO/AXI_GPIO.sdk/system_wrapper_hw_platform_0/system.hdf'.
17:12:45 INFO  : 'configparams force-mem-access 1' command is executed.
17:12:45 INFO  : Context for 'APU' is selected.
17:12:46 INFO  : 'ps7_init' command is executed.
17:12:46 INFO  : 'ps7_post_config' command is executed.
17:12:46 INFO  : 'configparams force-mem-access 0' command is executed.
17:12:46 INFO  : ----------------XSDB Script----------------
connect -url tcp:127.0.0.1:3121
source D:/MyWorkSpace/ZYNQ/ARM/AXI_GPIO/AXI_GPIO.sdk/system_wrapper_hw_platform_0/ps7_init.tcl
targets -set -nocase -filter {name =~"APU*" && jtag_cable_name =~ "Digilent JTAG-HS1 210512180081"} -index 0
rst -system
after 3000
targets -set -filter {jtag_cable_name =~ "Digilent JTAG-HS1 210512180081" && level==0} -index 1
fpga -file D:/MyWorkSpace/ZYNQ/ARM/AXI_GPIO/AXI_GPIO.sdk/system_wrapper_hw_platform_0/system_wrapper.bit
targets -set -nocase -filter {name =~"APU*" && jtag_cable_name =~ "Digilent JTAG-HS1 210512180081"} -index 0
loadhw -hw D:/MyWorkSpace/ZYNQ/ARM/AXI_GPIO/AXI_GPIO.sdk/system_wrapper_hw_platform_0/system.hdf -mem-ranges [list {0x40000000 0xbfffffff}]
configparams force-mem-access 1
targets -set -nocase -filter {name =~"APU*" && jtag_cable_name =~ "Digilent JTAG-HS1 210512180081"} -index 0
ps7_init
ps7_post_config
configparams force-mem-access 0
----------------End of Script----------------

17:12:46 INFO  : Disconnected from the channel tcfchan#1.
17:13:11 INFO  : Connected to target on host '127.0.0.1' and port '3121'.
17:13:11 INFO  : Jtag cable 'Digilent JTAG-HS1 210512180081' is selected.
17:13:11 INFO  : 'jtag frequency' command is executed.
17:13:11 INFO  : Sourcing of 'D:/MyWorkSpace/ZYNQ/ARM/AXI_GPIO/AXI_GPIO.sdk/system_wrapper_hw_platform_0/ps7_init.tcl' is done.
17:13:11 INFO  : Context for 'APU' is selected.
17:13:11 INFO  : System reset is completed.
17:13:14 INFO  : 'after 3000' command is executed.
17:13:14 INFO  : 'targets -set -filter {jtag_cable_name =~ "Digilent JTAG-HS1 210512180081" && level==0} -index 1' command is executed.
17:13:18 INFO  : FPGA configured successfully with bitstream "D:/MyWorkSpace/ZYNQ/ARM/AXI_GPIO/AXI_GPIO.sdk/system_wrapper_hw_platform_0/system_wrapper.bit"
17:13:18 INFO  : Context for 'APU' is selected.
17:13:19 INFO  : Hardware design information is loaded from 'D:/MyWorkSpace/ZYNQ/ARM/AXI_GPIO/AXI_GPIO.sdk/system_wrapper_hw_platform_0/system.hdf'.
17:13:19 INFO  : 'configparams force-mem-access 1' command is executed.
17:13:19 INFO  : Context for 'APU' is selected.
17:13:20 INFO  : 'ps7_init' command is executed.
17:13:20 INFO  : 'ps7_post_config' command is executed.
17:13:20 INFO  : 'configparams force-mem-access 0' command is executed.
17:13:20 INFO  : ----------------XSDB Script----------------
connect -url tcp:127.0.0.1:3121
source D:/MyWorkSpace/ZYNQ/ARM/AXI_GPIO/AXI_GPIO.sdk/system_wrapper_hw_platform_0/ps7_init.tcl
targets -set -nocase -filter {name =~"APU*" && jtag_cable_name =~ "Digilent JTAG-HS1 210512180081"} -index 0
rst -system
after 3000
targets -set -filter {jtag_cable_name =~ "Digilent JTAG-HS1 210512180081" && level==0} -index 1
fpga -file D:/MyWorkSpace/ZYNQ/ARM/AXI_GPIO/AXI_GPIO.sdk/system_wrapper_hw_platform_0/system_wrapper.bit
targets -set -nocase -filter {name =~"APU*" && jtag_cable_name =~ "Digilent JTAG-HS1 210512180081"} -index 0
loadhw -hw D:/MyWorkSpace/ZYNQ/ARM/AXI_GPIO/AXI_GPIO.sdk/system_wrapper_hw_platform_0/system.hdf -mem-ranges [list {0x40000000 0xbfffffff}]
configparams force-mem-access 1
targets -set -nocase -filter {name =~"APU*" && jtag_cable_name =~ "Digilent JTAG-HS1 210512180081"} -index 0
ps7_init
ps7_post_config
configparams force-mem-access 0
----------------End of Script----------------

17:13:20 INFO  : Disconnected from the channel tcfchan#2.
18:09:42 INFO  : Connected to target on host '127.0.0.1' and port '3121'.
18:09:42 INFO  : Jtag cable 'Digilent JTAG-HS1 210512180081' is selected.
18:09:42 INFO  : 'jtag frequency' command is executed.
18:09:42 INFO  : Sourcing of 'D:/MyWorkSpace/ZYNQ/ARM/AXI_GPIO/AXI_GPIO.sdk/system_wrapper_hw_platform_0/ps7_init.tcl' is done.
18:09:42 INFO  : Context for 'APU' is selected.
18:09:43 INFO  : System reset is completed.
18:09:46 INFO  : 'after 3000' command is executed.
18:09:46 INFO  : 'targets -set -filter {jtag_cable_name =~ "Digilent JTAG-HS1 210512180081" && level==0} -index 1' command is executed.
18:09:49 INFO  : FPGA configured successfully with bitstream "D:/MyWorkSpace/ZYNQ/ARM/AXI_GPIO/AXI_GPIO.sdk/system_wrapper_hw_platform_0/system_wrapper.bit"
18:09:49 INFO  : Context for 'APU' is selected.
18:09:50 INFO  : Hardware design information is loaded from 'D:/MyWorkSpace/ZYNQ/ARM/AXI_GPIO/AXI_GPIO.sdk/system_wrapper_hw_platform_0/system.hdf'.
18:09:50 INFO  : 'configparams force-mem-access 1' command is executed.
18:09:50 INFO  : Context for 'APU' is selected.
18:09:51 INFO  : 'ps7_init' command is executed.
18:09:51 INFO  : 'ps7_post_config' command is executed.
18:09:51 INFO  : 'configparams force-mem-access 0' command is executed.
18:09:51 INFO  : ----------------XSDB Script----------------
connect -url tcp:127.0.0.1:3121
source D:/MyWorkSpace/ZYNQ/ARM/AXI_GPIO/AXI_GPIO.sdk/system_wrapper_hw_platform_0/ps7_init.tcl
targets -set -nocase -filter {name =~"APU*" && jtag_cable_name =~ "Digilent JTAG-HS1 210512180081"} -index 0
rst -system
after 3000
targets -set -filter {jtag_cable_name =~ "Digilent JTAG-HS1 210512180081" && level==0} -index 1
fpga -file D:/MyWorkSpace/ZYNQ/ARM/AXI_GPIO/AXI_GPIO.sdk/system_wrapper_hw_platform_0/system_wrapper.bit
targets -set -nocase -filter {name =~"APU*" && jtag_cable_name =~ "Digilent JTAG-HS1 210512180081"} -index 0
loadhw -hw D:/MyWorkSpace/ZYNQ/ARM/AXI_GPIO/AXI_GPIO.sdk/system_wrapper_hw_platform_0/system.hdf -mem-ranges [list {0x40000000 0xbfffffff}]
configparams force-mem-access 1
targets -set -nocase -filter {name =~"APU*" && jtag_cable_name =~ "Digilent JTAG-HS1 210512180081"} -index 0
ps7_init
ps7_post_config
configparams force-mem-access 0
----------------End of Script----------------

18:09:51 INFO  : Disconnected from the channel tcfchan#3.
18:10:20 INFO  : Connected to target on host '127.0.0.1' and port '3121'.
18:10:20 INFO  : Jtag cable 'Digilent JTAG-HS1 210512180081' is selected.
18:10:20 INFO  : 'jtag frequency' command is executed.
18:10:20 INFO  : Sourcing of 'D:/MyWorkSpace/ZYNQ/ARM/AXI_GPIO/AXI_GPIO.sdk/system_wrapper_hw_platform_0/ps7_init.tcl' is done.
18:10:20 INFO  : Context for 'APU' is selected.
18:10:21 INFO  : System reset is completed.
18:10:24 INFO  : 'after 3000' command is executed.
18:10:24 INFO  : 'targets -set -filter {jtag_cable_name =~ "Digilent JTAG-HS1 210512180081" && level==0} -index 1' command is executed.
18:10:27 INFO  : FPGA configured successfully with bitstream "D:/MyWorkSpace/ZYNQ/ARM/AXI_GPIO/AXI_GPIO.sdk/system_wrapper_hw_platform_0/system_wrapper.bit"
18:10:27 INFO  : Context for 'APU' is selected.
18:10:29 INFO  : Hardware design information is loaded from 'D:/MyWorkSpace/ZYNQ/ARM/AXI_GPIO/AXI_GPIO.sdk/system_wrapper_hw_platform_0/system.hdf'.
18:10:29 INFO  : 'configparams force-mem-access 1' command is executed.
18:10:29 INFO  : Context for 'APU' is selected.
18:10:29 INFO  : 'ps7_init' command is executed.
18:10:29 INFO  : 'ps7_post_config' command is executed.
18:10:29 INFO  : 'configparams force-mem-access 0' command is executed.
18:10:29 INFO  : ----------------XSDB Script----------------
connect -url tcp:127.0.0.1:3121
source D:/MyWorkSpace/ZYNQ/ARM/AXI_GPIO/AXI_GPIO.sdk/system_wrapper_hw_platform_0/ps7_init.tcl
targets -set -nocase -filter {name =~"APU*" && jtag_cable_name =~ "Digilent JTAG-HS1 210512180081"} -index 0
rst -system
after 3000
targets -set -filter {jtag_cable_name =~ "Digilent JTAG-HS1 210512180081" && level==0} -index 1
fpga -file D:/MyWorkSpace/ZYNQ/ARM/AXI_GPIO/AXI_GPIO.sdk/system_wrapper_hw_platform_0/system_wrapper.bit
targets -set -nocase -filter {name =~"APU*" && jtag_cable_name =~ "Digilent JTAG-HS1 210512180081"} -index 0
loadhw -hw D:/MyWorkSpace/ZYNQ/ARM/AXI_GPIO/AXI_GPIO.sdk/system_wrapper_hw_platform_0/system.hdf -mem-ranges [list {0x40000000 0xbfffffff}]
configparams force-mem-access 1
targets -set -nocase -filter {name =~"APU*" && jtag_cable_name =~ "Digilent JTAG-HS1 210512180081"} -index 0
ps7_init
ps7_post_config
configparams force-mem-access 0
----------------End of Script----------------

18:10:29 INFO  : Disconnected from the channel tcfchan#4.
18:11:02 INFO  : 'targets -set -filter {jtag_cable_name =~ "Digilent JTAG-HS1 210512180081" && level==0} -index 1' command is executed.
18:11:02 INFO  : 'fpga -state' command is executed.
18:11:02 INFO  : Connected to target on host '127.0.0.1' and port '3121'.
18:11:02 INFO  : Jtag cable 'Digilent JTAG-HS1 210512180081' is selected.
18:11:02 INFO  : 'jtag frequency' command is executed.
18:11:02 INFO  : Sourcing of 'D:/MyWorkSpace/ZYNQ/ARM/AXI_GPIO/AXI_GPIO.sdk/system_wrapper_hw_platform_0/ps7_init.tcl' is done.
18:11:02 INFO  : Context for 'APU' is selected.
18:11:04 INFO  : Hardware design information is loaded from 'D:/MyWorkSpace/ZYNQ/ARM/AXI_GPIO/AXI_GPIO.sdk/system_wrapper_hw_platform_0/system.hdf'.
18:11:04 INFO  : 'configparams force-mem-access 1' command is executed.
18:11:04 INFO  : Context for 'APU' is selected.
18:11:04 INFO  : 'stop' command is executed.
18:11:04 INFO  : 'ps7_init' command is executed.
18:11:04 INFO  : 'ps7_post_config' command is executed.
18:11:04 INFO  : Context for processor 'ps7_cortexa9_0' is selected.
18:11:04 INFO  : Processor reset is completed for 'ps7_cortexa9_0'.
18:11:04 INFO  : Context for processor 'ps7_cortexa9_0' is selected.
18:11:04 INFO  : The application 'D:/MyWorkSpace/ZYNQ/ARM/AXI_GPIO/AXI_GPIO.sdk/axi_gpio/Debug/axi_gpio.elf' is downloaded to processor 'ps7_cortexa9_0'.
18:11:04 INFO  : 'configparams force-mem-access 0' command is executed.
18:11:04 INFO  : ----------------XSDB Script----------------
connect -url tcp:127.0.0.1:3121
source D:/MyWorkSpace/ZYNQ/ARM/AXI_GPIO/AXI_GPIO.sdk/system_wrapper_hw_platform_0/ps7_init.tcl
targets -set -nocase -filter {name =~"APU*" && jtag_cable_name =~ "Digilent JTAG-HS1 210512180081"} -index 0
loadhw -hw D:/MyWorkSpace/ZYNQ/ARM/AXI_GPIO/AXI_GPIO.sdk/system_wrapper_hw_platform_0/system.hdf -mem-ranges [list {0x40000000 0xbfffffff}]
configparams force-mem-access 1
targets -set -nocase -filter {name =~"APU*" && jtag_cable_name =~ "Digilent JTAG-HS1 210512180081"} -index 0
stop
ps7_init
ps7_post_config
targets -set -nocase -filter {name =~ "ARM*#0" && jtag_cable_name =~ "Digilent JTAG-HS1 210512180081"} -index 0
rst -processor
targets -set -nocase -filter {name =~ "ARM*#0" && jtag_cable_name =~ "Digilent JTAG-HS1 210512180081"} -index 0
dow D:/MyWorkSpace/ZYNQ/ARM/AXI_GPIO/AXI_GPIO.sdk/axi_gpio/Debug/axi_gpio.elf
configparams force-mem-access 0
----------------End of Script----------------

18:11:04 INFO  : Memory regions updated for context APU
18:11:04 INFO  : Context for processor 'ps7_cortexa9_0' is selected.
18:11:04 INFO  : 'con' command is executed.
18:11:04 INFO  : ----------------XSDB Script (After Launch)----------------
targets -set -nocase -filter {name =~ "ARM*#0" && jtag_cable_name =~ "Digilent JTAG-HS1 210512180081"} -index 0
con
----------------End of Script----------------

18:11:04 INFO  : Launch script is exported to file 'D:\MyWorkSpace\ZYNQ\ARM\AXI_GPIO\AXI_GPIO.sdk\.sdk\launch_scripts\xilinx_c-c++_application_(system_debugger)\system_debugger_using_debug_axi_gpio.elf_on_local.tcl'
18:14:30 INFO  : Disconnected from the channel tcfchan#5.
18:14:31 INFO  : 'targets -set -filter {jtag_cable_name =~ "Digilent JTAG-HS1 210512180081" && level==0} -index 1' command is executed.
18:14:31 INFO  : 'fpga -state' command is executed.
18:14:31 INFO  : Connected to target on host '127.0.0.1' and port '3121'.
18:14:31 INFO  : Jtag cable 'Digilent JTAG-HS1 210512180081' is selected.
18:14:31 INFO  : 'jtag frequency' command is executed.
18:14:31 INFO  : Sourcing of 'D:/MyWorkSpace/ZYNQ/ARM/AXI_GPIO/AXI_GPIO.sdk/system_wrapper_hw_platform_0/ps7_init.tcl' is done.
18:14:31 INFO  : Context for 'APU' is selected.
18:14:32 INFO  : Hardware design information is loaded from 'D:/MyWorkSpace/ZYNQ/ARM/AXI_GPIO/AXI_GPIO.sdk/system_wrapper_hw_platform_0/system.hdf'.
18:14:32 INFO  : 'configparams force-mem-access 1' command is executed.
18:14:32 INFO  : Context for 'APU' is selected.
18:14:32 INFO  : 'stop' command is executed.
18:14:32 INFO  : 'ps7_init' command is executed.
18:14:32 INFO  : 'ps7_post_config' command is executed.
18:14:32 INFO  : Context for processor 'ps7_cortexa9_0' is selected.
18:14:32 INFO  : Processor reset is completed for 'ps7_cortexa9_0'.
18:14:32 INFO  : Context for processor 'ps7_cortexa9_0' is selected.
18:14:33 INFO  : The application 'D:/MyWorkSpace/ZYNQ/ARM/AXI_GPIO/AXI_GPIO.sdk/axi_gpio/Debug/axi_gpio.elf' is downloaded to processor 'ps7_cortexa9_0'.
18:14:33 INFO  : 'configparams force-mem-access 0' command is executed.
18:14:33 INFO  : ----------------XSDB Script----------------
connect -url tcp:127.0.0.1:3121
source D:/MyWorkSpace/ZYNQ/ARM/AXI_GPIO/AXI_GPIO.sdk/system_wrapper_hw_platform_0/ps7_init.tcl
targets -set -nocase -filter {name =~"APU*" && jtag_cable_name =~ "Digilent JTAG-HS1 210512180081"} -index 0
loadhw -hw D:/MyWorkSpace/ZYNQ/ARM/AXI_GPIO/AXI_GPIO.sdk/system_wrapper_hw_platform_0/system.hdf -mem-ranges [list {0x40000000 0xbfffffff}]
configparams force-mem-access 1
targets -set -nocase -filter {name =~"APU*" && jtag_cable_name =~ "Digilent JTAG-HS1 210512180081"} -index 0
stop
ps7_init
ps7_post_config
targets -set -nocase -filter {name =~ "ARM*#0" && jtag_cable_name =~ "Digilent JTAG-HS1 210512180081"} -index 0
rst -processor
targets -set -nocase -filter {name =~ "ARM*#0" && jtag_cable_name =~ "Digilent JTAG-HS1 210512180081"} -index 0
dow D:/MyWorkSpace/ZYNQ/ARM/AXI_GPIO/AXI_GPIO.sdk/axi_gpio/Debug/axi_gpio.elf
configparams force-mem-access 0
----------------End of Script----------------

18:14:33 INFO  : Memory regions updated for context APU
18:14:33 INFO  : Context for processor 'ps7_cortexa9_0' is selected.
18:14:33 INFO  : 'con' command is executed.
18:14:33 INFO  : ----------------XSDB Script (After Launch)----------------
targets -set -nocase -filter {name =~ "ARM*#0" && jtag_cable_name =~ "Digilent JTAG-HS1 210512180081"} -index 0
con
----------------End of Script----------------

18:14:33 INFO  : Launch script is exported to file 'D:\MyWorkSpace\ZYNQ\ARM\AXI_GPIO\AXI_GPIO.sdk\.sdk\launch_scripts\xilinx_c-c++_application_(system_debugger)\system_debugger_using_debug_axi_gpio.elf_on_local.tcl'
18:15:07 INFO  : Disconnected from the channel tcfchan#6.
18:15:08 INFO  : 'targets -set -filter {jtag_cable_name =~ "Digilent JTAG-HS1 210512180081" && level==0} -index 1' command is executed.
18:15:08 INFO  : 'fpga -state' command is executed.
18:15:08 INFO  : Connected to target on host '127.0.0.1' and port '3121'.
18:15:08 INFO  : Jtag cable 'Digilent JTAG-HS1 210512180081' is selected.
18:15:08 INFO  : 'jtag frequency' command is executed.
18:15:08 INFO  : Sourcing of 'D:/MyWorkSpace/ZYNQ/ARM/AXI_GPIO/AXI_GPIO.sdk/system_wrapper_hw_platform_0/ps7_init.tcl' is done.
18:15:08 INFO  : Context for 'APU' is selected.
18:15:09 INFO  : Hardware design information is loaded from 'D:/MyWorkSpace/ZYNQ/ARM/AXI_GPIO/AXI_GPIO.sdk/system_wrapper_hw_platform_0/system.hdf'.
18:15:09 INFO  : 'configparams force-mem-access 1' command is executed.
18:15:09 INFO  : Context for 'APU' is selected.
18:15:09 INFO  : 'stop' command is executed.
18:15:09 INFO  : 'ps7_init' command is executed.
18:15:09 INFO  : 'ps7_post_config' command is executed.
18:15:09 INFO  : Context for processor 'ps7_cortexa9_0' is selected.
18:15:09 INFO  : Processor reset is completed for 'ps7_cortexa9_0'.
18:15:09 INFO  : Context for processor 'ps7_cortexa9_0' is selected.
18:15:10 INFO  : The application 'D:/MyWorkSpace/ZYNQ/ARM/AXI_GPIO/AXI_GPIO.sdk/axi_gpio/Debug/axi_gpio.elf' is downloaded to processor 'ps7_cortexa9_0'.
18:15:10 INFO  : 'configparams force-mem-access 0' command is executed.
18:15:10 INFO  : ----------------XSDB Script----------------
connect -url tcp:127.0.0.1:3121
source D:/MyWorkSpace/ZYNQ/ARM/AXI_GPIO/AXI_GPIO.sdk/system_wrapper_hw_platform_0/ps7_init.tcl
targets -set -nocase -filter {name =~"APU*" && jtag_cable_name =~ "Digilent JTAG-HS1 210512180081"} -index 0
loadhw -hw D:/MyWorkSpace/ZYNQ/ARM/AXI_GPIO/AXI_GPIO.sdk/system_wrapper_hw_platform_0/system.hdf -mem-ranges [list {0x40000000 0xbfffffff}]
configparams force-mem-access 1
targets -set -nocase -filter {name =~"APU*" && jtag_cable_name =~ "Digilent JTAG-HS1 210512180081"} -index 0
stop
ps7_init
ps7_post_config
targets -set -nocase -filter {name =~ "ARM*#0" && jtag_cable_name =~ "Digilent JTAG-HS1 210512180081"} -index 0
rst -processor
targets -set -nocase -filter {name =~ "ARM*#0" && jtag_cable_name =~ "Digilent JTAG-HS1 210512180081"} -index 0
dow D:/MyWorkSpace/ZYNQ/ARM/AXI_GPIO/AXI_GPIO.sdk/axi_gpio/Debug/axi_gpio.elf
configparams force-mem-access 0
----------------End of Script----------------

18:15:10 INFO  : Memory regions updated for context APU
18:15:10 INFO  : Context for processor 'ps7_cortexa9_0' is selected.
18:15:10 INFO  : 'con' command is executed.
18:15:10 INFO  : ----------------XSDB Script (After Launch)----------------
targets -set -nocase -filter {name =~ "ARM*#0" && jtag_cable_name =~ "Digilent JTAG-HS1 210512180081"} -index 0
con
----------------End of Script----------------

18:15:10 INFO  : Launch script is exported to file 'D:\MyWorkSpace\ZYNQ\ARM\AXI_GPIO\AXI_GPIO.sdk\.sdk\launch_scripts\xilinx_c-c++_application_(system_debugger)\system_debugger_using_debug_axi_gpio.elf_on_local.tcl'
18:16:30 INFO  : Connected to target on host '127.0.0.1' and port '3121'.
18:16:30 INFO  : 'targets -set -filter {jtag_cable_name =~ "Digilent JTAG-HS1 210512180081" && level==0} -index 1' command is executed.
18:16:33 INFO  : FPGA configured successfully with bitstream "D:/MyWorkSpace/ZYNQ/ARM/AXI_GPIO/AXI_GPIO.sdk/system_wrapper_hw_platform_0/system_wrapper.bit"
18:17:21 INFO  : Disconnected from the channel tcfchan#7.
18:17:22 INFO  : 'targets -set -filter {jtag_cable_name =~ "Digilent JTAG-HS1 210512180081" && level==0} -index 1' command is executed.
18:17:22 INFO  : 'fpga -state' command is executed.
18:17:22 INFO  : Connected to target on host '127.0.0.1' and port '3121'.
18:17:22 INFO  : Jtag cable 'Digilent JTAG-HS1 210512180081' is selected.
18:17:22 INFO  : 'jtag frequency' command is executed.
18:17:22 INFO  : Sourcing of 'D:/MyWorkSpace/ZYNQ/ARM/AXI_GPIO/AXI_GPIO.sdk/system_wrapper_hw_platform_0/ps7_init.tcl' is done.
18:17:22 INFO  : Context for 'APU' is selected.
18:17:24 INFO  : Hardware design information is loaded from 'D:/MyWorkSpace/ZYNQ/ARM/AXI_GPIO/AXI_GPIO.sdk/system_wrapper_hw_platform_0/system.hdf'.
18:17:24 INFO  : 'configparams force-mem-access 1' command is executed.
18:17:24 INFO  : Context for 'APU' is selected.
18:17:24 INFO  : 'stop' command is executed.
18:17:24 INFO  : 'ps7_init' command is executed.
18:17:24 INFO  : 'ps7_post_config' command is executed.
18:17:24 INFO  : Context for processor 'ps7_cortexa9_0' is selected.
18:17:24 INFO  : Processor reset is completed for 'ps7_cortexa9_0'.
18:17:24 INFO  : Context for processor 'ps7_cortexa9_0' is selected.
18:17:24 INFO  : The application 'D:/MyWorkSpace/ZYNQ/ARM/AXI_GPIO/AXI_GPIO.sdk/axi_gpio/Debug/axi_gpio.elf' is downloaded to processor 'ps7_cortexa9_0'.
18:17:24 INFO  : 'configparams force-mem-access 0' command is executed.
18:17:24 INFO  : ----------------XSDB Script----------------
connect -url tcp:127.0.0.1:3121
source D:/MyWorkSpace/ZYNQ/ARM/AXI_GPIO/AXI_GPIO.sdk/system_wrapper_hw_platform_0/ps7_init.tcl
targets -set -nocase -filter {name =~"APU*" && jtag_cable_name =~ "Digilent JTAG-HS1 210512180081"} -index 0
loadhw -hw D:/MyWorkSpace/ZYNQ/ARM/AXI_GPIO/AXI_GPIO.sdk/system_wrapper_hw_platform_0/system.hdf -mem-ranges [list {0x40000000 0xbfffffff}]
configparams force-mem-access 1
targets -set -nocase -filter {name =~"APU*" && jtag_cable_name =~ "Digilent JTAG-HS1 210512180081"} -index 0
stop
ps7_init
ps7_post_config
targets -set -nocase -filter {name =~ "ARM*#0" && jtag_cable_name =~ "Digilent JTAG-HS1 210512180081"} -index 0
rst -processor
targets -set -nocase -filter {name =~ "ARM*#0" && jtag_cable_name =~ "Digilent JTAG-HS1 210512180081"} -index 0
dow D:/MyWorkSpace/ZYNQ/ARM/AXI_GPIO/AXI_GPIO.sdk/axi_gpio/Debug/axi_gpio.elf
configparams force-mem-access 0
----------------End of Script----------------

18:17:24 INFO  : Memory regions updated for context APU
18:17:24 INFO  : Context for processor 'ps7_cortexa9_0' is selected.
18:17:24 INFO  : 'con' command is executed.
18:17:24 INFO  : ----------------XSDB Script (After Launch)----------------
targets -set -nocase -filter {name =~ "ARM*#0" && jtag_cable_name =~ "Digilent JTAG-HS1 210512180081"} -index 0
con
----------------End of Script----------------

18:17:24 INFO  : Launch script is exported to file 'D:\MyWorkSpace\ZYNQ\ARM\AXI_GPIO\AXI_GPIO.sdk\.sdk\launch_scripts\xilinx_c-c++_application_(system_debugger)\system_debugger_using_debug_axi_gpio.elf_on_local.tcl'
18:17:39 INFO  : Disconnected from the channel tcfchan#8.
18:17:40 INFO  : 'targets -set -filter {jtag_cable_name =~ "Digilent JTAG-HS1 210512180081" && level==0} -index 1' command is executed.
18:17:40 INFO  : 'fpga -state' command is executed.
18:17:40 INFO  : Connected to target on host '127.0.0.1' and port '3121'.
18:17:40 INFO  : Jtag cable 'Digilent JTAG-HS1 210512180081' is selected.
18:17:40 INFO  : 'jtag frequency' command is executed.
18:17:40 INFO  : Sourcing of 'D:/MyWorkSpace/ZYNQ/ARM/AXI_GPIO/AXI_GPIO.sdk/system_wrapper_hw_platform_0/ps7_init.tcl' is done.
18:17:40 INFO  : Context for 'APU' is selected.
18:17:41 INFO  : Hardware design information is loaded from 'D:/MyWorkSpace/ZYNQ/ARM/AXI_GPIO/AXI_GPIO.sdk/system_wrapper_hw_platform_0/system.hdf'.
18:17:41 INFO  : 'configparams force-mem-access 1' command is executed.
18:17:42 INFO  : Context for 'APU' is selected.
18:17:42 INFO  : 'stop' command is executed.
18:17:42 INFO  : 'ps7_init' command is executed.
18:17:42 INFO  : 'ps7_post_config' command is executed.
18:17:42 INFO  : Context for processor 'ps7_cortexa9_0' is selected.
18:17:42 INFO  : Processor reset is completed for 'ps7_cortexa9_0'.
18:17:42 INFO  : Context for processor 'ps7_cortexa9_0' is selected.
18:17:42 INFO  : The application 'D:/MyWorkSpace/ZYNQ/ARM/AXI_GPIO/AXI_GPIO.sdk/axi_gpio/Debug/axi_gpio.elf' is downloaded to processor 'ps7_cortexa9_0'.
18:17:42 INFO  : 'configparams force-mem-access 0' command is executed.
18:17:42 INFO  : ----------------XSDB Script----------------
connect -url tcp:127.0.0.1:3121
source D:/MyWorkSpace/ZYNQ/ARM/AXI_GPIO/AXI_GPIO.sdk/system_wrapper_hw_platform_0/ps7_init.tcl
targets -set -nocase -filter {name =~"APU*" && jtag_cable_name =~ "Digilent JTAG-HS1 210512180081"} -index 0
loadhw -hw D:/MyWorkSpace/ZYNQ/ARM/AXI_GPIO/AXI_GPIO.sdk/system_wrapper_hw_platform_0/system.hdf -mem-ranges [list {0x40000000 0xbfffffff}]
configparams force-mem-access 1
targets -set -nocase -filter {name =~"APU*" && jtag_cable_name =~ "Digilent JTAG-HS1 210512180081"} -index 0
stop
ps7_init
ps7_post_config
targets -set -nocase -filter {name =~ "ARM*#0" && jtag_cable_name =~ "Digilent JTAG-HS1 210512180081"} -index 0
rst -processor
targets -set -nocase -filter {name =~ "ARM*#0" && jtag_cable_name =~ "Digilent JTAG-HS1 210512180081"} -index 0
dow D:/MyWorkSpace/ZYNQ/ARM/AXI_GPIO/AXI_GPIO.sdk/axi_gpio/Debug/axi_gpio.elf
configparams force-mem-access 0
----------------End of Script----------------

18:17:42 INFO  : Memory regions updated for context APU
18:17:42 INFO  : Context for processor 'ps7_cortexa9_0' is selected.
18:17:42 INFO  : 'con' command is executed.
18:17:42 INFO  : ----------------XSDB Script (After Launch)----------------
targets -set -nocase -filter {name =~ "ARM*#0" && jtag_cable_name =~ "Digilent JTAG-HS1 210512180081"} -index 0
con
----------------End of Script----------------

18:17:42 INFO  : Launch script is exported to file 'D:\MyWorkSpace\ZYNQ\ARM\AXI_GPIO\AXI_GPIO.sdk\.sdk\launch_scripts\xilinx_c-c++_application_(system_debugger)\system_debugger_using_debug_axi_gpio.elf_on_local.tcl'
18:27:56 INFO  : Disconnected from the channel tcfchan#9.
18:27:57 INFO  : 'targets -set -filter {jtag_cable_name =~ "Digilent JTAG-HS1 210512180081" && level==0} -index 1' command is executed.
18:27:57 INFO  : 'fpga -state' command is executed.
18:27:57 INFO  : Connected to target on host '127.0.0.1' and port '3121'.
18:27:58 INFO  : Jtag cable 'Digilent JTAG-HS1 210512180081' is selected.
18:27:58 INFO  : 'jtag frequency' command is executed.
18:27:58 INFO  : Sourcing of 'D:/MyWorkSpace/ZYNQ/ARM/AXI_GPIO/AXI_GPIO.sdk/system_wrapper_hw_platform_0/ps7_init.tcl' is done.
18:27:58 INFO  : Context for 'APU' is selected.
18:27:59 INFO  : Hardware design information is loaded from 'D:/MyWorkSpace/ZYNQ/ARM/AXI_GPIO/AXI_GPIO.sdk/system_wrapper_hw_platform_0/system.hdf'.
18:27:59 INFO  : 'configparams force-mem-access 1' command is executed.
18:27:59 INFO  : Context for 'APU' is selected.
18:27:59 INFO  : 'stop' command is executed.
18:27:59 INFO  : 'ps7_init' command is executed.
18:27:59 INFO  : 'ps7_post_config' command is executed.
18:27:59 INFO  : Context for processor 'ps7_cortexa9_0' is selected.
18:27:59 INFO  : Processor reset is completed for 'ps7_cortexa9_0'.
18:27:59 INFO  : Context for processor 'ps7_cortexa9_0' is selected.
18:27:59 INFO  : The application 'D:/MyWorkSpace/ZYNQ/ARM/AXI_GPIO/AXI_GPIO.sdk/axi_gpio/Debug/axi_gpio.elf' is downloaded to processor 'ps7_cortexa9_0'.
18:27:59 INFO  : 'configparams force-mem-access 0' command is executed.
18:27:59 INFO  : ----------------XSDB Script----------------
connect -url tcp:127.0.0.1:3121
source D:/MyWorkSpace/ZYNQ/ARM/AXI_GPIO/AXI_GPIO.sdk/system_wrapper_hw_platform_0/ps7_init.tcl
targets -set -nocase -filter {name =~"APU*" && jtag_cable_name =~ "Digilent JTAG-HS1 210512180081"} -index 0
loadhw -hw D:/MyWorkSpace/ZYNQ/ARM/AXI_GPIO/AXI_GPIO.sdk/system_wrapper_hw_platform_0/system.hdf -mem-ranges [list {0x40000000 0xbfffffff}]
configparams force-mem-access 1
targets -set -nocase -filter {name =~"APU*" && jtag_cable_name =~ "Digilent JTAG-HS1 210512180081"} -index 0
stop
ps7_init
ps7_post_config
targets -set -nocase -filter {name =~ "ARM*#0" && jtag_cable_name =~ "Digilent JTAG-HS1 210512180081"} -index 0
rst -processor
targets -set -nocase -filter {name =~ "ARM*#0" && jtag_cable_name =~ "Digilent JTAG-HS1 210512180081"} -index 0
dow D:/MyWorkSpace/ZYNQ/ARM/AXI_GPIO/AXI_GPIO.sdk/axi_gpio/Debug/axi_gpio.elf
configparams force-mem-access 0
----------------End of Script----------------

18:27:59 INFO  : Memory regions updated for context APU
18:27:59 INFO  : Context for processor 'ps7_cortexa9_0' is selected.
18:27:59 INFO  : 'con' command is executed.
18:27:59 INFO  : ----------------XSDB Script (After Launch)----------------
targets -set -nocase -filter {name =~ "ARM*#0" && jtag_cable_name =~ "Digilent JTAG-HS1 210512180081"} -index 0
con
----------------End of Script----------------

18:27:59 INFO  : Launch script is exported to file 'D:\MyWorkSpace\ZYNQ\ARM\AXI_GPIO\AXI_GPIO.sdk\.sdk\launch_scripts\xilinx_c-c++_application_(system_debugger)\system_debugger_using_debug_axi_gpio.elf_on_local.tcl'
18:28:49 INFO  : Disconnected from the channel tcfchan#10.
18:28:50 INFO  : 'targets -set -filter {jtag_cable_name =~ "Digilent JTAG-HS1 210512180081" && level==0} -index 1' command is executed.
18:28:50 INFO  : 'fpga -state' command is executed.
18:28:50 INFO  : Connected to target on host '127.0.0.1' and port '3121'.
18:28:50 INFO  : Jtag cable 'Digilent JTAG-HS1 210512180081' is selected.
18:28:50 INFO  : 'jtag frequency' command is executed.
18:28:50 INFO  : Sourcing of 'D:/MyWorkSpace/ZYNQ/ARM/AXI_GPIO/AXI_GPIO.sdk/system_wrapper_hw_platform_0/ps7_init.tcl' is done.
18:28:50 INFO  : Context for 'APU' is selected.
18:28:51 INFO  : Hardware design information is loaded from 'D:/MyWorkSpace/ZYNQ/ARM/AXI_GPIO/AXI_GPIO.sdk/system_wrapper_hw_platform_0/system.hdf'.
18:28:51 INFO  : 'configparams force-mem-access 1' command is executed.
18:28:51 INFO  : Context for 'APU' is selected.
18:28:51 INFO  : 'stop' command is executed.
18:28:51 INFO  : 'ps7_init' command is executed.
18:28:51 INFO  : 'ps7_post_config' command is executed.
18:28:51 INFO  : Context for processor 'ps7_cortexa9_0' is selected.
18:28:51 INFO  : Processor reset is completed for 'ps7_cortexa9_0'.
18:28:51 INFO  : Context for processor 'ps7_cortexa9_0' is selected.
18:28:52 INFO  : The application 'D:/MyWorkSpace/ZYNQ/ARM/AXI_GPIO/AXI_GPIO.sdk/axi_gpio/Debug/axi_gpio.elf' is downloaded to processor 'ps7_cortexa9_0'.
18:28:52 INFO  : 'configparams force-mem-access 0' command is executed.
18:28:52 INFO  : ----------------XSDB Script----------------
connect -url tcp:127.0.0.1:3121
source D:/MyWorkSpace/ZYNQ/ARM/AXI_GPIO/AXI_GPIO.sdk/system_wrapper_hw_platform_0/ps7_init.tcl
targets -set -nocase -filter {name =~"APU*" && jtag_cable_name =~ "Digilent JTAG-HS1 210512180081"} -index 0
loadhw -hw D:/MyWorkSpace/ZYNQ/ARM/AXI_GPIO/AXI_GPIO.sdk/system_wrapper_hw_platform_0/system.hdf -mem-ranges [list {0x40000000 0xbfffffff}]
configparams force-mem-access 1
targets -set -nocase -filter {name =~"APU*" && jtag_cable_name =~ "Digilent JTAG-HS1 210512180081"} -index 0
stop
ps7_init
ps7_post_config
targets -set -nocase -filter {name =~ "ARM*#0" && jtag_cable_name =~ "Digilent JTAG-HS1 210512180081"} -index 0
rst -processor
targets -set -nocase -filter {name =~ "ARM*#0" && jtag_cable_name =~ "Digilent JTAG-HS1 210512180081"} -index 0
dow D:/MyWorkSpace/ZYNQ/ARM/AXI_GPIO/AXI_GPIO.sdk/axi_gpio/Debug/axi_gpio.elf
configparams force-mem-access 0
----------------End of Script----------------

18:28:52 INFO  : Memory regions updated for context APU
18:28:52 INFO  : Context for processor 'ps7_cortexa9_0' is selected.
18:28:52 INFO  : 'con' command is executed.
18:28:52 INFO  : ----------------XSDB Script (After Launch)----------------
targets -set -nocase -filter {name =~ "ARM*#0" && jtag_cable_name =~ "Digilent JTAG-HS1 210512180081"} -index 0
con
----------------End of Script----------------

18:28:52 INFO  : Launch script is exported to file 'D:\MyWorkSpace\ZYNQ\ARM\AXI_GPIO\AXI_GPIO.sdk\.sdk\launch_scripts\xilinx_c-c++_application_(system_debugger)\system_debugger_using_debug_axi_gpio.elf_on_local.tcl'
18:29:09 INFO  : Disconnected from the channel tcfchan#11.
18:29:10 INFO  : 'targets -set -filter {jtag_cable_name =~ "Digilent JTAG-HS1 210512180081" && level==0} -index 1' command is executed.
18:29:10 INFO  : 'fpga -state' command is executed.
18:29:17 INFO  : Memory regions updated for context APU
18:29:29 INFO  : 'targets -set -filter {jtag_cable_name =~ "Digilent JTAG-HS1 210512180081" && level==0} -index 1' command is executed.
18:29:29 INFO  : 'fpga -state' command is executed.
18:29:31 INFO  : Memory regions updated for context APU
18:29:35 INFO  : Connected to target on host '127.0.0.1' and port '3121'.
18:29:35 INFO  : 'targets -set -filter {jtag_cable_name =~ "Digilent JTAG-HS1 210512180081" && level==0} -index 1' command is executed.
18:29:39 INFO  : FPGA configured successfully with bitstream "D:/MyWorkSpace/ZYNQ/ARM/AXI_GPIO/AXI_GPIO.sdk/system_wrapper_hw_platform_0/system_wrapper.bit"
18:29:56 INFO  : 'targets -set -filter {jtag_cable_name =~ "Digilent JTAG-HS1 210512180081" && level==0} -index 1' command is executed.
18:29:56 INFO  : 'fpga -state' command is executed.
18:29:56 INFO  : Connected to target on host '127.0.0.1' and port '3121'.
18:29:57 INFO  : Jtag cable 'Digilent JTAG-HS1 210512180081' is selected.
18:29:57 INFO  : 'jtag frequency' command is executed.
18:29:57 INFO  : Sourcing of 'D:/MyWorkSpace/ZYNQ/ARM/AXI_GPIO/AXI_GPIO.sdk/system_wrapper_hw_platform_0/ps7_init.tcl' is done.
18:29:57 INFO  : Context for 'APU' is selected.
18:29:57 INFO  : Hardware design information is loaded from 'D:/MyWorkSpace/ZYNQ/ARM/AXI_GPIO/AXI_GPIO.sdk/system_wrapper_hw_platform_0/system.hdf'.
18:29:57 INFO  : 'configparams force-mem-access 1' command is executed.
18:29:57 INFO  : Context for 'APU' is selected.
18:29:57 INFO  : 'stop' command is executed.
18:29:57 INFO  : 'ps7_init' command is executed.
18:29:57 INFO  : 'ps7_post_config' command is executed.
18:29:57 INFO  : Context for processor 'ps7_cortexa9_0' is selected.
18:29:57 INFO  : Processor reset is completed for 'ps7_cortexa9_0'.
18:29:57 INFO  : Context for processor 'ps7_cortexa9_0' is selected.
18:29:57 INFO  : The application 'D:/MyWorkSpace/ZYNQ/ARM/AXI_GPIO/AXI_GPIO.sdk/axi_gpio/Debug/axi_gpio.elf' is downloaded to processor 'ps7_cortexa9_0'.
18:29:57 INFO  : 'configparams force-mem-access 0' command is executed.
18:29:57 INFO  : ----------------XSDB Script----------------
connect -url tcp:127.0.0.1:3121
source D:/MyWorkSpace/ZYNQ/ARM/AXI_GPIO/AXI_GPIO.sdk/system_wrapper_hw_platform_0/ps7_init.tcl
targets -set -nocase -filter {name =~"APU*" && jtag_cable_name =~ "Digilent JTAG-HS1 210512180081"} -index 0
loadhw -hw D:/MyWorkSpace/ZYNQ/ARM/AXI_GPIO/AXI_GPIO.sdk/system_wrapper_hw_platform_0/system.hdf -mem-ranges [list {0x40000000 0xbfffffff}]
configparams force-mem-access 1
targets -set -nocase -filter {name =~"APU*" && jtag_cable_name =~ "Digilent JTAG-HS1 210512180081"} -index 0
stop
ps7_init
ps7_post_config
targets -set -nocase -filter {name =~ "ARM*#0" && jtag_cable_name =~ "Digilent JTAG-HS1 210512180081"} -index 0
rst -processor
targets -set -nocase -filter {name =~ "ARM*#0" && jtag_cable_name =~ "Digilent JTAG-HS1 210512180081"} -index 0
dow D:/MyWorkSpace/ZYNQ/ARM/AXI_GPIO/AXI_GPIO.sdk/axi_gpio/Debug/axi_gpio.elf
configparams force-mem-access 0
----------------End of Script----------------

18:29:57 INFO  : Memory regions updated for context APU
18:29:57 INFO  : Context for processor 'ps7_cortexa9_0' is selected.
18:29:57 INFO  : 'con' command is executed.
18:29:57 INFO  : ----------------XSDB Script (After Launch)----------------
targets -set -nocase -filter {name =~ "ARM*#0" && jtag_cable_name =~ "Digilent JTAG-HS1 210512180081"} -index 0
con
----------------End of Script----------------

18:29:57 INFO  : Launch script is exported to file 'D:\MyWorkSpace\ZYNQ\ARM\AXI_GPIO\AXI_GPIO.sdk\.sdk\launch_scripts\xilinx_c-c++_application_(system_debugger)\system_debugger_using_debug_axi_gpio.elf_on_local.tcl'
18:31:24 INFO  : Disconnected from the channel tcfchan#12.
18:31:25 INFO  : 'targets -set -filter {jtag_cable_name =~ "Digilent JTAG-HS1 210512180081" && level==0} -index 1' command is executed.
18:31:25 INFO  : 'fpga -state' command is executed.
18:31:25 INFO  : Connected to target on host '127.0.0.1' and port '3121'.
18:31:25 INFO  : Jtag cable 'Digilent JTAG-HS1 210512180081' is selected.
18:31:25 INFO  : 'jtag frequency' command is executed.
18:31:25 INFO  : Sourcing of 'D:/MyWorkSpace/ZYNQ/ARM/AXI_GPIO/AXI_GPIO.sdk/system_wrapper_hw_platform_0/ps7_init.tcl' is done.
18:31:25 INFO  : Context for 'APU' is selected.
18:31:26 INFO  : Hardware design information is loaded from 'D:/MyWorkSpace/ZYNQ/ARM/AXI_GPIO/AXI_GPIO.sdk/system_wrapper_hw_platform_0/system.hdf'.
18:31:26 INFO  : 'configparams force-mem-access 1' command is executed.
18:31:26 INFO  : Context for 'APU' is selected.
18:31:26 INFO  : 'stop' command is executed.
18:31:27 INFO  : 'ps7_init' command is executed.
18:31:27 INFO  : 'ps7_post_config' command is executed.
18:31:27 INFO  : Context for processor 'ps7_cortexa9_0' is selected.
18:31:27 INFO  : Processor reset is completed for 'ps7_cortexa9_0'.
18:31:27 INFO  : Context for processor 'ps7_cortexa9_0' is selected.
18:31:27 INFO  : The application 'D:/MyWorkSpace/ZYNQ/ARM/AXI_GPIO/AXI_GPIO.sdk/axi_gpio/Debug/axi_gpio.elf' is downloaded to processor 'ps7_cortexa9_0'.
18:31:27 INFO  : 'configparams force-mem-access 0' command is executed.
18:31:27 INFO  : ----------------XSDB Script----------------
connect -url tcp:127.0.0.1:3121
source D:/MyWorkSpace/ZYNQ/ARM/AXI_GPIO/AXI_GPIO.sdk/system_wrapper_hw_platform_0/ps7_init.tcl
targets -set -nocase -filter {name =~"APU*" && jtag_cable_name =~ "Digilent JTAG-HS1 210512180081"} -index 0
loadhw -hw D:/MyWorkSpace/ZYNQ/ARM/AXI_GPIO/AXI_GPIO.sdk/system_wrapper_hw_platform_0/system.hdf -mem-ranges [list {0x40000000 0xbfffffff}]
configparams force-mem-access 1
targets -set -nocase -filter {name =~"APU*" && jtag_cable_name =~ "Digilent JTAG-HS1 210512180081"} -index 0
stop
ps7_init
ps7_post_config
targets -set -nocase -filter {name =~ "ARM*#0" && jtag_cable_name =~ "Digilent JTAG-HS1 210512180081"} -index 0
rst -processor
targets -set -nocase -filter {name =~ "ARM*#0" && jtag_cable_name =~ "Digilent JTAG-HS1 210512180081"} -index 0
dow D:/MyWorkSpace/ZYNQ/ARM/AXI_GPIO/AXI_GPIO.sdk/axi_gpio/Debug/axi_gpio.elf
configparams force-mem-access 0
----------------End of Script----------------

18:31:27 INFO  : Memory regions updated for context APU
18:31:27 INFO  : Context for processor 'ps7_cortexa9_0' is selected.
18:31:27 INFO  : 'con' command is executed.
18:31:27 INFO  : ----------------XSDB Script (After Launch)----------------
targets -set -nocase -filter {name =~ "ARM*#0" && jtag_cable_name =~ "Digilent JTAG-HS1 210512180081"} -index 0
con
----------------End of Script----------------

18:31:27 INFO  : Launch script is exported to file 'D:\MyWorkSpace\ZYNQ\ARM\AXI_GPIO\AXI_GPIO.sdk\.sdk\launch_scripts\xilinx_c-c++_application_(system_debugger)\system_debugger_using_debug_axi_gpio.elf_on_local.tcl'
18:32:05 INFO  : Disconnected from the channel tcfchan#13.
18:32:06 INFO  : 'targets -set -filter {jtag_cable_name =~ "Digilent JTAG-HS1 210512180081" && level==0} -index 1' command is executed.
18:32:06 INFO  : 'fpga -state' command is executed.
18:32:06 INFO  : Connected to target on host '127.0.0.1' and port '3121'.
18:32:06 INFO  : Jtag cable 'Digilent JTAG-HS1 210512180081' is selected.
18:32:06 INFO  : 'jtag frequency' command is executed.
18:32:06 INFO  : Sourcing of 'D:/MyWorkSpace/ZYNQ/ARM/AXI_GPIO/AXI_GPIO.sdk/system_wrapper_hw_platform_0/ps7_init.tcl' is done.
18:32:06 INFO  : Context for 'APU' is selected.
18:32:08 INFO  : Hardware design information is loaded from 'D:/MyWorkSpace/ZYNQ/ARM/AXI_GPIO/AXI_GPIO.sdk/system_wrapper_hw_platform_0/system.hdf'.
18:32:08 INFO  : 'configparams force-mem-access 1' command is executed.
18:32:08 INFO  : Context for 'APU' is selected.
18:32:08 INFO  : 'stop' command is executed.
18:32:08 INFO  : 'ps7_init' command is executed.
18:32:08 INFO  : 'ps7_post_config' command is executed.
18:32:08 INFO  : Context for processor 'ps7_cortexa9_0' is selected.
18:32:08 INFO  : Processor reset is completed for 'ps7_cortexa9_0'.
18:32:08 INFO  : Context for processor 'ps7_cortexa9_0' is selected.
18:32:08 INFO  : The application 'D:/MyWorkSpace/ZYNQ/ARM/AXI_GPIO/AXI_GPIO.sdk/axi_gpio/Debug/axi_gpio.elf' is downloaded to processor 'ps7_cortexa9_0'.
18:32:08 INFO  : 'configparams force-mem-access 0' command is executed.
18:32:08 INFO  : ----------------XSDB Script----------------
connect -url tcp:127.0.0.1:3121
source D:/MyWorkSpace/ZYNQ/ARM/AXI_GPIO/AXI_GPIO.sdk/system_wrapper_hw_platform_0/ps7_init.tcl
targets -set -nocase -filter {name =~"APU*" && jtag_cable_name =~ "Digilent JTAG-HS1 210512180081"} -index 0
loadhw -hw D:/MyWorkSpace/ZYNQ/ARM/AXI_GPIO/AXI_GPIO.sdk/system_wrapper_hw_platform_0/system.hdf -mem-ranges [list {0x40000000 0xbfffffff}]
configparams force-mem-access 1
targets -set -nocase -filter {name =~"APU*" && jtag_cable_name =~ "Digilent JTAG-HS1 210512180081"} -index 0
stop
ps7_init
ps7_post_config
targets -set -nocase -filter {name =~ "ARM*#0" && jtag_cable_name =~ "Digilent JTAG-HS1 210512180081"} -index 0
rst -processor
targets -set -nocase -filter {name =~ "ARM*#0" && jtag_cable_name =~ "Digilent JTAG-HS1 210512180081"} -index 0
dow D:/MyWorkSpace/ZYNQ/ARM/AXI_GPIO/AXI_GPIO.sdk/axi_gpio/Debug/axi_gpio.elf
configparams force-mem-access 0
----------------End of Script----------------

18:32:08 INFO  : Memory regions updated for context APU
18:32:08 INFO  : Context for processor 'ps7_cortexa9_0' is selected.
18:32:08 INFO  : 'con' command is executed.
18:32:08 INFO  : ----------------XSDB Script (After Launch)----------------
targets -set -nocase -filter {name =~ "ARM*#0" && jtag_cable_name =~ "Digilent JTAG-HS1 210512180081"} -index 0
con
----------------End of Script----------------

18:32:08 INFO  : Launch script is exported to file 'D:\MyWorkSpace\ZYNQ\ARM\AXI_GPIO\AXI_GPIO.sdk\.sdk\launch_scripts\xilinx_c-c++_application_(system_debugger)\system_debugger_using_debug_axi_gpio.elf_on_local.tcl'
18:32:23 INFO  : Disconnected from the channel tcfchan#14.
18:32:25 INFO  : 'targets -set -filter {jtag_cable_name =~ "Digilent JTAG-HS1 210512180081" && level==0} -index 1' command is executed.
18:32:25 INFO  : 'fpga -state' command is executed.
18:32:25 INFO  : Connected to target on host '127.0.0.1' and port '3121'.
18:32:25 INFO  : Jtag cable 'Digilent JTAG-HS1 210512180081' is selected.
18:32:25 INFO  : 'jtag frequency' command is executed.
18:32:25 INFO  : Sourcing of 'D:/MyWorkSpace/ZYNQ/ARM/AXI_GPIO/AXI_GPIO.sdk/system_wrapper_hw_platform_0/ps7_init.tcl' is done.
18:32:25 INFO  : Context for 'APU' is selected.
18:32:26 INFO  : Hardware design information is loaded from 'D:/MyWorkSpace/ZYNQ/ARM/AXI_GPIO/AXI_GPIO.sdk/system_wrapper_hw_platform_0/system.hdf'.
18:32:26 INFO  : 'configparams force-mem-access 1' command is executed.
18:32:26 INFO  : Context for 'APU' is selected.
18:32:26 INFO  : 'stop' command is executed.
18:32:27 INFO  : 'ps7_init' command is executed.
18:32:27 INFO  : 'ps7_post_config' command is executed.
18:32:27 INFO  : Context for processor 'ps7_cortexa9_0' is selected.
18:32:27 INFO  : Processor reset is completed for 'ps7_cortexa9_0'.
18:32:27 INFO  : Context for processor 'ps7_cortexa9_0' is selected.
18:32:27 INFO  : The application 'D:/MyWorkSpace/ZYNQ/ARM/AXI_GPIO/AXI_GPIO.sdk/axi_gpio/Debug/axi_gpio.elf' is downloaded to processor 'ps7_cortexa9_0'.
18:32:27 INFO  : 'configparams force-mem-access 0' command is executed.
18:32:27 INFO  : ----------------XSDB Script----------------
connect -url tcp:127.0.0.1:3121
source D:/MyWorkSpace/ZYNQ/ARM/AXI_GPIO/AXI_GPIO.sdk/system_wrapper_hw_platform_0/ps7_init.tcl
targets -set -nocase -filter {name =~"APU*" && jtag_cable_name =~ "Digilent JTAG-HS1 210512180081"} -index 0
loadhw -hw D:/MyWorkSpace/ZYNQ/ARM/AXI_GPIO/AXI_GPIO.sdk/system_wrapper_hw_platform_0/system.hdf -mem-ranges [list {0x40000000 0xbfffffff}]
configparams force-mem-access 1
targets -set -nocase -filter {name =~"APU*" && jtag_cable_name =~ "Digilent JTAG-HS1 210512180081"} -index 0
stop
ps7_init
ps7_post_config
targets -set -nocase -filter {name =~ "ARM*#0" && jtag_cable_name =~ "Digilent JTAG-HS1 210512180081"} -index 0
rst -processor
targets -set -nocase -filter {name =~ "ARM*#0" && jtag_cable_name =~ "Digilent JTAG-HS1 210512180081"} -index 0
dow D:/MyWorkSpace/ZYNQ/ARM/AXI_GPIO/AXI_GPIO.sdk/axi_gpio/Debug/axi_gpio.elf
configparams force-mem-access 0
----------------End of Script----------------

18:32:27 INFO  : Memory regions updated for context APU
18:32:27 INFO  : Context for processor 'ps7_cortexa9_0' is selected.
18:32:27 INFO  : 'con' command is executed.
18:32:27 INFO  : ----------------XSDB Script (After Launch)----------------
targets -set -nocase -filter {name =~ "ARM*#0" && jtag_cable_name =~ "Digilent JTAG-HS1 210512180081"} -index 0
con
----------------End of Script----------------

18:32:27 INFO  : Launch script is exported to file 'D:\MyWorkSpace\ZYNQ\ARM\AXI_GPIO\AXI_GPIO.sdk\.sdk\launch_scripts\xilinx_c-c++_application_(system_debugger)\system_debugger_using_debug_axi_gpio.elf_on_local.tcl'
18:32:44 INFO  : Disconnected from the channel tcfchan#15.
18:32:45 INFO  : 'targets -set -filter {jtag_cable_name =~ "Digilent JTAG-HS1 210512180081" && level==0} -index 1' command is executed.
18:32:45 INFO  : 'fpga -state' command is executed.
18:32:45 INFO  : Connected to target on host '127.0.0.1' and port '3121'.
18:32:46 INFO  : Jtag cable 'Digilent JTAG-HS1 210512180081' is selected.
18:32:46 INFO  : 'jtag frequency' command is executed.
18:32:46 INFO  : Sourcing of 'D:/MyWorkSpace/ZYNQ/ARM/AXI_GPIO/AXI_GPIO.sdk/system_wrapper_hw_platform_0/ps7_init.tcl' is done.
18:32:46 INFO  : Context for 'APU' is selected.
18:32:47 INFO  : Hardware design information is loaded from 'D:/MyWorkSpace/ZYNQ/ARM/AXI_GPIO/AXI_GPIO.sdk/system_wrapper_hw_platform_0/system.hdf'.
18:32:47 INFO  : 'configparams force-mem-access 1' command is executed.
18:32:47 INFO  : Context for 'APU' is selected.
18:32:47 INFO  : 'stop' command is executed.
18:32:47 INFO  : 'ps7_init' command is executed.
18:32:47 INFO  : 'ps7_post_config' command is executed.
18:32:47 INFO  : Context for processor 'ps7_cortexa9_0' is selected.
18:32:47 INFO  : Processor reset is completed for 'ps7_cortexa9_0'.
18:32:47 INFO  : Context for processor 'ps7_cortexa9_0' is selected.
18:32:47 INFO  : The application 'D:/MyWorkSpace/ZYNQ/ARM/AXI_GPIO/AXI_GPIO.sdk/axi_gpio/Debug/axi_gpio.elf' is downloaded to processor 'ps7_cortexa9_0'.
18:32:47 INFO  : 'configparams force-mem-access 0' command is executed.
18:32:47 INFO  : ----------------XSDB Script----------------
connect -url tcp:127.0.0.1:3121
source D:/MyWorkSpace/ZYNQ/ARM/AXI_GPIO/AXI_GPIO.sdk/system_wrapper_hw_platform_0/ps7_init.tcl
targets -set -nocase -filter {name =~"APU*" && jtag_cable_name =~ "Digilent JTAG-HS1 210512180081"} -index 0
loadhw -hw D:/MyWorkSpace/ZYNQ/ARM/AXI_GPIO/AXI_GPIO.sdk/system_wrapper_hw_platform_0/system.hdf -mem-ranges [list {0x40000000 0xbfffffff}]
configparams force-mem-access 1
targets -set -nocase -filter {name =~"APU*" && jtag_cable_name =~ "Digilent JTAG-HS1 210512180081"} -index 0
stop
ps7_init
ps7_post_config
targets -set -nocase -filter {name =~ "ARM*#0" && jtag_cable_name =~ "Digilent JTAG-HS1 210512180081"} -index 0
rst -processor
targets -set -nocase -filter {name =~ "ARM*#0" && jtag_cable_name =~ "Digilent JTAG-HS1 210512180081"} -index 0
dow D:/MyWorkSpace/ZYNQ/ARM/AXI_GPIO/AXI_GPIO.sdk/axi_gpio/Debug/axi_gpio.elf
configparams force-mem-access 0
----------------End of Script----------------

18:32:47 INFO  : Memory regions updated for context APU
18:32:48 INFO  : Context for processor 'ps7_cortexa9_0' is selected.
18:32:48 INFO  : 'con' command is executed.
18:32:48 INFO  : ----------------XSDB Script (After Launch)----------------
targets -set -nocase -filter {name =~ "ARM*#0" && jtag_cable_name =~ "Digilent JTAG-HS1 210512180081"} -index 0
con
----------------End of Script----------------

18:32:48 INFO  : Launch script is exported to file 'D:\MyWorkSpace\ZYNQ\ARM\AXI_GPIO\AXI_GPIO.sdk\.sdk\launch_scripts\xilinx_c-c++_application_(system_debugger)\system_debugger_using_debug_axi_gpio.elf_on_local.tcl'
18:35:59 INFO  : Disconnected from the channel tcfchan#16.
18:36:00 INFO  : 'targets -set -filter {jtag_cable_name =~ "Digilent JTAG-HS1 210512180081" && level==0} -index 1' command is executed.
18:36:00 INFO  : 'fpga -state' command is executed.
18:36:00 INFO  : Connected to target on host '127.0.0.1' and port '3121'.
18:36:01 INFO  : Jtag cable 'Digilent JTAG-HS1 210512180081' is selected.
18:36:01 INFO  : 'jtag frequency' command is executed.
18:36:01 INFO  : Sourcing of 'D:/MyWorkSpace/ZYNQ/ARM/AXI_GPIO/AXI_GPIO.sdk/system_wrapper_hw_platform_0/ps7_init.tcl' is done.
18:36:01 INFO  : Context for 'APU' is selected.
18:36:02 INFO  : Hardware design information is loaded from 'D:/MyWorkSpace/ZYNQ/ARM/AXI_GPIO/AXI_GPIO.sdk/system_wrapper_hw_platform_0/system.hdf'.
18:36:02 INFO  : 'configparams force-mem-access 1' command is executed.
18:36:02 INFO  : Context for 'APU' is selected.
18:36:02 INFO  : 'stop' command is executed.
18:36:02 INFO  : 'ps7_init' command is executed.
18:36:02 INFO  : 'ps7_post_config' command is executed.
18:36:02 INFO  : Context for processor 'ps7_cortexa9_0' is selected.
18:36:02 INFO  : Processor reset is completed for 'ps7_cortexa9_0'.
18:36:02 INFO  : Context for processor 'ps7_cortexa9_0' is selected.
18:36:02 INFO  : The application 'D:/MyWorkSpace/ZYNQ/ARM/AXI_GPIO/AXI_GPIO.sdk/axi_gpio/Debug/axi_gpio.elf' is downloaded to processor 'ps7_cortexa9_0'.
18:36:02 INFO  : 'configparams force-mem-access 0' command is executed.
18:36:02 INFO  : ----------------XSDB Script----------------
connect -url tcp:127.0.0.1:3121
source D:/MyWorkSpace/ZYNQ/ARM/AXI_GPIO/AXI_GPIO.sdk/system_wrapper_hw_platform_0/ps7_init.tcl
targets -set -nocase -filter {name =~"APU*" && jtag_cable_name =~ "Digilent JTAG-HS1 210512180081"} -index 0
loadhw -hw D:/MyWorkSpace/ZYNQ/ARM/AXI_GPIO/AXI_GPIO.sdk/system_wrapper_hw_platform_0/system.hdf -mem-ranges [list {0x40000000 0xbfffffff}]
configparams force-mem-access 1
targets -set -nocase -filter {name =~"APU*" && jtag_cable_name =~ "Digilent JTAG-HS1 210512180081"} -index 0
stop
ps7_init
ps7_post_config
targets -set -nocase -filter {name =~ "ARM*#0" && jtag_cable_name =~ "Digilent JTAG-HS1 210512180081"} -index 0
rst -processor
targets -set -nocase -filter {name =~ "ARM*#0" && jtag_cable_name =~ "Digilent JTAG-HS1 210512180081"} -index 0
dow D:/MyWorkSpace/ZYNQ/ARM/AXI_GPIO/AXI_GPIO.sdk/axi_gpio/Debug/axi_gpio.elf
configparams force-mem-access 0
----------------End of Script----------------

18:36:02 INFO  : Memory regions updated for context APU
18:36:02 INFO  : Context for processor 'ps7_cortexa9_0' is selected.
18:36:02 INFO  : 'con' command is executed.
18:36:02 INFO  : ----------------XSDB Script (After Launch)----------------
targets -set -nocase -filter {name =~ "ARM*#0" && jtag_cable_name =~ "Digilent JTAG-HS1 210512180081"} -index 0
con
----------------End of Script----------------

18:36:02 INFO  : Launch script is exported to file 'D:\MyWorkSpace\ZYNQ\ARM\AXI_GPIO\AXI_GPIO.sdk\.sdk\launch_scripts\xilinx_c-c++_application_(system_debugger)\system_debugger_using_debug_axi_gpio.elf_on_local.tcl'
18:37:39 INFO  : Disconnected from the channel tcfchan#17.
18:37:40 INFO  : 'targets -set -filter {jtag_cable_name =~ "Digilent JTAG-HS1 210512180081" && level==0} -index 1' command is executed.
18:37:40 INFO  : 'fpga -state' command is executed.
18:37:40 INFO  : Connected to target on host '127.0.0.1' and port '3121'.
18:37:40 INFO  : Jtag cable 'Digilent JTAG-HS1 210512180081' is selected.
18:37:40 INFO  : 'jtag frequency' command is executed.
18:37:40 INFO  : Sourcing of 'D:/MyWorkSpace/ZYNQ/ARM/AXI_GPIO/AXI_GPIO.sdk/system_wrapper_hw_platform_0/ps7_init.tcl' is done.
18:37:40 INFO  : Context for 'APU' is selected.
18:37:42 INFO  : Hardware design information is loaded from 'D:/MyWorkSpace/ZYNQ/ARM/AXI_GPIO/AXI_GPIO.sdk/system_wrapper_hw_platform_0/system.hdf'.
18:37:42 INFO  : 'configparams force-mem-access 1' command is executed.
18:37:42 INFO  : Context for 'APU' is selected.
18:37:42 INFO  : 'stop' command is executed.
18:37:42 INFO  : 'ps7_init' command is executed.
18:37:42 INFO  : 'ps7_post_config' command is executed.
18:37:42 INFO  : Context for processor 'ps7_cortexa9_0' is selected.
18:37:42 INFO  : Processor reset is completed for 'ps7_cortexa9_0'.
18:37:42 INFO  : Context for processor 'ps7_cortexa9_0' is selected.
18:37:42 INFO  : The application 'D:/MyWorkSpace/ZYNQ/ARM/AXI_GPIO/AXI_GPIO.sdk/axi_gpio/Debug/axi_gpio.elf' is downloaded to processor 'ps7_cortexa9_0'.
18:37:42 INFO  : 'configparams force-mem-access 0' command is executed.
18:37:42 INFO  : ----------------XSDB Script----------------
connect -url tcp:127.0.0.1:3121
source D:/MyWorkSpace/ZYNQ/ARM/AXI_GPIO/AXI_GPIO.sdk/system_wrapper_hw_platform_0/ps7_init.tcl
targets -set -nocase -filter {name =~"APU*" && jtag_cable_name =~ "Digilent JTAG-HS1 210512180081"} -index 0
loadhw -hw D:/MyWorkSpace/ZYNQ/ARM/AXI_GPIO/AXI_GPIO.sdk/system_wrapper_hw_platform_0/system.hdf -mem-ranges [list {0x40000000 0xbfffffff}]
configparams force-mem-access 1
targets -set -nocase -filter {name =~"APU*" && jtag_cable_name =~ "Digilent JTAG-HS1 210512180081"} -index 0
stop
ps7_init
ps7_post_config
targets -set -nocase -filter {name =~ "ARM*#0" && jtag_cable_name =~ "Digilent JTAG-HS1 210512180081"} -index 0
rst -processor
targets -set -nocase -filter {name =~ "ARM*#0" && jtag_cable_name =~ "Digilent JTAG-HS1 210512180081"} -index 0
dow D:/MyWorkSpace/ZYNQ/ARM/AXI_GPIO/AXI_GPIO.sdk/axi_gpio/Debug/axi_gpio.elf
configparams force-mem-access 0
----------------End of Script----------------

18:37:42 INFO  : Memory regions updated for context APU
18:37:42 INFO  : Context for processor 'ps7_cortexa9_0' is selected.
18:37:42 INFO  : 'con' command is executed.
18:37:42 INFO  : ----------------XSDB Script (After Launch)----------------
targets -set -nocase -filter {name =~ "ARM*#0" && jtag_cable_name =~ "Digilent JTAG-HS1 210512180081"} -index 0
con
----------------End of Script----------------

18:37:42 INFO  : Launch script is exported to file 'D:\MyWorkSpace\ZYNQ\ARM\AXI_GPIO\AXI_GPIO.sdk\.sdk\launch_scripts\xilinx_c-c++_application_(system_debugger)\system_debugger_using_debug_axi_gpio.elf_on_local.tcl'
18:50:38 INFO  : Connected to target on host '127.0.0.1' and port '3121'.
18:50:38 INFO  : 'targets -set -filter {jtag_cable_name =~ "Digilent JTAG-HS1 210512180081" && level==0} -index 1' command is executed.
18:50:41 INFO  : FPGA configured successfully with bitstream "D:/MyWorkSpace/ZYNQ/ARM/AXI_GPIO/AXI_GPIO.sdk/system_wrapper_hw_platform_0/system_wrapper.bit"
