15:45:41 INFO  : Registering command handlers for SDK TCF services
15:45:42 INFO  : Launching XSCT server: xsct.bat -interactive F:\intel_project\AX7020\update2017p4\16_ov5640_dual\ov5640_dual.sdk\temp_xsdb_launch_script.tcl
15:45:44 INFO  : XSCT server has started successfully.
15:45:46 INFO  : Successfully done setting XSCT server connection channel  
15:45:46 INFO  : Successfully done setting SDK workspace  
15:45:46 INFO  : Processing command line option -hwspec F:/intel_project/AX7020/update2017p4/16_ov5640_dual/ov5640_dual.sdk/system_wrapper.hdf.
15:46:45 INFO  : Connected to target on host '127.0.0.1' and port '3121'.
15:46:45 INFO  : Jtag cable 'Digilent JTAG-HS1 210512180081' is selected.
15:46:45 INFO  : 'jtag frequency' command is executed.
15:46:45 INFO  : Sourcing of 'F:/intel_project/AX7020/update2017p4/16_ov5640_dual/ov5640_dual.sdk/system_wrapper_hw_platform_0/ps7_init.tcl' is done.
15:46:45 INFO  : Context for 'APU' is selected.
15:46:45 INFO  : System reset is completed.
15:46:48 INFO  : 'after 3000' command is executed.
15:46:48 INFO  : 'targets -set -filter {jtag_cable_name =~ "Digilent JTAG-HS1 210512180081" && level==0} -index 1' command is executed.
15:46:50 INFO  : FPGA configured successfully with bitstream "F:/intel_project/AX7020/update2017p4/16_ov5640_dual/ov5640_dual.sdk/system_wrapper_hw_platform_0/system_wrapper.bit"
15:46:50 INFO  : Context for 'APU' is selected.
15:46:50 INFO  : Hardware design information is loaded from 'F:/intel_project/AX7020/update2017p4/16_ov5640_dual/ov5640_dual.sdk/system_wrapper_hw_platform_0/system.hdf'.
15:46:50 INFO  : 'configparams force-mem-access 1' command is executed.
15:46:50 INFO  : Context for 'APU' is selected.
15:46:50 INFO  : 'ps7_init' command is executed.
15:46:50 INFO  : 'ps7_post_config' command is executed.
15:46:50 INFO  : Context for processor 'ps7_cortexa9_0' is selected.
15:46:51 INFO  : The application 'F:/intel_project/AX7020/update2017p4/16_ov5640_dual/ov5640_dual.sdk/dual_an5642_test/Debug/dual_an5642_test.elf' is downloaded to processor 'ps7_cortexa9_0'.
15:46:51 INFO  : 'configparams force-mem-access 0' command is executed.
15:46:51 INFO  : ----------------XSDB Script----------------
connect -url tcp:127.0.0.1:3121
source F:/intel_project/AX7020/update2017p4/16_ov5640_dual/ov5640_dual.sdk/system_wrapper_hw_platform_0/ps7_init.tcl
targets -set -nocase -filter {name =~"APU*" && jtag_cable_name =~ "Digilent JTAG-HS1 210512180081"} -index 0
rst -system
after 3000
targets -set -filter {jtag_cable_name =~ "Digilent JTAG-HS1 210512180081" && level==0} -index 1
fpga -file F:/intel_project/AX7020/update2017p4/16_ov5640_dual/ov5640_dual.sdk/system_wrapper_hw_platform_0/system_wrapper.bit
targets -set -nocase -filter {name =~"APU*" && jtag_cable_name =~ "Digilent JTAG-HS1 210512180081"} -index 0
loadhw -hw F:/intel_project/AX7020/update2017p4/16_ov5640_dual/ov5640_dual.sdk/system_wrapper_hw_platform_0/system.hdf -mem-ranges [list {0x40000000 0xbfffffff}]
configparams force-mem-access 1
targets -set -nocase -filter {name =~"APU*" && jtag_cable_name =~ "Digilent JTAG-HS1 210512180081"} -index 0
ps7_init
ps7_post_config
targets -set -nocase -filter {name =~ "ARM*#0" && jtag_cable_name =~ "Digilent JTAG-HS1 210512180081"} -index 0
dow F:/intel_project/AX7020/update2017p4/16_ov5640_dual/ov5640_dual.sdk/dual_an5642_test/Debug/dual_an5642_test.elf
configparams force-mem-access 0
----------------End of Script----------------

15:46:51 INFO  : Memory regions updated for context APU
15:46:51 INFO  : Context for processor 'ps7_cortexa9_0' is selected.
15:46:51 INFO  : 'con' command is executed.
15:46:51 INFO  : ----------------XSDB Script (After Launch)----------------
targets -set -nocase -filter {name =~ "ARM*#0" && jtag_cable_name =~ "Digilent JTAG-HS1 210512180081"} -index 0
con
----------------End of Script----------------

15:46:51 INFO  : Launch script is exported to file 'F:\intel_project\AX7020\update2017p4\16_ov5640_dual\ov5640_dual.sdk\.sdk\launch_scripts\xilinx_c-c++_application_(system_debugger)\system_debugger_using_debug_dual_an5642_test.elf_on_local.tcl'
15:49:17 INFO  : Invoking Bootgen: bootgen -image dual_an5642_test.bif -arch zynq -o F:\intel_project\AX7020\update2017p4\16_ov5640_dual\bootimage\BOOT.bin -w on
15:49:17 INFO  : Creating new bif file F:\intel_project\AX7020\update2017p4\16_ov5640_dual\bootimage\dual_an5642_test.bif
15:49:18 INFO  : Bootgen command execution is done.
15:51:16 INFO  : Disconnected from the channel tcfchan#1.
16:07:13 INFO  : Registering command handlers for SDK TCF services
16:07:13 INFO  : Launching XSCT server: xsct.bat -interactive F:\xilinx_project\AX7020\2017_NewCourse\course_s2_sdk\14_ov5640_dual\ov5640_dual.sdk\temp_xsdb_launch_script.tcl
16:07:15 INFO  : XSCT server has started successfully.
16:07:16 INFO  : Successfully done setting XSCT server connection channel  
16:07:16 INFO  : Successfully done setting SDK workspace  
16:07:16 INFO  : Processing command line option -hwspec F:/xilinx_project/AX7020/2017_NewCourse/course_s2_sdk/14_ov5640_dual/ov5640_dual.sdk/system_wrapper.hdf.
16:11:40 INFO  : Invoking Bootgen: bootgen -image dual_an5642_test.bif -arch zynq -o F:\xilinx_project\AX7020\2017_NewCourse\course_s2_sdk\14_ov5640_dual\bootimage\BOOT.bin -w on
16:11:40 INFO  : Creating new bif file F:\xilinx_project\AX7020\2017_NewCourse\course_s2_sdk\14_ov5640_dual\bootimage\dual_an5642_test.bif
16:11:41 INFO  : Bootgen command execution is done.
12:49:10 INFO  : Registering command handlers for SDK TCF services
12:49:10 INFO  : Launching XSCT server: xsct.bat -interactive D:\MyWorkSpace\ZYNQ\ARM\model_ov5640_dual\ov5640_dual.sdk\temp_xsdb_launch_script.tcl
12:49:12 INFO  : XSCT server has started successfully.
12:49:12 INFO  : Successfully done setting XSCT server connection channel  
12:49:13 INFO  : Successfully done setting SDK workspace  
12:49:13 INFO  : Processing command line option -hwspec D:/MyWorkSpace/ZYNQ/ARM/model_ov5640_dual/ov5640_dual.sdk/system_wrapper.hdf.
12:49:53 INFO  : Connected to target on host '127.0.0.1' and port '3121'.
12:49:53 INFO  : Jtag cable 'Digilent JTAG-HS1 210512180081' is selected.
12:49:53 INFO  : 'jtag frequency' command is executed.
12:49:53 INFO  : Sourcing of 'D:/MyWorkSpace/ZYNQ/ARM/model_ov5640_dual/ov5640_dual.sdk/system_wrapper_hw_platform_0/ps7_init.tcl' is done.
12:49:53 INFO  : Context for 'APU' is selected.
12:49:53 INFO  : System reset is completed.
12:49:56 INFO  : 'after 3000' command is executed.
12:49:56 INFO  : 'targets -set -filter {jtag_cable_name =~ "Digilent JTAG-HS1 210512180081" && level==0} -index 1' command is executed.
12:49:58 INFO  : FPGA configured successfully with bitstream "D:/MyWorkSpace/ZYNQ/ARM/model_ov5640_dual/ov5640_dual.sdk/system_wrapper_hw_platform_0/system_wrapper.bit"
12:49:58 INFO  : Context for 'APU' is selected.
12:49:58 INFO  : Hardware design information is loaded from 'D:/MyWorkSpace/ZYNQ/ARM/model_ov5640_dual/ov5640_dual.sdk/system_wrapper_hw_platform_0/system.hdf'.
12:49:58 INFO  : 'configparams force-mem-access 1' command is executed.
12:49:58 INFO  : Context for 'APU' is selected.
12:49:59 INFO  : 'ps7_init' command is executed.
12:49:59 INFO  : 'ps7_post_config' command is executed.
12:49:59 INFO  : Context for processor 'ps7_cortexa9_0' is selected.
12:49:59 INFO  : The application 'D:/MyWorkSpace/ZYNQ/ARM/model_ov5640_dual/ov5640_dual.sdk/dual_an5642_test/Debug/dual_an5642_test.elf' is downloaded to processor 'ps7_cortexa9_0'.
12:49:59 INFO  : 'configparams force-mem-access 0' command is executed.
12:49:59 INFO  : ----------------XSDB Script----------------
connect -url tcp:127.0.0.1:3121
source D:/MyWorkSpace/ZYNQ/ARM/model_ov5640_dual/ov5640_dual.sdk/system_wrapper_hw_platform_0/ps7_init.tcl
targets -set -nocase -filter {name =~"APU*" && jtag_cable_name =~ "Digilent JTAG-HS1 210512180081"} -index 0
rst -system
after 3000
targets -set -filter {jtag_cable_name =~ "Digilent JTAG-HS1 210512180081" && level==0} -index 1
fpga -file D:/MyWorkSpace/ZYNQ/ARM/model_ov5640_dual/ov5640_dual.sdk/system_wrapper_hw_platform_0/system_wrapper.bit
targets -set -nocase -filter {name =~"APU*" && jtag_cable_name =~ "Digilent JTAG-HS1 210512180081"} -index 0
loadhw -hw D:/MyWorkSpace/ZYNQ/ARM/model_ov5640_dual/ov5640_dual.sdk/system_wrapper_hw_platform_0/system.hdf -mem-ranges [list {0x40000000 0xbfffffff}]
configparams force-mem-access 1
targets -set -nocase -filter {name =~"APU*" && jtag_cable_name =~ "Digilent JTAG-HS1 210512180081"} -index 0
ps7_init
ps7_post_config
targets -set -nocase -filter {name =~ "ARM*#0" && jtag_cable_name =~ "Digilent JTAG-HS1 210512180081"} -index 0
dow D:/MyWorkSpace/ZYNQ/ARM/model_ov5640_dual/ov5640_dual.sdk/dual_an5642_test/Debug/dual_an5642_test.elf
configparams force-mem-access 0
----------------End of Script----------------

12:49:59 INFO  : Memory regions updated for context APU
12:49:59 INFO  : Context for processor 'ps7_cortexa9_0' is selected.
12:49:59 INFO  : 'con' command is executed.
12:49:59 INFO  : ----------------XSDB Script (After Launch)----------------
targets -set -nocase -filter {name =~ "ARM*#0" && jtag_cable_name =~ "Digilent JTAG-HS1 210512180081"} -index 0
con
----------------End of Script----------------

12:49:59 INFO  : Launch script is exported to file 'D:\MyWorkSpace\ZYNQ\ARM\model_ov5640_dual\ov5640_dual.sdk\.sdk\launch_scripts\xilinx_c-c++_application_(system_debugger)\system_debugger_using_debug_dual_an5642_test.elf_on_local.tcl'
12:57:12 INFO  : Disconnected from the channel tcfchan#1.
13:28:52 INFO  : Launching XSCT server: xsct.bat -interactive D:\MyWorkSpace\ZYNQ\ARM\model_ov5640_dual\ov5640_dual.sdk\temp_xsdb_launch_script.tcl
13:28:54 INFO  : XSCT server has started successfully.
13:28:54 INFO  : Successfully done setting XSCT server connection channel  
13:28:54 INFO  : Successfully done setting SDK workspace  
13:28:59 INFO  : Registering command handlers for SDK TCF services
13:28:59 INFO  : Processing command line option -hwspec D:/MyWorkSpace/ZYNQ/ARM/model_ov5640_dual/ov5640_dual.sdk/system_wrapper.hdf.
13:28:59 INFO  : Checking for hwspec changes in the project system_wrapper_hw_platform_1.
