13:27:05 **** Incremental Build of configuration Debug for project LED_PWM ****
make pre-build main-build 
a9-linaro-pre-build-step
' '
'Building file: ../src/helloworld.c'
'Invoking: ARM v7 gcc compiler'
arm-none-eabi-gcc -Wall -O0 -g3 -c -fmessage-length=0 -MT"src/helloworld.o" -mcpu=cortex-a9 -mfpu=vfpv3 -mfloat-abi=hard -I../../LED_PWM_bsp/ps7_cortexa9_0/include -MMD -MP -MF"src/helloworld.d" -MT"src/helloworld.o" -o "src/helloworld.o" "../src/helloworld.c"
'Finished building: ../src/helloworld.c'
' '
'Building target: LED_PWM.elf'
'Invoking: ARM v7 gcc linker'
arm-none-eabi-gcc -mcpu=cortex-a9 -mfpu=vfpv3 -mfloat-abi=hard -Wl,-build-id=none -specs=Xilinx.spec -Wl,-T -Wl,../src/lscript.ld -L../../LED_PWM_bsp/ps7_cortexa9_0/lib -o "LED_PWM.elf"  ./src/helloworld.o ./src/platform.o   -Wl,--start-group,-lxil,-lgcc,-lc,--end-group
'Finished building target: LED_PWM.elf'
' '
'Invoking: ARM v7 Print Size'
arm-none-eabi-size LED_PWM.elf  |tee "LED_PWM.elf.size"
   text	   data	    bss	    dec	    hex	filename
  20652	   1152	  22600	  44404	   ad74	LED_PWM.elf
'Finished building: LED_PWM.elf.size'
' '

13:27:06 Build Finished (took 772ms)

