16:09:05 INFO  : Registering command handlers for SDK TCF services
16:09:10 INFO  : Launching XSCT server: xsct.bat -interactive D:\MyWorkSpace\ZYNQ\ARM\Hello_world\Hello_world.sdk\temp_xsdb_launch_script.tcl
16:09:13 INFO  : XSCT server has started successfully.
16:09:13 INFO  : Successfully done setting XSCT server connection channel  
16:09:13 INFO  : Successfully done setting SDK workspace  
16:09:13 INFO  : Processing command line option -hwspec D:/MyWorkSpace/ZYNQ/ARM/Hello_world/Hello_world.sdk/design_1_wrapper.hdf.
16:19:17 INFO  : Connected to target on host '127.0.0.1' and port '3121'.
16:19:18 INFO  : Jtag cable 'Digilent JTAG-HS1 210512180081' is selected.
16:19:18 INFO  : 'jtag frequency' command is executed.
16:19:18 INFO  : Sourcing of 'D:/MyWorkSpace/ZYNQ/ARM/Hello_world/Hello_world.sdk/design_1_wrapper_hw_platform_0/ps7_init.tcl' is done.
16:19:18 INFO  : Context for 'APU' is selected.
16:19:18 INFO  : Hardware design information is loaded from 'D:/MyWorkSpace/ZYNQ/ARM/Hello_world/Hello_world.sdk/design_1_wrapper_hw_platform_0/system.hdf'.
16:19:18 INFO  : 'configparams force-mem-access 1' command is executed.
16:19:18 INFO  : Context for 'APU' is selected.
16:19:18 INFO  : 'stop' command is executed.
16:19:18 INFO  : 'ps7_init' command is executed.
16:19:18 INFO  : 'ps7_post_config' command is executed.
16:19:18 INFO  : Context for processor 'ps7_cortexa9_0' is selected.
16:19:18 INFO  : Processor reset is completed for 'ps7_cortexa9_0'.
16:19:19 INFO  : Context for processor 'ps7_cortexa9_0' is selected.
16:19:19 INFO  : The application 'D:/MyWorkSpace/ZYNQ/ARM/Hello_world/Hello_world.sdk/hello_world/Debug/hello_world.elf' is downloaded to processor 'ps7_cortexa9_0'.
16:19:19 INFO  : 'configparams force-mem-access 0' command is executed.
16:19:19 INFO  : ----------------XSDB Script----------------
connect -url tcp:127.0.0.1:3121
source D:/MyWorkSpace/ZYNQ/ARM/Hello_world/Hello_world.sdk/design_1_wrapper_hw_platform_0/ps7_init.tcl
targets -set -nocase -filter {name =~"APU*" && jtag_cable_name =~ "Digilent JTAG-HS1 210512180081"} -index 0
loadhw -hw D:/MyWorkSpace/ZYNQ/ARM/Hello_world/Hello_world.sdk/design_1_wrapper_hw_platform_0/system.hdf -mem-ranges [list {0x40000000 0xbfffffff}]
configparams force-mem-access 1
targets -set -nocase -filter {name =~"APU*" && jtag_cable_name =~ "Digilent JTAG-HS1 210512180081"} -index 0
stop
ps7_init
ps7_post_config
targets -set -nocase -filter {name =~ "ARM*#0" && jtag_cable_name =~ "Digilent JTAG-HS1 210512180081"} -index 0
rst -processor
targets -set -nocase -filter {name =~ "ARM*#0" && jtag_cable_name =~ "Digilent JTAG-HS1 210512180081"} -index 0
dow D:/MyWorkSpace/ZYNQ/ARM/Hello_world/Hello_world.sdk/hello_world/Debug/hello_world.elf
configparams force-mem-access 0
----------------End of Script----------------

16:19:19 INFO  : Context for processor 'ps7_cortexa9_0' is selected.
16:19:19 INFO  : 'con' command is executed.
16:19:19 INFO  : ----------------XSDB Script (After Launch)----------------
targets -set -nocase -filter {name =~ "ARM*#0" && jtag_cable_name =~ "Digilent JTAG-HS1 210512180081"} -index 0
con
----------------End of Script----------------

16:19:19 INFO  : Launch script is exported to file 'D:\MyWorkSpace\ZYNQ\ARM\Hello_world\Hello_world.sdk\.sdk\launch_scripts\xilinx_c-c++_application_(system_debugger)\system_debugger_using_debug_hello_world.elf_on_local.tcl'
16:21:37 INFO  : Disconnected from the channel tcfchan#1.
16:21:38 INFO  : Connected to target on host '127.0.0.1' and port '3121'.
16:21:38 INFO  : Jtag cable 'Digilent JTAG-HS1 210512180081' is selected.
16:21:38 INFO  : 'jtag frequency' command is executed.
16:21:38 INFO  : Sourcing of 'D:/MyWorkSpace/ZYNQ/ARM/Hello_world/Hello_world.sdk/design_1_wrapper_hw_platform_0/ps7_init.tcl' is done.
16:21:38 INFO  : Context for 'APU' is selected.
16:21:39 INFO  : System reset is completed.
16:21:42 INFO  : 'after 3000' command is executed.
16:21:42 INFO  : Context for 'APU' is selected.
16:21:43 INFO  : Hardware design information is loaded from 'D:/MyWorkSpace/ZYNQ/ARM/Hello_world/Hello_world.sdk/design_1_wrapper_hw_platform_0/system.hdf'.
16:21:43 INFO  : 'configparams force-mem-access 1' command is executed.
16:21:43 INFO  : Context for 'APU' is selected.
16:21:43 INFO  : 'ps7_init' command is executed.
16:21:43 INFO  : 'ps7_post_config' command is executed.
16:21:43 INFO  : Context for processor 'ps7_cortexa9_0' is selected.
16:21:43 INFO  : The application 'D:/MyWorkSpace/ZYNQ/ARM/Hello_world/Hello_world.sdk/hello_world/Debug/hello_world.elf' is downloaded to processor 'ps7_cortexa9_0'.
16:21:43 INFO  : 'configparams force-mem-access 0' command is executed.
16:21:43 INFO  : ----------------XSDB Script----------------
connect -url tcp:127.0.0.1:3121
source D:/MyWorkSpace/ZYNQ/ARM/Hello_world/Hello_world.sdk/design_1_wrapper_hw_platform_0/ps7_init.tcl
targets -set -nocase -filter {name =~"APU*" && jtag_cable_name =~ "Digilent JTAG-HS1 210512180081"} -index 0
rst -system
after 3000
targets -set -nocase -filter {name =~"APU*" && jtag_cable_name =~ "Digilent JTAG-HS1 210512180081"} -index 0
loadhw -hw D:/MyWorkSpace/ZYNQ/ARM/Hello_world/Hello_world.sdk/design_1_wrapper_hw_platform_0/system.hdf -mem-ranges [list {0x40000000 0xbfffffff}]
configparams force-mem-access 1
targets -set -nocase -filter {name =~"APU*" && jtag_cable_name =~ "Digilent JTAG-HS1 210512180081"} -index 0
ps7_init
ps7_post_config
targets -set -nocase -filter {name =~ "ARM*#0" && jtag_cable_name =~ "Digilent JTAG-HS1 210512180081"} -index 0
dow D:/MyWorkSpace/ZYNQ/ARM/Hello_world/Hello_world.sdk/hello_world/Debug/hello_world.elf
configparams force-mem-access 0
----------------End of Script----------------

16:21:43 INFO  : Context for processor 'ps7_cortexa9_0' is selected.
16:21:43 INFO  : 'con' command is executed.
16:21:43 INFO  : ----------------XSDB Script (After Launch)----------------
targets -set -nocase -filter {name =~ "ARM*#0" && jtag_cable_name =~ "Digilent JTAG-HS1 210512180081"} -index 0
con
----------------End of Script----------------

16:21:43 INFO  : Launch script is exported to file 'D:\MyWorkSpace\ZYNQ\ARM\Hello_world\Hello_world.sdk\.sdk\launch_scripts\xilinx_c-c++_application_(system_debugger)\system_debugger_using_debug_hello_world.elf_on_local.tcl'
16:21:58 INFO  : Disconnected from the channel tcfchan#2.
16:21:59 INFO  : Connected to target on host '127.0.0.1' and port '3121'.
16:21:59 INFO  : Jtag cable 'Digilent JTAG-HS1 210512180081' is selected.
16:21:59 INFO  : 'jtag frequency' command is executed.
16:21:59 INFO  : Sourcing of 'D:/MyWorkSpace/ZYNQ/ARM/Hello_world/Hello_world.sdk/design_1_wrapper_hw_platform_0/ps7_init.tcl' is done.
16:21:59 INFO  : Context for 'APU' is selected.
16:21:59 INFO  : System reset is completed.
16:22:02 INFO  : 'after 3000' command is executed.
16:22:02 INFO  : Context for 'APU' is selected.
16:22:04 INFO  : Hardware design information is loaded from 'D:/MyWorkSpace/ZYNQ/ARM/Hello_world/Hello_world.sdk/design_1_wrapper_hw_platform_0/system.hdf'.
16:22:04 INFO  : 'configparams force-mem-access 1' command is executed.
16:22:04 INFO  : Context for 'APU' is selected.
16:22:04 INFO  : 'ps7_init' command is executed.
16:22:04 INFO  : 'ps7_post_config' command is executed.
16:22:04 INFO  : Context for processor 'ps7_cortexa9_0' is selected.
16:22:04 INFO  : The application 'D:/MyWorkSpace/ZYNQ/ARM/Hello_world/Hello_world.sdk/hello_world/Debug/hello_world.elf' is downloaded to processor 'ps7_cortexa9_0'.
16:22:04 INFO  : 'configparams force-mem-access 0' command is executed.
16:22:04 INFO  : ----------------XSDB Script----------------
connect -url tcp:127.0.0.1:3121
source D:/MyWorkSpace/ZYNQ/ARM/Hello_world/Hello_world.sdk/design_1_wrapper_hw_platform_0/ps7_init.tcl
targets -set -nocase -filter {name =~"APU*" && jtag_cable_name =~ "Digilent JTAG-HS1 210512180081"} -index 0
rst -system
after 3000
targets -set -nocase -filter {name =~"APU*" && jtag_cable_name =~ "Digilent JTAG-HS1 210512180081"} -index 0
loadhw -hw D:/MyWorkSpace/ZYNQ/ARM/Hello_world/Hello_world.sdk/design_1_wrapper_hw_platform_0/system.hdf -mem-ranges [list {0x40000000 0xbfffffff}]
configparams force-mem-access 1
targets -set -nocase -filter {name =~"APU*" && jtag_cable_name =~ "Digilent JTAG-HS1 210512180081"} -index 0
ps7_init
ps7_post_config
targets -set -nocase -filter {name =~ "ARM*#0" && jtag_cable_name =~ "Digilent JTAG-HS1 210512180081"} -index 0
dow D:/MyWorkSpace/ZYNQ/ARM/Hello_world/Hello_world.sdk/hello_world/Debug/hello_world.elf
configparams force-mem-access 0
----------------End of Script----------------

16:22:04 INFO  : Context for processor 'ps7_cortexa9_0' is selected.
16:22:04 INFO  : 'con' command is executed.
16:22:04 INFO  : ----------------XSDB Script (After Launch)----------------
targets -set -nocase -filter {name =~ "ARM*#0" && jtag_cable_name =~ "Digilent JTAG-HS1 210512180081"} -index 0
con
----------------End of Script----------------

16:22:04 INFO  : Launch script is exported to file 'D:\MyWorkSpace\ZYNQ\ARM\Hello_world\Hello_world.sdk\.sdk\launch_scripts\xilinx_c-c++_application_(system_debugger)\system_debugger_using_debug_hello_world.elf_on_local.tcl'
16:22:52 INFO  : Disconnected from the channel tcfchan#3.
16:22:53 INFO  : Connected to target on host '127.0.0.1' and port '3121'.
16:22:53 INFO  : Jtag cable 'Digilent JTAG-HS1 210512180081' is selected.
16:22:53 INFO  : 'jtag frequency' command is executed.
16:22:53 INFO  : Sourcing of 'D:/MyWorkSpace/ZYNQ/ARM/Hello_world/Hello_world.sdk/design_1_wrapper_hw_platform_0/ps7_init.tcl' is done.
16:22:53 INFO  : Context for 'APU' is selected.
16:22:53 INFO  : System reset is completed.
16:22:56 INFO  : 'after 3000' command is executed.
16:22:56 INFO  : Context for 'APU' is selected.
16:22:58 INFO  : Hardware design information is loaded from 'D:/MyWorkSpace/ZYNQ/ARM/Hello_world/Hello_world.sdk/design_1_wrapper_hw_platform_0/system.hdf'.
16:22:58 INFO  : 'configparams force-mem-access 1' command is executed.
16:22:58 INFO  : Context for 'APU' is selected.
16:22:58 INFO  : 'ps7_init' command is executed.
16:22:58 INFO  : 'ps7_post_config' command is executed.
16:22:58 INFO  : Context for processor 'ps7_cortexa9_0' is selected.
16:22:58 INFO  : The application 'D:/MyWorkSpace/ZYNQ/ARM/Hello_world/Hello_world.sdk/hello_world/Debug/hello_world.elf' is downloaded to processor 'ps7_cortexa9_0'.
16:22:58 INFO  : 'configparams force-mem-access 0' command is executed.
16:22:58 INFO  : ----------------XSDB Script----------------
connect -url tcp:127.0.0.1:3121
source D:/MyWorkSpace/ZYNQ/ARM/Hello_world/Hello_world.sdk/design_1_wrapper_hw_platform_0/ps7_init.tcl
targets -set -nocase -filter {name =~"APU*" && jtag_cable_name =~ "Digilent JTAG-HS1 210512180081"} -index 0
rst -system
after 3000
targets -set -nocase -filter {name =~"APU*" && jtag_cable_name =~ "Digilent JTAG-HS1 210512180081"} -index 0
loadhw -hw D:/MyWorkSpace/ZYNQ/ARM/Hello_world/Hello_world.sdk/design_1_wrapper_hw_platform_0/system.hdf -mem-ranges [list {0x40000000 0xbfffffff}]
configparams force-mem-access 1
targets -set -nocase -filter {name =~"APU*" && jtag_cable_name =~ "Digilent JTAG-HS1 210512180081"} -index 0
ps7_init
ps7_post_config
targets -set -nocase -filter {name =~ "ARM*#0" && jtag_cable_name =~ "Digilent JTAG-HS1 210512180081"} -index 0
dow D:/MyWorkSpace/ZYNQ/ARM/Hello_world/Hello_world.sdk/hello_world/Debug/hello_world.elf
configparams force-mem-access 0
----------------End of Script----------------

16:22:58 INFO  : Context for processor 'ps7_cortexa9_0' is selected.
16:22:58 INFO  : 'con' command is executed.
16:22:58 INFO  : ----------------XSDB Script (After Launch)----------------
targets -set -nocase -filter {name =~ "ARM*#0" && jtag_cable_name =~ "Digilent JTAG-HS1 210512180081"} -index 0
con
----------------End of Script----------------

16:22:58 INFO  : Launch script is exported to file 'D:\MyWorkSpace\ZYNQ\ARM\Hello_world\Hello_world.sdk\.sdk\launch_scripts\xilinx_c-c++_application_(system_debugger)\system_debugger_using_debug_hello_world.elf_on_local.tcl'
16:23:28 INFO  : Disconnected from the channel tcfchan#4.
16:23:29 INFO  : Connected to target on host '127.0.0.1' and port '3121'.
16:23:29 INFO  : Jtag cable 'Digilent JTAG-HS1 210512180081' is selected.
16:23:29 INFO  : 'jtag frequency' command is executed.
16:23:29 INFO  : Sourcing of 'D:/MyWorkSpace/ZYNQ/ARM/Hello_world/Hello_world.sdk/design_1_wrapper_hw_platform_0/ps7_init.tcl' is done.
16:23:29 INFO  : Context for 'APU' is selected.
16:23:29 INFO  : System reset is completed.
16:23:32 INFO  : 'after 3000' command is executed.
16:23:32 INFO  : Context for 'APU' is selected.
16:23:34 INFO  : Hardware design information is loaded from 'D:/MyWorkSpace/ZYNQ/ARM/Hello_world/Hello_world.sdk/design_1_wrapper_hw_platform_0/system.hdf'.
16:23:34 INFO  : 'configparams force-mem-access 1' command is executed.
16:23:34 INFO  : Context for 'APU' is selected.
16:23:34 INFO  : 'ps7_init' command is executed.
16:23:34 INFO  : 'ps7_post_config' command is executed.
16:23:34 INFO  : Context for processor 'ps7_cortexa9_0' is selected.
16:23:34 INFO  : The application 'D:/MyWorkSpace/ZYNQ/ARM/Hello_world/Hello_world.sdk/hello_world/Debug/hello_world.elf' is downloaded to processor 'ps7_cortexa9_0'.
16:23:34 INFO  : 'configparams force-mem-access 0' command is executed.
16:23:34 INFO  : ----------------XSDB Script----------------
connect -url tcp:127.0.0.1:3121
source D:/MyWorkSpace/ZYNQ/ARM/Hello_world/Hello_world.sdk/design_1_wrapper_hw_platform_0/ps7_init.tcl
targets -set -nocase -filter {name =~"APU*" && jtag_cable_name =~ "Digilent JTAG-HS1 210512180081"} -index 0
rst -system
after 3000
targets -set -nocase -filter {name =~"APU*" && jtag_cable_name =~ "Digilent JTAG-HS1 210512180081"} -index 0
loadhw -hw D:/MyWorkSpace/ZYNQ/ARM/Hello_world/Hello_world.sdk/design_1_wrapper_hw_platform_0/system.hdf -mem-ranges [list {0x40000000 0xbfffffff}]
configparams force-mem-access 1
targets -set -nocase -filter {name =~"APU*" && jtag_cable_name =~ "Digilent JTAG-HS1 210512180081"} -index 0
ps7_init
ps7_post_config
targets -set -nocase -filter {name =~ "ARM*#0" && jtag_cable_name =~ "Digilent JTAG-HS1 210512180081"} -index 0
dow D:/MyWorkSpace/ZYNQ/ARM/Hello_world/Hello_world.sdk/hello_world/Debug/hello_world.elf
configparams force-mem-access 0
----------------End of Script----------------

16:23:34 INFO  : Context for processor 'ps7_cortexa9_0' is selected.
16:23:34 INFO  : 'con' command is executed.
16:23:34 INFO  : ----------------XSDB Script (After Launch)----------------
targets -set -nocase -filter {name =~ "ARM*#0" && jtag_cable_name =~ "Digilent JTAG-HS1 210512180081"} -index 0
con
----------------End of Script----------------

16:23:34 INFO  : Launch script is exported to file 'D:\MyWorkSpace\ZYNQ\ARM\Hello_world\Hello_world.sdk\.sdk\launch_scripts\xilinx_c-c++_application_(system_debugger)\system_debugger_using_debug_hello_world.elf_on_local.tcl'
16:24:17 INFO  : Disconnected from the channel tcfchan#5.
16:24:18 INFO  : Connected to target on host '127.0.0.1' and port '3121'.
16:24:19 INFO  : Jtag cable 'Digilent JTAG-HS1 210512180081' is selected.
16:24:19 INFO  : 'jtag frequency' command is executed.
16:24:19 INFO  : Sourcing of 'D:/MyWorkSpace/ZYNQ/ARM/Hello_world/Hello_world.sdk/design_1_wrapper_hw_platform_0/ps7_init.tcl' is done.
16:24:19 INFO  : Context for 'APU' is selected.
16:24:19 INFO  : System reset is completed.
16:24:22 INFO  : 'after 3000' command is executed.
16:24:22 INFO  : Context for 'APU' is selected.
16:24:23 INFO  : Hardware design information is loaded from 'D:/MyWorkSpace/ZYNQ/ARM/Hello_world/Hello_world.sdk/design_1_wrapper_hw_platform_0/system.hdf'.
16:24:23 INFO  : 'configparams force-mem-access 1' command is executed.
16:24:23 INFO  : Context for 'APU' is selected.
16:24:24 INFO  : 'ps7_init' command is executed.
16:24:24 INFO  : 'ps7_post_config' command is executed.
16:24:24 INFO  : Context for processor 'ps7_cortexa9_0' is selected.
16:24:24 INFO  : The application 'D:/MyWorkSpace/ZYNQ/ARM/Hello_world/Hello_world.sdk/hello_world/Debug/hello_world.elf' is downloaded to processor 'ps7_cortexa9_0'.
16:24:24 INFO  : 'configparams force-mem-access 0' command is executed.
16:24:24 INFO  : ----------------XSDB Script----------------
connect -url tcp:127.0.0.1:3121
source D:/MyWorkSpace/ZYNQ/ARM/Hello_world/Hello_world.sdk/design_1_wrapper_hw_platform_0/ps7_init.tcl
targets -set -nocase -filter {name =~"APU*" && jtag_cable_name =~ "Digilent JTAG-HS1 210512180081"} -index 0
rst -system
after 3000
targets -set -nocase -filter {name =~"APU*" && jtag_cable_name =~ "Digilent JTAG-HS1 210512180081"} -index 0
loadhw -hw D:/MyWorkSpace/ZYNQ/ARM/Hello_world/Hello_world.sdk/design_1_wrapper_hw_platform_0/system.hdf -mem-ranges [list {0x40000000 0xbfffffff}]
configparams force-mem-access 1
targets -set -nocase -filter {name =~"APU*" && jtag_cable_name =~ "Digilent JTAG-HS1 210512180081"} -index 0
ps7_init
ps7_post_config
targets -set -nocase -filter {name =~ "ARM*#0" && jtag_cable_name =~ "Digilent JTAG-HS1 210512180081"} -index 0
dow D:/MyWorkSpace/ZYNQ/ARM/Hello_world/Hello_world.sdk/hello_world/Debug/hello_world.elf
configparams force-mem-access 0
----------------End of Script----------------

16:24:24 INFO  : Context for processor 'ps7_cortexa9_0' is selected.
16:24:24 INFO  : 'con' command is executed.
16:24:24 INFO  : ----------------XSDB Script (After Launch)----------------
targets -set -nocase -filter {name =~ "ARM*#0" && jtag_cable_name =~ "Digilent JTAG-HS1 210512180081"} -index 0
con
----------------End of Script----------------

16:24:24 INFO  : Launch script is exported to file 'D:\MyWorkSpace\ZYNQ\ARM\Hello_world\Hello_world.sdk\.sdk\launch_scripts\xilinx_c-c++_application_(system_debugger)\system_debugger_using_debug_hello_world.elf_on_local.tcl'
17:11:49 INFO  : Disconnected from the channel tcfchan#6.
17:12:17 INFO  : Registering command handlers for SDK TCF services
17:12:18 INFO  : Launching XSCT server: xsct.bat -interactive D:\MyWorkSpace\ZYNQ\ARM\Hello_world\Hello_world.sdk\temp_xsdb_launch_script.tcl
17:12:20 INFO  : XSCT server has started successfully.
17:12:20 INFO  : Successfully done setting XSCT server connection channel  
17:12:20 INFO  : Successfully done setting SDK workspace  
17:12:20 INFO  : Processing command line option -hwspec D:/MyWorkSpace/ZYNQ/ARM/Hello_world/Hello_world.sdk/design_1_wrapper.hdf.
17:12:20 INFO  : Checking for hwspec changes in the project design_1_wrapper_hw_platform_0.
