16:51:49 INFO  : Registering command handlers for SDK TCF services
16:51:50 INFO  : Launching XSCT server: xsct.bat -interactive F:\intel_project\AX7020\update2017p4\17_an5642_lwip_double\an5642_lwip.sdk\temp_xsdb_launch_script.tcl
16:51:52 INFO  : XSCT server has started successfully.
16:51:53 INFO  : Successfully done setting XSCT server connection channel  
16:51:53 INFO  : Successfully done setting SDK workspace  
16:51:53 INFO  : Processing command line option -hwspec F:/intel_project/AX7020/update2017p4/17_an5642_lwip_double/an5642_lwip.sdk/system_wrapper.hdf.
16:53:15 INFO  : Refreshed build settings on project lwip_double_video
16:54:14 INFO  : Connected to target on host '127.0.0.1' and port '3121'.
16:54:14 INFO  : Jtag cable 'Digilent JTAG-HS1 210512180081' is selected.
16:54:14 INFO  : 'jtag frequency' command is executed.
16:54:14 INFO  : Sourcing of 'F:/intel_project/AX7020/update2017p4/17_an5642_lwip_double/an5642_lwip.sdk/system_wrapper_hw_platform_0/ps7_init.tcl' is done.
16:54:14 INFO  : Context for 'APU' is selected.
16:54:15 INFO  : System reset is completed.
16:54:18 INFO  : 'after 3000' command is executed.
16:54:18 INFO  : 'targets -set -filter {jtag_cable_name =~ "Digilent JTAG-HS1 210512180081" && level==0} -index 1' command is executed.
16:54:19 INFO  : FPGA configured successfully with bitstream "F:/intel_project/AX7020/update2017p4/17_an5642_lwip_double/an5642_lwip.sdk/system_wrapper_hw_platform_0/system_wrapper.bit"
16:54:19 INFO  : Context for 'APU' is selected.
16:54:19 INFO  : Hardware design information is loaded from 'F:/intel_project/AX7020/update2017p4/17_an5642_lwip_double/an5642_lwip.sdk/system_wrapper_hw_platform_0/system.hdf'.
16:54:19 INFO  : 'configparams force-mem-access 1' command is executed.
16:54:19 INFO  : Context for 'APU' is selected.
16:54:20 INFO  : 'ps7_init' command is executed.
16:54:20 INFO  : 'ps7_post_config' command is executed.
16:54:20 INFO  : Context for processor 'ps7_cortexa9_0' is selected.
16:54:20 INFO  : The application 'F:/intel_project/AX7020/update2017p4/17_an5642_lwip_double/an5642_lwip.sdk/lwip_double_video/Debug/lwip_double_video.elf' is downloaded to processor 'ps7_cortexa9_0'.
16:54:20 INFO  : 'configparams force-mem-access 0' command is executed.
16:54:20 INFO  : ----------------XSDB Script----------------
connect -url tcp:127.0.0.1:3121
source F:/intel_project/AX7020/update2017p4/17_an5642_lwip_double/an5642_lwip.sdk/system_wrapper_hw_platform_0/ps7_init.tcl
targets -set -nocase -filter {name =~"APU*" && jtag_cable_name =~ "Digilent JTAG-HS1 210512180081"} -index 0
rst -system
after 3000
targets -set -filter {jtag_cable_name =~ "Digilent JTAG-HS1 210512180081" && level==0} -index 1
fpga -file F:/intel_project/AX7020/update2017p4/17_an5642_lwip_double/an5642_lwip.sdk/system_wrapper_hw_platform_0/system_wrapper.bit
targets -set -nocase -filter {name =~"APU*" && jtag_cable_name =~ "Digilent JTAG-HS1 210512180081"} -index 0
loadhw -hw F:/intel_project/AX7020/update2017p4/17_an5642_lwip_double/an5642_lwip.sdk/system_wrapper_hw_platform_0/system.hdf -mem-ranges [list {0x40000000 0xbfffffff}]
configparams force-mem-access 1
targets -set -nocase -filter {name =~"APU*" && jtag_cable_name =~ "Digilent JTAG-HS1 210512180081"} -index 0
ps7_init
ps7_post_config
targets -set -nocase -filter {name =~ "ARM*#0" && jtag_cable_name =~ "Digilent JTAG-HS1 210512180081"} -index 0
dow F:/intel_project/AX7020/update2017p4/17_an5642_lwip_double/an5642_lwip.sdk/lwip_double_video/Debug/lwip_double_video.elf
configparams force-mem-access 0
----------------End of Script----------------

16:54:20 INFO  : Memory regions updated for context APU
16:54:20 INFO  : Context for processor 'ps7_cortexa9_0' is selected.
16:54:20 INFO  : 'con' command is executed.
16:54:20 INFO  : ----------------XSDB Script (After Launch)----------------
targets -set -nocase -filter {name =~ "ARM*#0" && jtag_cable_name =~ "Digilent JTAG-HS1 210512180081"} -index 0
con
----------------End of Script----------------

16:54:20 INFO  : Launch script is exported to file 'F:\intel_project\AX7020\update2017p4\17_an5642_lwip_double\an5642_lwip.sdk\.sdk\launch_scripts\xilinx_c-c++_application_(system_debugger)\system_debugger_using_debug_lwip_double_video.elf_on_local.tcl'
16:56:40 INFO  : Invoking Bootgen: bootgen -image lwip_double_video.bif -arch zynq -o F:\intel_project\AX7020\update2017p4\17_an5642_lwip_double\bootimage\BOOT.bin -w on
16:56:40 INFO  : Overwriting existing bif file F:\intel_project\AX7020\update2017p4\17_an5642_lwip_double\bootimage\lwip_double_video.bif
16:56:41 INFO  : Bootgen command execution is done.
16:59:51 INFO  : Disconnected from the channel tcfchan#1.
20:07:41 INFO  : Launching XSCT server: xsct.bat -interactive F:\intel_project\AX7020\update2017p4\17_an5642_lwip_double\an5642_lwip.sdk\temp_xsdb_launch_script.tcl
20:07:42 INFO  : XSCT server has started successfully.
20:07:42 INFO  : Successfully done setting XSCT server connection channel  
20:07:43 INFO  : Successfully done setting SDK workspace  
20:07:50 INFO  : Registering command handlers for SDK TCF services
09:22:43 INFO  : Launching XSCT server: xsct.bat -interactive F:\intel_project\AX7020\update2017p4\17_an5642_lwip_double\an5642_lwip.sdk\temp_xsdb_launch_script.tcl
09:22:45 INFO  : XSCT server has started successfully.
09:22:46 INFO  : Successfully done setting XSCT server connection channel  
09:22:46 INFO  : Successfully done setting SDK workspace  
09:22:50 INFO  : Registering command handlers for SDK TCF services
09:43:59 INFO  : Launching XSCT server: xsct.bat -interactive F:\intel_project\AX7020\update2017p4\17_an5642_lwip_double\an5642_lwip.sdk\temp_xsdb_launch_script.tcl
09:44:01 INFO  : XSCT server has started successfully.
09:44:01 INFO  : Successfully done setting XSCT server connection channel  
09:44:02 INFO  : Successfully done setting SDK workspace  
09:44:06 INFO  : Registering command handlers for SDK TCF services
18:31:44 INFO  : Launching XSCT server: xsct.bat -interactive F:\xilinx_project\AX7020\2017_NewCourse\course_s2_sdk\15_an5642_lwip_double\an5642_lwip.sdk\temp_xsdb_launch_script.tcl
18:31:46 INFO  : XSCT server has started successfully.
18:31:46 INFO  : Successfully done setting XSCT server connection channel  
18:31:47 INFO  : Successfully done setting SDK workspace  
18:31:52 INFO  : Registering command handlers for SDK TCF services
18:31:52 INFO  : Processing command line option -hwspec F:/xilinx_project/AX7020/2017_NewCourse/course_s2_sdk/15_an5642_lwip_double/an5642_lwip.sdk/system_wrapper.hdf.
18:30:03 INFO  : Registering command handlers for SDK TCF services
18:30:03 INFO  : Launching XSCT server: xsct.bat -interactive D:\MyWorkSpace\ZYNQ\ARM\model_an5642_lwip_double\an5642_lwip.sdk\temp_xsdb_launch_script.tcl
18:30:05 INFO  : XSCT server has started successfully.
18:30:05 INFO  : Successfully done setting XSCT server connection channel  
18:30:06 INFO  : Successfully done setting SDK workspace  
18:30:06 INFO  : Processing command line option -hwspec D:/MyWorkSpace/ZYNQ/ARM/model_an5642_lwip_double/an5642_lwip.sdk/system_wrapper.hdf.
18:30:52 INFO  : Connected to target on host '127.0.0.1' and port '3121'.
18:30:52 INFO  : Jtag cable 'Digilent JTAG-HS1 210512180081' is selected.
18:30:52 INFO  : 'jtag frequency' command is executed.
18:30:52 INFO  : Sourcing of 'D:/MyWorkSpace/ZYNQ/ARM/model_an5642_lwip_double/an5642_lwip.sdk/system_wrapper_hw_platform_0/ps7_init.tcl' is done.
18:30:52 INFO  : Context for 'APU' is selected.
18:30:52 INFO  : System reset is completed.
18:30:55 INFO  : 'after 3000' command is executed.
18:30:55 INFO  : 'targets -set -filter {jtag_cable_name =~ "Digilent JTAG-HS1 210512180081" && level==0} -index 1' command is executed.
18:30:57 INFO  : FPGA configured successfully with bitstream "D:/MyWorkSpace/ZYNQ/ARM/model_an5642_lwip_double/an5642_lwip.sdk/system_wrapper_hw_platform_0/system_wrapper.bit"
18:30:57 INFO  : Context for 'APU' is selected.
18:30:57 INFO  : Hardware design information is loaded from 'D:/MyWorkSpace/ZYNQ/ARM/model_an5642_lwip_double/an5642_lwip.sdk/system_wrapper_hw_platform_0/system.hdf'.
18:30:57 INFO  : 'configparams force-mem-access 1' command is executed.
18:30:57 INFO  : Context for 'APU' is selected.
18:30:57 INFO  : 'ps7_init' command is executed.
18:30:57 INFO  : 'ps7_post_config' command is executed.
18:30:57 INFO  : Context for processor 'ps7_cortexa9_0' is selected.
18:30:57 INFO  : The application 'D:/MyWorkSpace/ZYNQ/ARM/model_an5642_lwip_double/an5642_lwip.sdk/lwip_double_video/Debug/lwip_double_video.elf' is downloaded to processor 'ps7_cortexa9_0'.
18:30:57 INFO  : 'configparams force-mem-access 0' command is executed.
18:30:57 INFO  : ----------------XSDB Script----------------
connect -url tcp:127.0.0.1:3121
source D:/MyWorkSpace/ZYNQ/ARM/model_an5642_lwip_double/an5642_lwip.sdk/system_wrapper_hw_platform_0/ps7_init.tcl
targets -set -nocase -filter {name =~"APU*" && jtag_cable_name =~ "Digilent JTAG-HS1 210512180081"} -index 0
rst -system
after 3000
targets -set -filter {jtag_cable_name =~ "Digilent JTAG-HS1 210512180081" && level==0} -index 1
fpga -file D:/MyWorkSpace/ZYNQ/ARM/model_an5642_lwip_double/an5642_lwip.sdk/system_wrapper_hw_platform_0/system_wrapper.bit
targets -set -nocase -filter {name =~"APU*" && jtag_cable_name =~ "Digilent JTAG-HS1 210512180081"} -index 0
loadhw -hw D:/MyWorkSpace/ZYNQ/ARM/model_an5642_lwip_double/an5642_lwip.sdk/system_wrapper_hw_platform_0/system.hdf -mem-ranges [list {0x40000000 0xbfffffff}]
configparams force-mem-access 1
targets -set -nocase -filter {name =~"APU*" && jtag_cable_name =~ "Digilent JTAG-HS1 210512180081"} -index 0
ps7_init
ps7_post_config
targets -set -nocase -filter {name =~ "ARM*#0" && jtag_cable_name =~ "Digilent JTAG-HS1 210512180081"} -index 0
dow D:/MyWorkSpace/ZYNQ/ARM/model_an5642_lwip_double/an5642_lwip.sdk/lwip_double_video/Debug/lwip_double_video.elf
configparams force-mem-access 0
----------------End of Script----------------

18:30:57 INFO  : Memory regions updated for context APU
18:30:58 INFO  : Context for processor 'ps7_cortexa9_0' is selected.
18:30:58 INFO  : 'con' command is executed.
18:30:58 INFO  : ----------------XSDB Script (After Launch)----------------
targets -set -nocase -filter {name =~ "ARM*#0" && jtag_cable_name =~ "Digilent JTAG-HS1 210512180081"} -index 0
con
----------------End of Script----------------

18:30:58 INFO  : Launch script is exported to file 'D:\MyWorkSpace\ZYNQ\ARM\model_an5642_lwip_double\an5642_lwip.sdk\.sdk\launch_scripts\xilinx_c-c++_application_(system_debugger)\system_debugger_using_debug_lwip_double_video.elf_on_local.tcl'
18:40:30 INFO  : Disconnected from the channel tcfchan#1.
18:40:31 INFO  : Connected to target on host '127.0.0.1' and port '3121'.
18:40:31 INFO  : Jtag cable 'Digilent JTAG-HS1 210512180081' is selected.
18:40:31 INFO  : 'jtag frequency' command is executed.
18:40:31 INFO  : Sourcing of 'D:/MyWorkSpace/ZYNQ/ARM/model_an5642_lwip_double/an5642_lwip.sdk/system_wrapper_hw_platform_0/ps7_init.tcl' is done.
18:40:31 INFO  : Context for 'APU' is selected.
18:40:31 INFO  : System reset is completed.
18:40:34 INFO  : 'after 3000' command is executed.
18:40:34 INFO  : 'targets -set -filter {jtag_cable_name =~ "Digilent JTAG-HS1 210512180081" && level==0} -index 1' command is executed.
18:40:36 INFO  : FPGA configured successfully with bitstream "D:/MyWorkSpace/ZYNQ/ARM/model_an5642_lwip_double/an5642_lwip.sdk/system_wrapper_hw_platform_0/system_wrapper.bit"
18:40:36 INFO  : Context for 'APU' is selected.
18:40:38 INFO  : Hardware design information is loaded from 'D:/MyWorkSpace/ZYNQ/ARM/model_an5642_lwip_double/an5642_lwip.sdk/system_wrapper_hw_platform_0/system.hdf'.
18:40:38 INFO  : 'configparams force-mem-access 1' command is executed.
18:40:38 INFO  : Context for 'APU' is selected.
18:40:38 INFO  : 'ps7_init' command is executed.
18:40:38 INFO  : 'ps7_post_config' command is executed.
18:40:38 INFO  : Context for processor 'ps7_cortexa9_0' is selected.
18:40:38 INFO  : The application 'D:/MyWorkSpace/ZYNQ/ARM/model_an5642_lwip_double/an5642_lwip.sdk/lwip_double_video/Debug/lwip_double_video.elf' is downloaded to processor 'ps7_cortexa9_0'.
18:40:38 INFO  : 'configparams force-mem-access 0' command is executed.
18:40:38 INFO  : ----------------XSDB Script----------------
connect -url tcp:127.0.0.1:3121
source D:/MyWorkSpace/ZYNQ/ARM/model_an5642_lwip_double/an5642_lwip.sdk/system_wrapper_hw_platform_0/ps7_init.tcl
targets -set -nocase -filter {name =~"APU*" && jtag_cable_name =~ "Digilent JTAG-HS1 210512180081"} -index 0
rst -system
after 3000
targets -set -filter {jtag_cable_name =~ "Digilent JTAG-HS1 210512180081" && level==0} -index 1
fpga -file D:/MyWorkSpace/ZYNQ/ARM/model_an5642_lwip_double/an5642_lwip.sdk/system_wrapper_hw_platform_0/system_wrapper.bit
targets -set -nocase -filter {name =~"APU*" && jtag_cable_name =~ "Digilent JTAG-HS1 210512180081"} -index 0
loadhw -hw D:/MyWorkSpace/ZYNQ/ARM/model_an5642_lwip_double/an5642_lwip.sdk/system_wrapper_hw_platform_0/system.hdf -mem-ranges [list {0x40000000 0xbfffffff}]
configparams force-mem-access 1
targets -set -nocase -filter {name =~"APU*" && jtag_cable_name =~ "Digilent JTAG-HS1 210512180081"} -index 0
ps7_init
ps7_post_config
targets -set -nocase -filter {name =~ "ARM*#0" && jtag_cable_name =~ "Digilent JTAG-HS1 210512180081"} -index 0
dow D:/MyWorkSpace/ZYNQ/ARM/model_an5642_lwip_double/an5642_lwip.sdk/lwip_double_video/Debug/lwip_double_video.elf
configparams force-mem-access 0
----------------End of Script----------------

18:40:38 INFO  : Memory regions updated for context APU
18:40:38 INFO  : Context for processor 'ps7_cortexa9_0' is selected.
18:40:38 INFO  : 'con' command is executed.
18:40:38 INFO  : ----------------XSDB Script (After Launch)----------------
targets -set -nocase -filter {name =~ "ARM*#0" && jtag_cable_name =~ "Digilent JTAG-HS1 210512180081"} -index 0
con
----------------End of Script----------------

18:40:38 INFO  : Launch script is exported to file 'D:\MyWorkSpace\ZYNQ\ARM\model_an5642_lwip_double\an5642_lwip.sdk\.sdk\launch_scripts\xilinx_c-c++_application_(system_debugger)\system_debugger_using_debug_lwip_double_video.elf_on_local.tcl'
18:43:40 ERROR : Library Description Not Found For : lwip141:2.0
18:44:01 ERROR : Error refreshing build settings on referencing application projects.
18:44:11 ERROR : Library Description Not Found For : lwip141:2.0
18:44:29 INFO  : No changes in MSS file content so not generating sources.
18:45:00 INFO  : Disconnected from the channel tcfchan#2.
18:45:01 INFO  : Connected to target on host '127.0.0.1' and port '3121'.
18:45:01 INFO  : Jtag cable 'Digilent JTAG-HS1 210512180081' is selected.
18:45:01 INFO  : 'jtag frequency' command is executed.
18:45:01 INFO  : Sourcing of 'D:/MyWorkSpace/ZYNQ/ARM/model_an5642_lwip_double/an5642_lwip.sdk/system_wrapper_hw_platform_0/ps7_init.tcl' is done.
18:45:01 INFO  : Context for 'APU' is selected.
18:45:01 INFO  : System reset is completed.
18:45:04 INFO  : 'after 3000' command is executed.
18:45:04 INFO  : 'targets -set -filter {jtag_cable_name =~ "Digilent JTAG-HS1 210512180081" && level==0} -index 1' command is executed.
18:45:06 INFO  : FPGA configured successfully with bitstream "D:/MyWorkSpace/ZYNQ/ARM/model_an5642_lwip_double/an5642_lwip.sdk/system_wrapper_hw_platform_0/system_wrapper.bit"
18:45:06 INFO  : Context for 'APU' is selected.
18:45:06 INFO  : Hardware design information is loaded from 'D:/MyWorkSpace/ZYNQ/ARM/model_an5642_lwip_double/an5642_lwip.sdk/system_wrapper_hw_platform_0/system.hdf'.
18:45:06 INFO  : 'configparams force-mem-access 1' command is executed.
18:45:06 INFO  : Context for 'APU' is selected.
18:45:06 INFO  : 'ps7_init' command is executed.
18:45:06 INFO  : 'ps7_post_config' command is executed.
18:45:06 INFO  : Context for processor 'ps7_cortexa9_0' is selected.
18:45:06 INFO  : The application 'D:/MyWorkSpace/ZYNQ/ARM/model_an5642_lwip_double/an5642_lwip.sdk/lwip_double_video/Debug/lwip_double_video.elf' is downloaded to processor 'ps7_cortexa9_0'.
18:45:06 INFO  : 'configparams force-mem-access 0' command is executed.
18:45:06 INFO  : ----------------XSDB Script----------------
connect -url tcp:127.0.0.1:3121
source D:/MyWorkSpace/ZYNQ/ARM/model_an5642_lwip_double/an5642_lwip.sdk/system_wrapper_hw_platform_0/ps7_init.tcl
targets -set -nocase -filter {name =~"APU*" && jtag_cable_name =~ "Digilent JTAG-HS1 210512180081"} -index 0
rst -system
after 3000
targets -set -filter {jtag_cable_name =~ "Digilent JTAG-HS1 210512180081" && level==0} -index 1
fpga -file D:/MyWorkSpace/ZYNQ/ARM/model_an5642_lwip_double/an5642_lwip.sdk/system_wrapper_hw_platform_0/system_wrapper.bit
targets -set -nocase -filter {name =~"APU*" && jtag_cable_name =~ "Digilent JTAG-HS1 210512180081"} -index 0
loadhw -hw D:/MyWorkSpace/ZYNQ/ARM/model_an5642_lwip_double/an5642_lwip.sdk/system_wrapper_hw_platform_0/system.hdf -mem-ranges [list {0x40000000 0xbfffffff}]
configparams force-mem-access 1
targets -set -nocase -filter {name =~"APU*" && jtag_cable_name =~ "Digilent JTAG-HS1 210512180081"} -index 0
ps7_init
ps7_post_config
targets -set -nocase -filter {name =~ "ARM*#0" && jtag_cable_name =~ "Digilent JTAG-HS1 210512180081"} -index 0
dow D:/MyWorkSpace/ZYNQ/ARM/model_an5642_lwip_double/an5642_lwip.sdk/lwip_double_video/Debug/lwip_double_video.elf
configparams force-mem-access 0
----------------End of Script----------------

18:45:06 INFO  : Memory regions updated for context APU
18:45:07 INFO  : Context for processor 'ps7_cortexa9_0' is selected.
18:45:07 INFO  : 'con' command is executed.
18:45:07 INFO  : ----------------XSDB Script (After Launch)----------------
targets -set -nocase -filter {name =~ "ARM*#0" && jtag_cable_name =~ "Digilent JTAG-HS1 210512180081"} -index 0
con
----------------End of Script----------------

18:45:07 INFO  : Launch script is exported to file 'D:\MyWorkSpace\ZYNQ\ARM\model_an5642_lwip_double\an5642_lwip.sdk\.sdk\launch_scripts\xilinx_c-c++_application_(system_debugger)\system_debugger_using_debug_lwip_double_video.elf_on_local.tcl'
18:45:34 ERROR : Library Description Not Found For : lwip141:2.0
18:46:18 ERROR : Error refreshing build settings on referencing application projects.
18:47:34 ERROR : Library Description Not Found For : lwip141:2.0
18:48:29 INFO  : Disconnected from the channel tcfchan#3.
18:48:30 INFO  : Connected to target on host '127.0.0.1' and port '3121'.
18:48:30 INFO  : Jtag cable 'Digilent JTAG-HS1 210512180081' is selected.
18:48:30 INFO  : 'jtag frequency' command is executed.
18:48:30 INFO  : Sourcing of 'D:/MyWorkSpace/ZYNQ/ARM/model_an5642_lwip_double/an5642_lwip.sdk/system_wrapper_hw_platform_0/ps7_init.tcl' is done.
18:48:30 INFO  : Context for 'APU' is selected.
18:48:30 INFO  : System reset is completed.
18:48:33 INFO  : 'after 3000' command is executed.
18:48:33 INFO  : 'targets -set -filter {jtag_cable_name =~ "Digilent JTAG-HS1 210512180081" && level==0} -index 1' command is executed.
18:48:35 INFO  : FPGA configured successfully with bitstream "D:/MyWorkSpace/ZYNQ/ARM/model_an5642_lwip_double/an5642_lwip.sdk/system_wrapper_hw_platform_0/system_wrapper.bit"
18:48:35 INFO  : Context for 'APU' is selected.
18:48:35 INFO  : Hardware design information is loaded from 'D:/MyWorkSpace/ZYNQ/ARM/model_an5642_lwip_double/an5642_lwip.sdk/system_wrapper_hw_platform_0/system.hdf'.
18:48:35 INFO  : 'configparams force-mem-access 1' command is executed.
18:48:35 INFO  : Context for 'APU' is selected.
18:48:35 INFO  : 'ps7_init' command is executed.
18:48:35 INFO  : 'ps7_post_config' command is executed.
18:48:35 INFO  : Context for processor 'ps7_cortexa9_0' is selected.
18:48:35 INFO  : The application 'D:/MyWorkSpace/ZYNQ/ARM/model_an5642_lwip_double/an5642_lwip.sdk/lwip_double_video/Debug/lwip_double_video.elf' is downloaded to processor 'ps7_cortexa9_0'.
18:48:35 INFO  : 'configparams force-mem-access 0' command is executed.
18:48:35 INFO  : ----------------XSDB Script----------------
connect -url tcp:127.0.0.1:3121
source D:/MyWorkSpace/ZYNQ/ARM/model_an5642_lwip_double/an5642_lwip.sdk/system_wrapper_hw_platform_0/ps7_init.tcl
targets -set -nocase -filter {name =~"APU*" && jtag_cable_name =~ "Digilent JTAG-HS1 210512180081"} -index 0
rst -system
after 3000
targets -set -filter {jtag_cable_name =~ "Digilent JTAG-HS1 210512180081" && level==0} -index 1
fpga -file D:/MyWorkSpace/ZYNQ/ARM/model_an5642_lwip_double/an5642_lwip.sdk/system_wrapper_hw_platform_0/system_wrapper.bit
targets -set -nocase -filter {name =~"APU*" && jtag_cable_name =~ "Digilent JTAG-HS1 210512180081"} -index 0
loadhw -hw D:/MyWorkSpace/ZYNQ/ARM/model_an5642_lwip_double/an5642_lwip.sdk/system_wrapper_hw_platform_0/system.hdf -mem-ranges [list {0x40000000 0xbfffffff}]
configparams force-mem-access 1
targets -set -nocase -filter {name =~"APU*" && jtag_cable_name =~ "Digilent JTAG-HS1 210512180081"} -index 0
ps7_init
ps7_post_config
targets -set -nocase -filter {name =~ "ARM*#0" && jtag_cable_name =~ "Digilent JTAG-HS1 210512180081"} -index 0
dow D:/MyWorkSpace/ZYNQ/ARM/model_an5642_lwip_double/an5642_lwip.sdk/lwip_double_video/Debug/lwip_double_video.elf
configparams force-mem-access 0
----------------End of Script----------------

18:48:35 INFO  : Memory regions updated for context APU
18:48:35 INFO  : Context for processor 'ps7_cortexa9_0' is selected.
18:48:35 INFO  : 'con' command is executed.
18:48:35 INFO  : ----------------XSDB Script (After Launch)----------------
targets -set -nocase -filter {name =~ "ARM*#0" && jtag_cable_name =~ "Digilent JTAG-HS1 210512180081"} -index 0
con
----------------End of Script----------------

18:48:35 INFO  : Launch script is exported to file 'D:\MyWorkSpace\ZYNQ\ARM\model_an5642_lwip_double\an5642_lwip.sdk\.sdk\launch_scripts\xilinx_c-c++_application_(system_debugger)\system_debugger_using_debug_lwip_double_video.elf_on_local.tcl'
18:53:30 INFO  : Disconnected from the channel tcfchan#4.
18:53:31 INFO  : Connected to target on host '127.0.0.1' and port '3121'.
18:53:31 INFO  : Jtag cable 'Digilent JTAG-HS1 210512180081' is selected.
18:53:31 INFO  : 'jtag frequency' command is executed.
18:53:31 INFO  : Sourcing of 'D:/MyWorkSpace/ZYNQ/ARM/model_an5642_lwip_double/an5642_lwip.sdk/system_wrapper_hw_platform_0/ps7_init.tcl' is done.
18:53:31 INFO  : Context for 'APU' is selected.
18:53:31 INFO  : System reset is completed.
18:53:34 INFO  : 'after 3000' command is executed.
18:53:34 INFO  : 'targets -set -filter {jtag_cable_name =~ "Digilent JTAG-HS1 210512180081" && level==0} -index 1' command is executed.
18:53:35 INFO  : FPGA configured successfully with bitstream "D:/MyWorkSpace/ZYNQ/ARM/model_an5642_lwip_double/an5642_lwip.sdk/system_wrapper_hw_platform_0/system_wrapper.bit"
18:53:35 INFO  : Context for 'APU' is selected.
18:53:35 INFO  : Hardware design information is loaded from 'D:/MyWorkSpace/ZYNQ/ARM/model_an5642_lwip_double/an5642_lwip.sdk/system_wrapper_hw_platform_0/system.hdf'.
18:53:35 INFO  : 'configparams force-mem-access 1' command is executed.
18:53:36 INFO  : Context for 'APU' is selected.
18:53:36 INFO  : 'ps7_init' command is executed.
18:53:36 INFO  : 'ps7_post_config' command is executed.
18:53:36 INFO  : Context for processor 'ps7_cortexa9_0' is selected.
18:53:36 INFO  : The application 'D:/MyWorkSpace/ZYNQ/ARM/model_an5642_lwip_double/an5642_lwip.sdk/lwip_double_video/Debug/lwip_double_video.elf' is downloaded to processor 'ps7_cortexa9_0'.
18:53:36 INFO  : 'configparams force-mem-access 0' command is executed.
18:53:36 INFO  : ----------------XSDB Script----------------
connect -url tcp:127.0.0.1:3121
source D:/MyWorkSpace/ZYNQ/ARM/model_an5642_lwip_double/an5642_lwip.sdk/system_wrapper_hw_platform_0/ps7_init.tcl
targets -set -nocase -filter {name =~"APU*" && jtag_cable_name =~ "Digilent JTAG-HS1 210512180081"} -index 0
rst -system
after 3000
targets -set -filter {jtag_cable_name =~ "Digilent JTAG-HS1 210512180081" && level==0} -index 1
fpga -file D:/MyWorkSpace/ZYNQ/ARM/model_an5642_lwip_double/an5642_lwip.sdk/system_wrapper_hw_platform_0/system_wrapper.bit
targets -set -nocase -filter {name =~"APU*" && jtag_cable_name =~ "Digilent JTAG-HS1 210512180081"} -index 0
loadhw -hw D:/MyWorkSpace/ZYNQ/ARM/model_an5642_lwip_double/an5642_lwip.sdk/system_wrapper_hw_platform_0/system.hdf -mem-ranges [list {0x40000000 0xbfffffff}]
configparams force-mem-access 1
targets -set -nocase -filter {name =~"APU*" && jtag_cable_name =~ "Digilent JTAG-HS1 210512180081"} -index 0
ps7_init
ps7_post_config
targets -set -nocase -filter {name =~ "ARM*#0" && jtag_cable_name =~ "Digilent JTAG-HS1 210512180081"} -index 0
dow D:/MyWorkSpace/ZYNQ/ARM/model_an5642_lwip_double/an5642_lwip.sdk/lwip_double_video/Debug/lwip_double_video.elf
configparams force-mem-access 0
----------------End of Script----------------

18:53:36 INFO  : Memory regions updated for context APU
18:53:36 INFO  : Context for processor 'ps7_cortexa9_0' is selected.
18:53:36 INFO  : 'con' command is executed.
18:53:36 INFO  : ----------------XSDB Script (After Launch)----------------
targets -set -nocase -filter {name =~ "ARM*#0" && jtag_cable_name =~ "Digilent JTAG-HS1 210512180081"} -index 0
con
----------------End of Script----------------

18:53:36 INFO  : Launch script is exported to file 'D:\MyWorkSpace\ZYNQ\ARM\model_an5642_lwip_double\an5642_lwip.sdk\.sdk\launch_scripts\xilinx_c-c++_application_(system_debugger)\system_debugger_using_debug_lwip_double_video.elf_on_local.tcl'
19:02:46 ERROR : Library Description Not Found For : lwip141:2.0
19:02:57 ERROR : Error refreshing build settings on referencing application projects.
19:03:36 INFO  : Disconnected from the channel tcfchan#5.
19:03:37 INFO  : Connected to target on host '127.0.0.1' and port '3121'.
19:03:37 INFO  : Jtag cable 'Digilent JTAG-HS1 210512180081' is selected.
19:03:37 INFO  : 'jtag frequency' command is executed.
19:03:37 INFO  : Sourcing of 'D:/MyWorkSpace/ZYNQ/ARM/model_an5642_lwip_double/an5642_lwip.sdk/system_wrapper_hw_platform_0/ps7_init.tcl' is done.
19:03:37 INFO  : Context for 'APU' is selected.
19:03:37 INFO  : System reset is completed.
19:03:40 INFO  : 'after 3000' command is executed.
19:03:40 INFO  : 'targets -set -filter {jtag_cable_name =~ "Digilent JTAG-HS1 210512180081" && level==0} -index 1' command is executed.
19:03:41 INFO  : FPGA configured successfully with bitstream "D:/MyWorkSpace/ZYNQ/ARM/model_an5642_lwip_double/an5642_lwip.sdk/system_wrapper_hw_platform_0/system_wrapper.bit"
19:03:41 INFO  : Context for 'APU' is selected.
19:03:41 INFO  : Hardware design information is loaded from 'D:/MyWorkSpace/ZYNQ/ARM/model_an5642_lwip_double/an5642_lwip.sdk/system_wrapper_hw_platform_0/system.hdf'.
19:03:41 INFO  : 'configparams force-mem-access 1' command is executed.
19:03:41 INFO  : Context for 'APU' is selected.
19:03:42 INFO  : 'ps7_init' command is executed.
19:03:42 INFO  : 'ps7_post_config' command is executed.
19:03:42 INFO  : Context for processor 'ps7_cortexa9_0' is selected.
19:03:42 INFO  : The application 'D:/MyWorkSpace/ZYNQ/ARM/model_an5642_lwip_double/an5642_lwip.sdk/lwip_double_video/Debug/lwip_double_video.elf' is downloaded to processor 'ps7_cortexa9_0'.
19:03:42 INFO  : 'configparams force-mem-access 0' command is executed.
19:03:42 INFO  : ----------------XSDB Script----------------
connect -url tcp:127.0.0.1:3121
source D:/MyWorkSpace/ZYNQ/ARM/model_an5642_lwip_double/an5642_lwip.sdk/system_wrapper_hw_platform_0/ps7_init.tcl
targets -set -nocase -filter {name =~"APU*" && jtag_cable_name =~ "Digilent JTAG-HS1 210512180081"} -index 0
rst -system
after 3000
targets -set -filter {jtag_cable_name =~ "Digilent JTAG-HS1 210512180081" && level==0} -index 1
fpga -file D:/MyWorkSpace/ZYNQ/ARM/model_an5642_lwip_double/an5642_lwip.sdk/system_wrapper_hw_platform_0/system_wrapper.bit
targets -set -nocase -filter {name =~"APU*" && jtag_cable_name =~ "Digilent JTAG-HS1 210512180081"} -index 0
loadhw -hw D:/MyWorkSpace/ZYNQ/ARM/model_an5642_lwip_double/an5642_lwip.sdk/system_wrapper_hw_platform_0/system.hdf -mem-ranges [list {0x40000000 0xbfffffff}]
configparams force-mem-access 1
targets -set -nocase -filter {name =~"APU*" && jtag_cable_name =~ "Digilent JTAG-HS1 210512180081"} -index 0
ps7_init
ps7_post_config
targets -set -nocase -filter {name =~ "ARM*#0" && jtag_cable_name =~ "Digilent JTAG-HS1 210512180081"} -index 0
dow D:/MyWorkSpace/ZYNQ/ARM/model_an5642_lwip_double/an5642_lwip.sdk/lwip_double_video/Debug/lwip_double_video.elf
configparams force-mem-access 0
----------------End of Script----------------

19:03:42 INFO  : Memory regions updated for context APU
19:03:42 INFO  : Context for processor 'ps7_cortexa9_0' is selected.
19:03:42 INFO  : 'con' command is executed.
19:03:42 INFO  : ----------------XSDB Script (After Launch)----------------
targets -set -nocase -filter {name =~ "ARM*#0" && jtag_cable_name =~ "Digilent JTAG-HS1 210512180081"} -index 0
con
----------------End of Script----------------

19:03:42 INFO  : Launch script is exported to file 'D:\MyWorkSpace\ZYNQ\ARM\model_an5642_lwip_double\an5642_lwip.sdk\.sdk\launch_scripts\xilinx_c-c++_application_(system_debugger)\system_debugger_using_debug_lwip_double_video.elf_on_local.tcl'
19:10:03 INFO  : Disconnected from the channel tcfchan#6.
19:10:04 INFO  : Connected to target on host '127.0.0.1' and port '3121'.
19:10:04 INFO  : Jtag cable 'Digilent JTAG-HS1 210512180081' is selected.
19:10:04 INFO  : 'jtag frequency' command is executed.
19:10:04 INFO  : Sourcing of 'D:/MyWorkSpace/ZYNQ/ARM/model_an5642_lwip_double/an5642_lwip.sdk/system_wrapper_hw_platform_0/ps7_init.tcl' is done.
19:10:04 INFO  : Context for 'APU' is selected.
19:10:04 INFO  : System reset is completed.
19:10:07 INFO  : 'after 3000' command is executed.
19:10:07 INFO  : 'targets -set -filter {jtag_cable_name =~ "Digilent JTAG-HS1 210512180081" && level==0} -index 1' command is executed.
19:10:08 INFO  : FPGA configured successfully with bitstream "D:/MyWorkSpace/ZYNQ/ARM/model_an5642_lwip_double/an5642_lwip.sdk/system_wrapper_hw_platform_0/system_wrapper.bit"
19:10:08 INFO  : Context for 'APU' is selected.
19:10:09 INFO  : Hardware design information is loaded from 'D:/MyWorkSpace/ZYNQ/ARM/model_an5642_lwip_double/an5642_lwip.sdk/system_wrapper_hw_platform_0/system.hdf'.
19:10:09 INFO  : 'configparams force-mem-access 1' command is executed.
19:10:09 INFO  : Context for 'APU' is selected.
19:10:09 INFO  : 'ps7_init' command is executed.
19:10:09 INFO  : 'ps7_post_config' command is executed.
19:10:09 INFO  : Context for processor 'ps7_cortexa9_0' is selected.
19:10:09 INFO  : The application 'D:/MyWorkSpace/ZYNQ/ARM/model_an5642_lwip_double/an5642_lwip.sdk/lwip_double_video/Debug/lwip_double_video.elf' is downloaded to processor 'ps7_cortexa9_0'.
19:10:09 INFO  : 'configparams force-mem-access 0' command is executed.
19:10:09 INFO  : ----------------XSDB Script----------------
connect -url tcp:127.0.0.1:3121
source D:/MyWorkSpace/ZYNQ/ARM/model_an5642_lwip_double/an5642_lwip.sdk/system_wrapper_hw_platform_0/ps7_init.tcl
targets -set -nocase -filter {name =~"APU*" && jtag_cable_name =~ "Digilent JTAG-HS1 210512180081"} -index 0
rst -system
after 3000
targets -set -filter {jtag_cable_name =~ "Digilent JTAG-HS1 210512180081" && level==0} -index 1
fpga -file D:/MyWorkSpace/ZYNQ/ARM/model_an5642_lwip_double/an5642_lwip.sdk/system_wrapper_hw_platform_0/system_wrapper.bit
targets -set -nocase -filter {name =~"APU*" && jtag_cable_name =~ "Digilent JTAG-HS1 210512180081"} -index 0
loadhw -hw D:/MyWorkSpace/ZYNQ/ARM/model_an5642_lwip_double/an5642_lwip.sdk/system_wrapper_hw_platform_0/system.hdf -mem-ranges [list {0x40000000 0xbfffffff}]
configparams force-mem-access 1
targets -set -nocase -filter {name =~"APU*" && jtag_cable_name =~ "Digilent JTAG-HS1 210512180081"} -index 0
ps7_init
ps7_post_config
targets -set -nocase -filter {name =~ "ARM*#0" && jtag_cable_name =~ "Digilent JTAG-HS1 210512180081"} -index 0
dow D:/MyWorkSpace/ZYNQ/ARM/model_an5642_lwip_double/an5642_lwip.sdk/lwip_double_video/Debug/lwip_double_video.elf
configparams force-mem-access 0
----------------End of Script----------------

19:10:09 INFO  : Memory regions updated for context APU
19:10:09 INFO  : Context for processor 'ps7_cortexa9_0' is selected.
19:10:09 INFO  : 'con' command is executed.
19:10:09 INFO  : ----------------XSDB Script (After Launch)----------------
targets -set -nocase -filter {name =~ "ARM*#0" && jtag_cable_name =~ "Digilent JTAG-HS1 210512180081"} -index 0
con
----------------End of Script----------------

19:10:09 INFO  : Launch script is exported to file 'D:\MyWorkSpace\ZYNQ\ARM\model_an5642_lwip_double\an5642_lwip.sdk\.sdk\launch_scripts\xilinx_c-c++_application_(system_debugger)\system_debugger_using_debug_lwip_double_video.elf_on_local.tcl'
19:19:22 INFO  : Disconnected from the channel tcfchan#7.
19:19:23 INFO  : Connected to target on host '127.0.0.1' and port '3121'.
19:19:24 INFO  : Jtag cable 'Digilent JTAG-HS1 210512180081' is selected.
19:19:24 INFO  : 'jtag frequency' command is executed.
19:19:24 INFO  : Sourcing of 'D:/MyWorkSpace/ZYNQ/ARM/model_an5642_lwip_double/an5642_lwip.sdk/system_wrapper_hw_platform_0/ps7_init.tcl' is done.
19:19:24 INFO  : Context for 'APU' is selected.
19:19:24 INFO  : System reset is completed.
19:19:27 INFO  : 'after 3000' command is executed.
19:19:27 INFO  : 'targets -set -filter {jtag_cable_name =~ "Digilent JTAG-HS1 210512180081" && level==0} -index 1' command is executed.
19:19:28 INFO  : FPGA configured successfully with bitstream "D:/MyWorkSpace/ZYNQ/ARM/model_an5642_lwip_double/an5642_lwip.sdk/system_wrapper_hw_platform_0/system_wrapper.bit"
19:19:28 INFO  : Context for 'APU' is selected.
19:19:28 INFO  : Hardware design information is loaded from 'D:/MyWorkSpace/ZYNQ/ARM/model_an5642_lwip_double/an5642_lwip.sdk/system_wrapper_hw_platform_0/system.hdf'.
19:19:28 INFO  : 'configparams force-mem-access 1' command is executed.
19:19:28 INFO  : Context for 'APU' is selected.
19:19:29 INFO  : 'ps7_init' command is executed.
19:19:29 INFO  : 'ps7_post_config' command is executed.
19:19:29 INFO  : Context for processor 'ps7_cortexa9_0' is selected.
19:19:29 INFO  : The application 'D:/MyWorkSpace/ZYNQ/ARM/model_an5642_lwip_double/an5642_lwip.sdk/lwip_double_video/Debug/lwip_double_video.elf' is downloaded to processor 'ps7_cortexa9_0'.
19:19:29 INFO  : 'configparams force-mem-access 0' command is executed.
19:19:29 INFO  : ----------------XSDB Script----------------
connect -url tcp:127.0.0.1:3121
source D:/MyWorkSpace/ZYNQ/ARM/model_an5642_lwip_double/an5642_lwip.sdk/system_wrapper_hw_platform_0/ps7_init.tcl
targets -set -nocase -filter {name =~"APU*" && jtag_cable_name =~ "Digilent JTAG-HS1 210512180081"} -index 0
rst -system
after 3000
targets -set -filter {jtag_cable_name =~ "Digilent JTAG-HS1 210512180081" && level==0} -index 1
fpga -file D:/MyWorkSpace/ZYNQ/ARM/model_an5642_lwip_double/an5642_lwip.sdk/system_wrapper_hw_platform_0/system_wrapper.bit
targets -set -nocase -filter {name =~"APU*" && jtag_cable_name =~ "Digilent JTAG-HS1 210512180081"} -index 0
loadhw -hw D:/MyWorkSpace/ZYNQ/ARM/model_an5642_lwip_double/an5642_lwip.sdk/system_wrapper_hw_platform_0/system.hdf -mem-ranges [list {0x40000000 0xbfffffff}]
configparams force-mem-access 1
targets -set -nocase -filter {name =~"APU*" && jtag_cable_name =~ "Digilent JTAG-HS1 210512180081"} -index 0
ps7_init
ps7_post_config
targets -set -nocase -filter {name =~ "ARM*#0" && jtag_cable_name =~ "Digilent JTAG-HS1 210512180081"} -index 0
dow D:/MyWorkSpace/ZYNQ/ARM/model_an5642_lwip_double/an5642_lwip.sdk/lwip_double_video/Debug/lwip_double_video.elf
configparams force-mem-access 0
----------------End of Script----------------

19:19:29 INFO  : Memory regions updated for context APU
19:19:29 INFO  : Context for processor 'ps7_cortexa9_0' is selected.
19:19:29 INFO  : 'con' command is executed.
19:19:29 INFO  : ----------------XSDB Script (After Launch)----------------
targets -set -nocase -filter {name =~ "ARM*#0" && jtag_cable_name =~ "Digilent JTAG-HS1 210512180081"} -index 0
con
----------------End of Script----------------

19:19:29 INFO  : Launch script is exported to file 'D:\MyWorkSpace\ZYNQ\ARM\model_an5642_lwip_double\an5642_lwip.sdk\.sdk\launch_scripts\xilinx_c-c++_application_(system_debugger)\system_debugger_using_debug_lwip_double_video.elf_on_local.tcl'
