#-----------------------------------------------------------
# Webtalk v2017.4 (64-bit)
# SW Build 2086221 on Fri Dec 15 20:55:39 MST 2017
# 
# Start of session at: Fri Sep 21 15:51:17 2018
# Process ID: 13864
# Current directory: F:/intel_project/AX7020/update2017p4/16_ov5640_dual/ov5640_dual.sdk/webtalk
# Command line: wbtcv.exe -mode batch -source sdk_webtalk.tcl
# Log file: F:/intel_project/AX7020/update2017p4/16_ov5640_dual/ov5640_dual.sdk/webtalk/webtalk.log
# Journal file: F:/intel_project/AX7020/update2017p4/16_ov5640_dual/ov5640_dual.sdk/webtalk\webtalk.jou
#-----------------------------------------------------------
source sdk_webtalk.tcl
# webtalk_init -webtalk_dir F:\\intel_project\\AX7020\\update2017p4\\16_ov5640_dual\\ov5640_dual.sdk\\webtalk
# webtalk_register_client -client project
# webtalk_add_data -client project -key date_generated -value "2018-09-21 15:51:16" -context "software_version_and_target_device"
# webtalk_add_data -client project -key product_version -value "SDK v2017.4" -context "software_version_and_target_device"
# webtalk_add_data -client project -key build_version -value "2017.4" -context "software_version_and_target_device"
# webtalk_add_data -client project -key os_platform -value "amd64" -context "software_version_and_target_device"
# webtalk_add_data -client project -key registration_id -value "" -context "software_version_and_target_device"
# webtalk_add_data -client project -key tool_flow -value "SDK" -context "software_version_and_target_device"
# webtalk_add_data -client project -key beta -value "false" -context "software_version_and_target_device"
# webtalk_add_data -client project -key route_design -value "NA" -context "software_version_and_target_device"
# webtalk_add_data -client project -key target_family -value "NA" -context "software_version_and_target_device"
# webtalk_add_data -client project -key target_device -value "NA" -context "software_version_and_target_device"
# webtalk_add_data -client project -key target_package -value "NA" -context "software_version_and_target_device"
# webtalk_add_data -client project -key target_speed -value "NA" -context "software_version_and_target_device"
# webtalk_add_data -client project -key random_id -value "vl74oqil16fdt0lhthai4cjaj6" -context "software_version_and_target_device"
# webtalk_add_data -client project -key project_id -value "2017.4_108" -context "software_version_and_target_device"
# webtalk_add_data -client project -key project_iteration -value "108" -context "software_version_and_target_device"
# webtalk_add_data -client project -key os_name -value "Microsoft Windows 8 or later , 64-bit" -context "user_environment"
# webtalk_add_data -client project -key os_release -value "major release  (build 9200)" -context "user_environment"
# webtalk_add_data -client project -key cpu_name -value "Intel(R) Core(TM) i5-7500 CPU @ 3.40GHz" -context "user_environment"
# webtalk_add_data -client project -key cpu_speed -value "3408 MHz" -context "user_environment"
# webtalk_add_data -client project -key total_processors -value "1" -context "user_environment"
# webtalk_add_data -client project -key system_ram -value "17.042 GB" -context "user_environment"
# webtalk_register_client -client sdk
# webtalk_add_data -client sdk -key uid -value "1537515948965" -context "sdk\\\\hardware/1537515948965"
# webtalk_add_data -client sdk -key isZynq -value "true" -context "sdk\\\\hardware/1537515948965"
# webtalk_add_data -client sdk -key isZynqMP -value "false" -context "sdk\\\\hardware/1537515948965"
# webtalk_add_data -client sdk -key Processors -value "2" -context "sdk\\\\hardware/1537515948965"
# webtalk_add_data -client sdk -key VivadoVersion -value "2017.4" -context "sdk\\\\hardware/1537515948965"
# webtalk_add_data -client sdk -key Arch -value "zynq" -context "sdk\\\\hardware/1537515948965"
# webtalk_add_data -client sdk -key Device -value "7z020" -context "sdk\\\\hardware/1537515948965"
# webtalk_add_data -client sdk -key IsHandoff -value "true" -context "sdk\\\\hardware/1537515948965"
# webtalk_add_data -client sdk -key os -value "NA" -context "sdk\\\\hardware/1537515948965"
# webtalk_add_data -client sdk -key apptemplate -value "NA" -context "sdk\\\\hardware/1537515948965"
# webtalk_add_data -client sdk -key RecordType -value "HWCreation" -context "sdk\\\\hardware/1537515948965"
# webtalk_add_data -client sdk -key uid -value "1537515963784" -context "sdk\\\\bsp/1537515963784"
# webtalk_add_data -client sdk -key hwid -value "1537515948965" -context "sdk\\\\bsp/1537515963784"
# webtalk_add_data -client sdk -key os -value "standalone" -context "sdk\\\\bsp/1537515963784"
# webtalk_add_data -client sdk -key apptemplate -value "empty_application" -context "sdk\\\\bsp/1537515963784"
# webtalk_add_data -client sdk -key RecordType -value "BSPCreation" -context "sdk\\\\bsp/1537515963784"
# webtalk_add_data -client sdk -key uid -value "1537515966358" -context "sdk\\\\application/1537515966358"
# webtalk_add_data -client sdk -key hwid -value "1537515948965" -context "sdk\\\\application/1537515966358"
# webtalk_add_data -client sdk -key bspid -value "1537515963784" -context "sdk\\\\application/1537515966358"
# webtalk_add_data -client sdk -key newbsp -value "true" -context "sdk\\\\application/1537515966358"
# webtalk_add_data -client sdk -key os -value "standalone" -context "sdk\\\\application/1537515966358"
# webtalk_add_data -client sdk -key apptemplate -value "empty_application" -context "sdk\\\\application/1537515966358"
# webtalk_add_data -client sdk -key RecordType -value "APPCreation" -context "sdk\\\\application/1537515966358"
# webtalk_add_data -client sdk -key LangUsed -value "C" -context "sdk\\\\application/1537515966358"
# webtalk_add_data -client sdk -key Procused -value "ps7_cortexa9" -context "sdk\\\\application/1537515966358"
# webtalk_add_data -client sdk -key projSize -value "298.79296875" -context "sdk\\\\application/1537515966358"
# webtalk_add_data -client sdk -key uid -value "1537516077115" -context "sdk\\\\bsp/1537516077115"
# webtalk_add_data -client sdk -key hwid -value "1537515948965" -context "sdk\\\\bsp/1537516077115"
# webtalk_add_data -client sdk -key os -value "standalone" -context "sdk\\\\bsp/1537516077115"
# webtalk_add_data -client sdk -key apptemplate -value "zynq_fsbl" -context "sdk\\\\bsp/1537516077115"
# webtalk_add_data -client sdk -key RecordType -value "BSPCreation" -context "sdk\\\\bsp/1537516077115"
# webtalk_add_data -client sdk -key uid -value "1537516084990" -context "sdk\\\\application/1537516084990"
# webtalk_add_data -client sdk -key hwid -value "1537515948965" -context "sdk\\\\application/1537516084990"
# webtalk_add_data -client sdk -key bspid -value "1537516077115" -context "sdk\\\\application/1537516084990"
# webtalk_add_data -client sdk -key newbsp -value "true" -context "sdk\\\\application/1537516084990"
# webtalk_add_data -client sdk -key os -value "standalone" -context "sdk\\\\application/1537516084990"
# webtalk_add_data -client sdk -key apptemplate -value "zynq_fsbl" -context "sdk\\\\application/1537516084990"
# webtalk_add_data -client sdk -key RecordType -value "APPCreation" -context "sdk\\\\application/1537516084990"
# webtalk_add_data -client sdk -key LangUsed -value "C" -context "sdk\\\\application/1537516084990"
# webtalk_add_data -client sdk -key Procused -value "ps7_cortexa9" -context "sdk\\\\application/1537516084990"
# webtalk_add_data -client sdk -key uid -value "NA" -context "sdk\\\\bsp/1537516276079"
# webtalk_add_data -client sdk -key RecordType -value "ToolUsage" -context "sdk\\\\bsp/1537516276079"
# webtalk_add_data -client sdk -key BootgenCount -value "1" -context "sdk\\\\bsp/1537516276079"
# webtalk_add_data -client sdk -key DebugCount -value "1" -context "sdk\\\\bsp/1537516276079"
# webtalk_add_data -client sdk -key PerfCount -value "0" -context "sdk\\\\bsp/1537516276079"
# webtalk_add_data -client sdk -key FlashCount -value "0" -context "sdk\\\\bsp/1537516276079"
# webtalk_add_data -client sdk -key CrossTriggCount -value "0" -context "sdk\\\\bsp/1537516276079"
# webtalk_add_data -client sdk -key QemuDebugCount -value "0" -context "sdk\\\\bsp/1537516276079"
# webtalk_transmit -clientid 1586910572 -regid "" -xml F:\\intel_project\\AX7020\\update2017p4\\16_ov5640_dual\\ov5640_dual.sdk\\webtalk\\usage_statistics_ext_sdk.xml -html F:\\intel_project\\AX7020\\update2017p4\\16_ov5640_dual\\ov5640_dual.sdk\\webtalk\\usage_statistics_ext_sdk.html -wdm F:\\intel_project\\AX7020\\update2017p4\\16_ov5640_dual\\ov5640_dual.sdk\\webtalk\\sdk_webtalk.wdm -intro "<H3>SDK Usage Report</H3><BR>"
INFO: [Common 17-186] 'F:\intel_project\AX7020\update2017p4\16_ov5640_dual\ov5640_dual.sdk\webtalk\usage_statistics_ext_sdk.xml' has been successfully sent to Xilinx on Fri Sep 21 15:51:23 2018. For additional details about this file, please refer to the WebTalk help file at C:/Xilinx/SDK/2017.4/doc/webtalk_introduction.html.
# webtalk_terminate
INFO: [Common 17-206] Exiting Webtalk at Fri Sep 21 15:51:23 2018...
