#-----------------------------------------------------------
# Webtalk v2018.3 (64-bit)
# SW Build 2405991 on Thu Dec  6 23:38:27 MST 2018
# 
# Start of session at: Tue Sep 15 17:11:53 2020
# Process ID: 30380
# Current directory: D:/MyWorkSpace/ZYNQ/ARM/Hello_world/Hello_world.sdk/webtalk
# Command line: wbtcv.exe -mode batch -source sdk_webtalk.tcl
# Log file: D:/MyWorkSpace/ZYNQ/ARM/Hello_world/Hello_world.sdk/webtalk/webtalk.log
# Journal file: D:/MyWorkSpace/ZYNQ/ARM/Hello_world/Hello_world.sdk/webtalk\webtalk.jou
#-----------------------------------------------------------
source sdk_webtalk.tcl
# webtalk_init -webtalk_dir D:\\MyWorkSpace\\ZYNQ\\ARM\\Hello_world\\Hello_world.sdk\\webtalk
# webtalk_register_client -client project
# webtalk_add_data -client project -key date_generated -value "2020-09-15 17:11:49" -context "software_version_and_target_device"
# webtalk_add_data -client project -key product_version -value "SDK v2018.3" -context "software_version_and_target_device"
# webtalk_add_data -client project -key build_version -value "2018.3" -context "software_version_and_target_device"
# webtalk_add_data -client project -key os_platform -value "amd64" -context "software_version_and_target_device"
# webtalk_add_data -client project -key registration_id -value "211908313_0_0_402" -context "software_version_and_target_device"
# webtalk_add_data -client project -key tool_flow -value "SDK" -context "software_version_and_target_device"
# webtalk_add_data -client project -key beta -value "false" -context "software_version_and_target_device"
# webtalk_add_data -client project -key route_design -value "NA" -context "software_version_and_target_device"
# webtalk_add_data -client project -key target_family -value "NA" -context "software_version_and_target_device"
# webtalk_add_data -client project -key target_device -value "NA" -context "software_version_and_target_device"
# webtalk_add_data -client project -key target_package -value "NA" -context "software_version_and_target_device"
# webtalk_add_data -client project -key target_speed -value "NA" -context "software_version_and_target_device"
# webtalk_add_data -client project -key random_id -value "kjolao0m0m3h1c2hn30pdjbqcf" -context "software_version_and_target_device"
# webtalk_add_data -client project -key project_id -value "2018.3_2" -context "software_version_and_target_device"
# webtalk_add_data -client project -key project_iteration -value "2" -context "software_version_and_target_device"
# webtalk_add_data -client project -key os_name -value "Microsoft Windows 8 or later , 64-bit" -context "user_environment"
# webtalk_add_data -client project -key os_release -value "major release  (build 9200)" -context "user_environment"
# webtalk_add_data -client project -key cpu_name -value "Intel(R) Core(TM) i5-10210U CPU @ 1.60GHz" -context "user_environment"
# webtalk_add_data -client project -key cpu_speed -value "2112 MHz" -context "user_environment"
# webtalk_add_data -client project -key total_processors -value "1" -context "user_environment"
# webtalk_add_data -client project -key system_ram -value "17.002 GB" -context "user_environment"
# webtalk_register_client -client sdk
# webtalk_add_data -client sdk -key uid -value "1600157358108" -context "sdk\\\\hardware/1600157358108"
# webtalk_add_data -client sdk -key isZynq -value "true" -context "sdk\\\\hardware/1600157358108"
# webtalk_add_data -client sdk -key isZynqMP -value "false" -context "sdk\\\\hardware/1600157358108"
# webtalk_add_data -client sdk -key Processors -value "2" -context "sdk\\\\hardware/1600157358108"
# webtalk_add_data -client sdk -key VivadoVersion -value "2018.3" -context "sdk\\\\hardware/1600157358108"
# webtalk_add_data -client sdk -key Arch -value "zynq" -context "sdk\\\\hardware/1600157358108"
# webtalk_add_data -client sdk -key Device -value "7z020" -context "sdk\\\\hardware/1600157358108"
# webtalk_add_data -client sdk -key IsHandoff -value "true" -context "sdk\\\\hardware/1600157358108"
# webtalk_add_data -client sdk -key os -value "NA" -context "sdk\\\\hardware/1600157358108"
# webtalk_add_data -client sdk -key apptemplate -value "NA" -context "sdk\\\\hardware/1600157358108"
# webtalk_add_data -client sdk -key RecordType -value "HWCreation" -context "sdk\\\\hardware/1600157358108"
# webtalk_add_data -client sdk -key uid -value "1600157485890" -context "sdk\\\\bsp/1600157485890"
# webtalk_add_data -client sdk -key hwid -value "1600157358108" -context "sdk\\\\bsp/1600157485890"
# webtalk_add_data -client sdk -key os -value "standalone" -context "sdk\\\\bsp/1600157485890"
# webtalk_add_data -client sdk -key apptemplate -value "hello_world" -context "sdk\\\\bsp/1600157485890"
# webtalk_add_data -client sdk -key RecordType -value "BSPCreation" -context "sdk\\\\bsp/1600157485890"
# webtalk_add_data -client sdk -key uid -value "1600157488489" -context "sdk\\\\application/1600157488489"
# webtalk_add_data -client sdk -key hwid -value "1600157358108" -context "sdk\\\\application/1600157488489"
# webtalk_add_data -client sdk -key bspid -value "1600157485890" -context "sdk\\\\application/1600157488489"
# webtalk_add_data -client sdk -key newbsp -value "true" -context "sdk\\\\application/1600157488489"
# webtalk_add_data -client sdk -key os -value "standalone" -context "sdk\\\\application/1600157488489"
# webtalk_add_data -client sdk -key apptemplate -value "hello_world" -context "sdk\\\\application/1600157488489"
# webtalk_add_data -client sdk -key RecordType -value "APPCreation" -context "sdk\\\\application/1600157488489"
# webtalk_add_data -client sdk -key LangUsed -value "C" -context "sdk\\\\application/1600157488489"
# webtalk_add_data -client sdk -key Procused -value "ps7_cortexa9" -context "sdk\\\\application/1600157488489"
# webtalk_add_data -client sdk -key projSize -value "186.54296875" -context "sdk\\\\application/1600157488489"
# webtalk_add_data -client sdk -key uid -value "NA" -context "sdk\\\\bsp/1600161109849"
# webtalk_add_data -client sdk -key RecordType -value "ToolUsage" -context "sdk\\\\bsp/1600161109849"
# webtalk_add_data -client sdk -key BootgenCount -value "0" -context "sdk\\\\bsp/1600161109849"
# webtalk_add_data -client sdk -key DebugCount -value "6" -context "sdk\\\\bsp/1600161109849"
# webtalk_add_data -client sdk -key PerfCount -value "0" -context "sdk\\\\bsp/1600161109849"
# webtalk_add_data -client sdk -key FlashCount -value "0" -context "sdk\\\\bsp/1600161109849"
# webtalk_add_data -client sdk -key CrossTriggCount -value "0" -context "sdk\\\\bsp/1600161109849"
# webtalk_add_data -client sdk -key QemuDebugCount -value "0" -context "sdk\\\\bsp/1600161109849"
# webtalk_transmit -clientid 1572864220 -regid "211908313_0_0_402" -xml D:\\MyWorkSpace\\ZYNQ\\ARM\\Hello_world\\Hello_world.sdk\\webtalk\\usage_statistics_ext_sdk.xml -html D:\\MyWorkSpace\\ZYNQ\\ARM\\Hello_world\\Hello_world.sdk\\webtalk\\usage_statistics_ext_sdk.html -wdm D:\\MyWorkSpace\\ZYNQ\\ARM\\Hello_world\\Hello_world.sdk\\webtalk\\sdk_webtalk.wdm -intro "<H3>SDK Usage Report</H3><BR>"
# webtalk_terminate
INFO: [Common 17-206] Exiting Webtalk at Tue Sep 15 17:11:57 2020...
