16:54:19 INFO  : Registering command handlers for SDK TCF services
16:54:19 INFO  : Launching XSCT server: xsct.bat -interactive D:\MyWorkSpace\ZYNQ\ARM\EMIO_LED\EMIO_LED.sdk\temp_xsdb_launch_script.tcl
16:54:21 INFO  : XSCT server has started successfully.
16:54:21 INFO  : Successfully done setting XSCT server connection channel  
16:54:22 INFO  : Successfully done setting SDK workspace  
16:54:22 INFO  : Processing command line option -hwspec D:/MyWorkSpace/ZYNQ/ARM/EMIO_LED/EMIO_LED.sdk/EMIO_armA9_system_wrapper.hdf.
18:51:58 INFO  : Connected to target on host '127.0.0.1' and port '3121'.
18:51:59 INFO  : Jtag cable 'Digilent JTAG-HS1 210512180081' is selected.
18:51:59 INFO  : 'jtag frequency' command is executed.
18:51:59 INFO  : Sourcing of 'D:/MyWorkSpace/ZYNQ/ARM/EMIO_LED/EMIO_LED.sdk/EMIO_armA9_system_wrapper_hw_platform_0/ps7_init.tcl' is done.
18:51:59 INFO  : Context for 'APU' is selected.
18:51:59 INFO  : Hardware design information is loaded from 'D:/MyWorkSpace/ZYNQ/ARM/EMIO_LED/EMIO_LED.sdk/EMIO_armA9_system_wrapper_hw_platform_0/system.hdf'.
18:51:59 INFO  : 'configparams force-mem-access 1' command is executed.
18:51:59 INFO  : Context for 'APU' is selected.
18:51:59 INFO  : 'stop' command is executed.
18:51:59 INFO  : 'ps7_init' command is executed.
18:51:59 INFO  : 'configparams force-mem-access 0' command is executed.
18:51:59 INFO  : ----------------XSDB Script----------------
connect -url tcp:127.0.0.1:3121
source D:/MyWorkSpace/ZYNQ/ARM/EMIO_LED/EMIO_LED.sdk/EMIO_armA9_system_wrapper_hw_platform_0/ps7_init.tcl
targets -set -nocase -filter {name =~"APU*" && jtag_cable_name =~ "Digilent JTAG-HS1 210512180081"} -index 0
loadhw -hw D:/MyWorkSpace/ZYNQ/ARM/EMIO_LED/EMIO_LED.sdk/EMIO_armA9_system_wrapper_hw_platform_0/system.hdf -mem-ranges [list {0x40000000 0xbfffffff}]
configparams force-mem-access 1
targets -set -nocase -filter {name =~"APU*" && jtag_cable_name =~ "Digilent JTAG-HS1 210512180081"} -index 0
stop
ps7_init
configparams force-mem-access 0
----------------End of Script----------------

18:51:59 INFO  : Launch script is exported to file 'D:\MyWorkSpace\ZYNQ\ARM\EMIO_LED\EMIO_LED.sdk\.sdk\launch_scripts\xilinx_c-c++_application_(system_debugger)\system_debugger_on_local.tcl'
18:53:13 INFO  : Disconnected from the channel tcfchan#1.
18:53:14 INFO  : Connected to target on host '127.0.0.1' and port '3121'.
18:53:14 INFO  : Jtag cable 'Digilent JTAG-HS1 210512180081' is selected.
18:53:14 INFO  : 'jtag frequency' command is executed.
18:53:14 INFO  : Sourcing of 'D:/MyWorkSpace/ZYNQ/ARM/EMIO_LED/EMIO_LED.sdk/EMIO_armA9_system_wrapper_hw_platform_0/ps7_init.tcl' is done.
18:53:14 INFO  : Context for 'APU' is selected.
18:53:15 INFO  : Hardware design information is loaded from 'D:/MyWorkSpace/ZYNQ/ARM/EMIO_LED/EMIO_LED.sdk/EMIO_armA9_system_wrapper_hw_platform_0/system.hdf'.
18:53:15 INFO  : 'configparams force-mem-access 1' command is executed.
18:53:15 INFO  : Context for 'APU' is selected.
18:53:15 INFO  : 'stop' command is executed.
18:53:15 INFO  : 'ps7_init' command is executed.
18:53:15 INFO  : 'configparams force-mem-access 0' command is executed.
18:53:15 INFO  : ----------------XSDB Script----------------
connect -url tcp:127.0.0.1:3121
source D:/MyWorkSpace/ZYNQ/ARM/EMIO_LED/EMIO_LED.sdk/EMIO_armA9_system_wrapper_hw_platform_0/ps7_init.tcl
targets -set -nocase -filter {name =~"APU*" && jtag_cable_name =~ "Digilent JTAG-HS1 210512180081"} -index 0
loadhw -hw D:/MyWorkSpace/ZYNQ/ARM/EMIO_LED/EMIO_LED.sdk/EMIO_armA9_system_wrapper_hw_platform_0/system.hdf -mem-ranges [list {0x40000000 0xbfffffff}]
configparams force-mem-access 1
targets -set -nocase -filter {name =~"APU*" && jtag_cable_name =~ "Digilent JTAG-HS1 210512180081"} -index 0
stop
ps7_init
configparams force-mem-access 0
----------------End of Script----------------

18:53:15 INFO  : Launch script is exported to file 'D:\MyWorkSpace\ZYNQ\ARM\EMIO_LED\EMIO_LED.sdk\.sdk\launch_scripts\xilinx_c-c++_application_(system_debugger)\system_debugger_on_local.tcl'
18:53:46 INFO  : Disconnected from the channel tcfchan#2.
18:53:47 INFO  : Connected to target on host '127.0.0.1' and port '3121'.
18:53:47 INFO  : Jtag cable 'Digilent JTAG-HS1 210512180081' is selected.
18:53:47 INFO  : 'jtag frequency' command is executed.
18:53:47 INFO  : Sourcing of 'D:/MyWorkSpace/ZYNQ/ARM/EMIO_LED/EMIO_LED.sdk/EMIO_armA9_system_wrapper_hw_platform_0/ps7_init.tcl' is done.
18:53:47 INFO  : Context for 'APU' is selected.
18:53:48 INFO  : Hardware design information is loaded from 'D:/MyWorkSpace/ZYNQ/ARM/EMIO_LED/EMIO_LED.sdk/EMIO_armA9_system_wrapper_hw_platform_0/system.hdf'.
18:53:48 INFO  : 'configparams force-mem-access 1' command is executed.
18:53:48 INFO  : Context for 'APU' is selected.
18:53:48 INFO  : 'stop' command is executed.
18:53:49 INFO  : 'ps7_init' command is executed.
18:53:49 INFO  : 'ps7_post_config' command is executed.
18:53:49 INFO  : Context for processor 'ps7_cortexa9_0' is selected.
18:53:49 INFO  : Processor reset is completed for 'ps7_cortexa9_0'.
18:53:49 INFO  : Context for processor 'ps7_cortexa9_0' is selected.
18:53:49 INFO  : The application 'D:/MyWorkSpace/ZYNQ/ARM/EMIO_LED/EMIO_LED.sdk/gpio_emio/Debug/gpio_emio.elf' is downloaded to processor 'ps7_cortexa9_0'.
18:53:49 INFO  : 'configparams force-mem-access 0' command is executed.
18:53:49 INFO  : ----------------XSDB Script----------------
connect -url tcp:127.0.0.1:3121
source D:/MyWorkSpace/ZYNQ/ARM/EMIO_LED/EMIO_LED.sdk/EMIO_armA9_system_wrapper_hw_platform_0/ps7_init.tcl
targets -set -nocase -filter {name =~"APU*" && jtag_cable_name =~ "Digilent JTAG-HS1 210512180081"} -index 0
loadhw -hw D:/MyWorkSpace/ZYNQ/ARM/EMIO_LED/EMIO_LED.sdk/EMIO_armA9_system_wrapper_hw_platform_0/system.hdf -mem-ranges [list {0x40000000 0xbfffffff}]
configparams force-mem-access 1
targets -set -nocase -filter {name =~"APU*" && jtag_cable_name =~ "Digilent JTAG-HS1 210512180081"} -index 0
stop
ps7_init
ps7_post_config
targets -set -nocase -filter {name =~ "ARM*#0" && jtag_cable_name =~ "Digilent JTAG-HS1 210512180081"} -index 0
rst -processor
targets -set -nocase -filter {name =~ "ARM*#0" && jtag_cable_name =~ "Digilent JTAG-HS1 210512180081"} -index 0
dow D:/MyWorkSpace/ZYNQ/ARM/EMIO_LED/EMIO_LED.sdk/gpio_emio/Debug/gpio_emio.elf
configparams force-mem-access 0
----------------End of Script----------------

18:53:49 INFO  : Context for processor 'ps7_cortexa9_0' is selected.
18:53:49 INFO  : 'con' command is executed.
18:53:49 INFO  : ----------------XSDB Script (After Launch)----------------
targets -set -nocase -filter {name =~ "ARM*#0" && jtag_cable_name =~ "Digilent JTAG-HS1 210512180081"} -index 0
con
----------------End of Script----------------

18:53:49 INFO  : Launch script is exported to file 'D:\MyWorkSpace\ZYNQ\ARM\EMIO_LED\EMIO_LED.sdk\.sdk\launch_scripts\xilinx_c-c++_application_(system_debugger)\system_debugger_using_debug_gpio_emio.elf_on_local.tcl'
19:27:19 INFO  : Disconnected from the channel tcfchan#3.
19:55:14 INFO  : Registering command handlers for SDK TCF services
19:55:15 INFO  : Launching XSCT server: xsct.bat -interactive D:\MyWorkSpace\ZYNQ\ARM\EMIO_LED\EMIO_LED.sdk\temp_xsdb_launch_script.tcl
19:55:18 INFO  : XSCT server has started successfully.
19:55:18 INFO  : Successfully done setting XSCT server connection channel  
19:55:19 INFO  : Successfully done setting SDK workspace  
19:55:19 INFO  : Processing command line option -hwspec D:/MyWorkSpace/ZYNQ/ARM/EMIO_LED/EMIO_LED.sdk/zynq_embedded_system_wrapper.hdf.
19:59:16 INFO  : Connected to target on host '127.0.0.1' and port '3121'.
19:59:16 INFO  : Jtag cable 'Digilent JTAG-HS1 210512180081' is selected.
19:59:16 INFO  : 'jtag frequency' command is executed.
19:59:16 INFO  : Sourcing of 'D:/MyWorkSpace/ZYNQ/ARM/EMIO_LED/EMIO_LED.sdk/EMIO_armA9_system_wrapper_hw_platform_0/ps7_init.tcl' is done.
19:59:16 INFO  : Context for 'APU' is selected.
19:59:16 INFO  : Hardware design information is loaded from 'D:/MyWorkSpace/ZYNQ/ARM/EMIO_LED/EMIO_LED.sdk/EMIO_armA9_system_wrapper_hw_platform_0/system.hdf'.
19:59:16 INFO  : 'configparams force-mem-access 1' command is executed.
19:59:16 INFO  : Context for 'APU' is selected.
19:59:16 INFO  : 'stop' command is executed.
19:59:17 INFO  : 'ps7_init' command is executed.
19:59:17 INFO  : 'ps7_post_config' command is executed.
19:59:17 INFO  : Context for processor 'ps7_cortexa9_0' is selected.
19:59:17 INFO  : Processor reset is completed for 'ps7_cortexa9_0'.
19:59:17 INFO  : Context for processor 'ps7_cortexa9_0' is selected.
19:59:17 INFO  : The application 'D:/MyWorkSpace/ZYNQ/ARM/EMIO_LED/EMIO_LED.sdk/gpio_emio/Debug/gpio_emio.elf' is downloaded to processor 'ps7_cortexa9_0'.
19:59:17 INFO  : 'configparams force-mem-access 0' command is executed.
19:59:17 INFO  : ----------------XSDB Script----------------
connect -url tcp:127.0.0.1:3121
source D:/MyWorkSpace/ZYNQ/ARM/EMIO_LED/EMIO_LED.sdk/EMIO_armA9_system_wrapper_hw_platform_0/ps7_init.tcl
targets -set -nocase -filter {name =~"APU*" && jtag_cable_name =~ "Digilent JTAG-HS1 210512180081"} -index 0
loadhw -hw D:/MyWorkSpace/ZYNQ/ARM/EMIO_LED/EMIO_LED.sdk/EMIO_armA9_system_wrapper_hw_platform_0/system.hdf -mem-ranges [list {0x40000000 0xbfffffff}]
configparams force-mem-access 1
targets -set -nocase -filter {name =~"APU*" && jtag_cable_name =~ "Digilent JTAG-HS1 210512180081"} -index 0
stop
ps7_init
ps7_post_config
targets -set -nocase -filter {name =~ "ARM*#0" && jtag_cable_name =~ "Digilent JTAG-HS1 210512180081"} -index 0
rst -processor
targets -set -nocase -filter {name =~ "ARM*#0" && jtag_cable_name =~ "Digilent JTAG-HS1 210512180081"} -index 0
dow D:/MyWorkSpace/ZYNQ/ARM/EMIO_LED/EMIO_LED.sdk/gpio_emio/Debug/gpio_emio.elf
configparams force-mem-access 0
----------------End of Script----------------

19:59:17 INFO  : Context for processor 'ps7_cortexa9_0' is selected.
19:59:17 INFO  : 'con' command is executed.
19:59:17 INFO  : ----------------XSDB Script (After Launch)----------------
targets -set -nocase -filter {name =~ "ARM*#0" && jtag_cable_name =~ "Digilent JTAG-HS1 210512180081"} -index 0
con
----------------End of Script----------------

19:59:17 INFO  : Launch script is exported to file 'D:\MyWorkSpace\ZYNQ\ARM\EMIO_LED\EMIO_LED.sdk\.sdk\launch_scripts\xilinx_c-c++_application_(system_debugger)\system_debugger_using_debug_gpio_emio.elf_on_local.tcl'
20:00:10 INFO  : Disconnected from the channel tcfchan#1.
20:00:11 INFO  : Connected to target on host '127.0.0.1' and port '3121'.
20:00:11 INFO  : Jtag cable 'Digilent JTAG-HS1 210512180081' is selected.
20:00:11 INFO  : 'jtag frequency' command is executed.
20:00:11 INFO  : Sourcing of 'D:/MyWorkSpace/ZYNQ/ARM/EMIO_LED/EMIO_LED.sdk/EMIO_armA9_system_wrapper_hw_platform_0/ps7_init.tcl' is done.
20:00:11 INFO  : Context for 'APU' is selected.
20:00:13 INFO  : Hardware design information is loaded from 'D:/MyWorkSpace/ZYNQ/ARM/EMIO_LED/EMIO_LED.sdk/EMIO_armA9_system_wrapper_hw_platform_0/system.hdf'.
20:00:13 INFO  : 'configparams force-mem-access 1' command is executed.
20:00:13 INFO  : Context for 'APU' is selected.
20:00:13 INFO  : 'stop' command is executed.
20:00:13 INFO  : 'ps7_init' command is executed.
20:00:13 INFO  : 'ps7_post_config' command is executed.
20:00:13 INFO  : Context for processor 'ps7_cortexa9_0' is selected.
20:00:13 INFO  : Processor reset is completed for 'ps7_cortexa9_0'.
20:00:13 INFO  : Context for processor 'ps7_cortexa9_0' is selected.
20:00:13 INFO  : The application 'D:/MyWorkSpace/ZYNQ/ARM/EMIO_LED/EMIO_LED.sdk/gpio_emio/Debug/gpio_emio.elf' is downloaded to processor 'ps7_cortexa9_0'.
20:00:13 INFO  : 'configparams force-mem-access 0' command is executed.
20:00:13 INFO  : ----------------XSDB Script----------------
connect -url tcp:127.0.0.1:3121
source D:/MyWorkSpace/ZYNQ/ARM/EMIO_LED/EMIO_LED.sdk/EMIO_armA9_system_wrapper_hw_platform_0/ps7_init.tcl
targets -set -nocase -filter {name =~"APU*" && jtag_cable_name =~ "Digilent JTAG-HS1 210512180081"} -index 0
loadhw -hw D:/MyWorkSpace/ZYNQ/ARM/EMIO_LED/EMIO_LED.sdk/EMIO_armA9_system_wrapper_hw_platform_0/system.hdf -mem-ranges [list {0x40000000 0xbfffffff}]
configparams force-mem-access 1
targets -set -nocase -filter {name =~"APU*" && jtag_cable_name =~ "Digilent JTAG-HS1 210512180081"} -index 0
stop
ps7_init
ps7_post_config
targets -set -nocase -filter {name =~ "ARM*#0" && jtag_cable_name =~ "Digilent JTAG-HS1 210512180081"} -index 0
rst -processor
targets -set -nocase -filter {name =~ "ARM*#0" && jtag_cable_name =~ "Digilent JTAG-HS1 210512180081"} -index 0
dow D:/MyWorkSpace/ZYNQ/ARM/EMIO_LED/EMIO_LED.sdk/gpio_emio/Debug/gpio_emio.elf
configparams force-mem-access 0
----------------End of Script----------------

20:00:13 INFO  : Context for processor 'ps7_cortexa9_0' is selected.
20:00:13 INFO  : 'con' command is executed.
20:00:13 INFO  : ----------------XSDB Script (After Launch)----------------
targets -set -nocase -filter {name =~ "ARM*#0" && jtag_cable_name =~ "Digilent JTAG-HS1 210512180081"} -index 0
con
----------------End of Script----------------

20:00:13 INFO  : Launch script is exported to file 'D:\MyWorkSpace\ZYNQ\ARM\EMIO_LED\EMIO_LED.sdk\.sdk\launch_scripts\xilinx_c-c++_application_(system_debugger)\system_debugger_using_debug_gpio_emio.elf_on_local.tcl'
20:01:57 INFO  : Connected to target on host '127.0.0.1' and port '3121'.
20:01:57 INFO  : 'targets -set -filter {jtag_cable_name =~ "Digilent JTAG-HS1 210512180081" && level==0} -index 1' command is executed.
20:02:01 INFO  : FPGA configured successfully with bitstream "D:/MyWorkSpace/ZYNQ/ARM/EMIO_LED/EMIO_LED.runs/impl_1/zynq_embedded_system_wrapper.bit"
20:02:32 INFO  : Connected to target on host '127.0.0.1' and port '3121'.
20:02:32 INFO  : 'targets -set -filter {jtag_cable_name =~ "Digilent JTAG-HS1 210512180081" && level==0} -index 1' command is executed.
20:02:36 INFO  : FPGA configured successfully with bitstream "D:/MyWorkSpace/ZYNQ/ARM/EMIO_LED/EMIO_LED.runs/impl_1/zynq_embedded_system_wrapper.bit"
20:03:19 INFO  : Disconnected from the channel tcfchan#2.
20:03:20 INFO  : Connected to target on host '127.0.0.1' and port '3121'.
20:03:21 INFO  : Jtag cable 'Digilent JTAG-HS1 210512180081' is selected.
20:03:21 INFO  : 'jtag frequency' command is executed.
20:03:21 INFO  : Sourcing of 'D:/MyWorkSpace/ZYNQ/ARM/EMIO_LED/EMIO_LED.sdk/EMIO_armA9_system_wrapper_hw_platform_0/ps7_init.tcl' is done.
20:03:21 INFO  : Context for 'APU' is selected.
20:03:21 INFO  : Hardware design information is loaded from 'D:/MyWorkSpace/ZYNQ/ARM/EMIO_LED/EMIO_LED.sdk/EMIO_armA9_system_wrapper_hw_platform_0/system.hdf'.
20:03:21 INFO  : 'configparams force-mem-access 1' command is executed.
20:03:21 INFO  : Context for 'APU' is selected.
20:03:21 INFO  : 'stop' command is executed.
20:03:21 INFO  : 'ps7_init' command is executed.
20:03:21 INFO  : 'ps7_post_config' command is executed.
20:03:21 INFO  : Context for processor 'ps7_cortexa9_0' is selected.
20:03:21 INFO  : Processor reset is completed for 'ps7_cortexa9_0'.
20:03:21 INFO  : Context for processor 'ps7_cortexa9_0' is selected.
20:03:21 INFO  : The application 'D:/MyWorkSpace/ZYNQ/ARM/EMIO_LED/EMIO_LED.sdk/gpio_emio/Debug/gpio_emio.elf' is downloaded to processor 'ps7_cortexa9_0'.
20:03:21 INFO  : 'configparams force-mem-access 0' command is executed.
20:03:21 INFO  : ----------------XSDB Script----------------
connect -url tcp:127.0.0.1:3121
source D:/MyWorkSpace/ZYNQ/ARM/EMIO_LED/EMIO_LED.sdk/EMIO_armA9_system_wrapper_hw_platform_0/ps7_init.tcl
targets -set -nocase -filter {name =~"APU*" && jtag_cable_name =~ "Digilent JTAG-HS1 210512180081"} -index 0
loadhw -hw D:/MyWorkSpace/ZYNQ/ARM/EMIO_LED/EMIO_LED.sdk/EMIO_armA9_system_wrapper_hw_platform_0/system.hdf -mem-ranges [list {0x40000000 0xbfffffff}]
configparams force-mem-access 1
targets -set -nocase -filter {name =~"APU*" && jtag_cable_name =~ "Digilent JTAG-HS1 210512180081"} -index 0
stop
ps7_init
ps7_post_config
targets -set -nocase -filter {name =~ "ARM*#0" && jtag_cable_name =~ "Digilent JTAG-HS1 210512180081"} -index 0
rst -processor
targets -set -nocase -filter {name =~ "ARM*#0" && jtag_cable_name =~ "Digilent JTAG-HS1 210512180081"} -index 0
dow D:/MyWorkSpace/ZYNQ/ARM/EMIO_LED/EMIO_LED.sdk/gpio_emio/Debug/gpio_emio.elf
configparams force-mem-access 0
----------------End of Script----------------

20:03:21 INFO  : Context for processor 'ps7_cortexa9_0' is selected.
20:03:21 INFO  : 'con' command is executed.
20:03:21 INFO  : ----------------XSDB Script (After Launch)----------------
targets -set -nocase -filter {name =~ "ARM*#0" && jtag_cable_name =~ "Digilent JTAG-HS1 210512180081"} -index 0
con
----------------End of Script----------------

20:03:21 INFO  : Launch script is exported to file 'D:\MyWorkSpace\ZYNQ\ARM\EMIO_LED\EMIO_LED.sdk\.sdk\launch_scripts\xilinx_c-c++_application_(system_debugger)\system_debugger_using_debug_gpio_emio.elf_on_local.tcl'
09:01:31 INFO  : Disconnected from the channel tcfchan#3.
