Copyright 1986-2018 Xilinx, Inc. All Rights Reserved.
----------------------------------------------------------------------------------------
| Tool Version : Vivado v.2018.3 (win64) Build 2405991 Thu Dec  6 23:38:27 MST 2018
| Date         : Fri Oct  9 21:24:09 2020
| Host         : Huang running 64-bit major release  (build 9200)
| Command      : report_control_sets -verbose -file led_wrapper_control_sets_placed.rpt
| Design       : led_wrapper
| Device       : xc7z020
----------------------------------------------------------------------------------------

Control Set Information

Table of Contents
-----------------
1. Summary
2. Histogram
3. Flip-Flop Distribution
4. Detailed Control Set Information

1. Summary
----------

+----------------------------------------------------------+-------+
|                          Status                          | Count |
+----------------------------------------------------------+-------+
| Number of unique control sets                            |    36 |
| Unused register locations in slices containing registers |    80 |
+----------------------------------------------------------+-------+


2. Histogram
------------

+--------+--------------+
| Fanout | Control Sets |
+--------+--------------+
|      1 |            1 |
|      2 |            1 |
|      4 |            3 |
|      5 |            4 |
|      6 |            1 |
|      7 |            1 |
|      8 |            5 |
|     10 |            1 |
|     13 |            1 |
|     14 |            2 |
|    16+ |           16 |
+--------+--------------+


3. Flip-Flop Distribution
-------------------------

+--------------+-----------------------+------------------------+-----------------+--------------+
| Clock Enable | Synchronous Set/Reset | Asynchronous Set/Reset | Total Registers | Total Slices |
+--------------+-----------------------+------------------------+-----------------+--------------+
| No           | No                    | No                     |             109 |           35 |
| No           | No                    | Yes                    |               0 |            0 |
| No           | Yes                   | No                     |              29 |           14 |
| Yes          | No                    | No                     |             369 |           88 |
| Yes          | No                    | Yes                    |               0 |            0 |
| Yes          | Yes                   | No                     |             157 |           36 |
+--------------+-----------------------+------------------------+-----------------+--------------+


4. Detailed Control Set Information
-----------------------------------

+--------------------------------------------+-----------------------------------------------------------------------------------------------------------------------------------------------------------+--------------------------------------------------------------------------------------------------------------------------------------------------+------------------+----------------+
|                Clock Signal                |                                                                       Enable Signal                                                                       |                                                                 Set/Reset Signal                                                                 | Slice Load Count | Bel Load Count |
+--------------------------------------------+-----------------------------------------------------------------------------------------------------------------------------------------------------------+--------------------------------------------------------------------------------------------------------------------------------------------------+------------------+----------------+
|  led_i/processing_system7_0/inst/FCLK_CLK0 | led_i/ps7_0_axi_periph/s00_couplers/auto_pc/inst/gen_axilite.gen_b2s_conv.axilite_b2s/WR.aw_channel_0/aw_cmd_fsm_0/m_axi_awready_1                        | led_i/ps7_0_axi_periph/s00_couplers/auto_pc/inst/gen_axilite.gen_b2s_conv.axilite_b2s/WR.aw_channel_0/aw_cmd_fsm_0/m_axi_awready_0               |                1 |              1 |
|  led_i/processing_system7_0/inst/FCLK_CLK0 | led_i/ps7_0_axi_periph/s00_couplers/auto_pc/inst/gen_axilite.gen_b2s_conv.axilite_b2s/WR.b_channel_0/bid_fifo_0/sel                                       |                                                                                                                                                  |                1 |              2 |
|  led_i/processing_system7_0/inst/FCLK_CLK0 |                                                                                                                                                           | led_i/ps7_0_axi_periph/s00_couplers/auto_pc/inst/gen_axilite.gen_b2s_conv.axilite_b2s/SI_REG/ar.ar_pipe/aresetn_d_reg[1]_inv_0                   |                2 |              4 |
|  led_i/processing_system7_0/inst/FCLK_CLK0 |                                                                                                                                                           | led_i/ps7_0_axi_periph/s00_couplers/auto_pc/inst/gen_axilite.gen_b2s_conv.axilite_b2s/SI_REG/aw.aw_pipe/aresetn_d_reg[0]_0                       |                2 |              4 |
|  led_i/processing_system7_0/inst/FCLK_CLK0 |                                                                                                                                                           | led_i/rst_ps7_0_10M/U0/EXT_LPF/lpf_int                                                                                                           |                2 |              4 |
|  led_i/processing_system7_0/inst/FCLK_CLK0 | led_i/ps7_0_axi_periph/s00_couplers/auto_pc/inst/gen_axilite.gen_b2s_conv.axilite_b2s/RD.ar_channel_0/ar_cmd_fsm_0/m_valid_i_reg                          | led_i/ps7_0_axi_periph/s00_couplers/auto_pc/inst/gen_axilite.gen_b2s_conv.axilite_b2s/RD.ar_channel_0/ar_cmd_fsm_0/FSM_sequential_state_reg[0]_0 |                3 |              5 |
|  led_i/processing_system7_0/inst/FCLK_CLK0 | led_i/ps7_0_axi_periph/s00_couplers/auto_pc/inst/gen_axilite.gen_b2s_conv.axilite_b2s/RD.r_channel_0/rd_data_fifo_0/cnt_read[4]_i_1_n_0                   | led_i/ps7_0_axi_periph/s00_couplers/auto_pc/inst/gen_axilite.gen_b2s_conv.axilite_b2s/areset_d1                                                  |                1 |              5 |
|  led_i/processing_system7_0/inst/FCLK_CLK0 | led_i/ps7_0_axi_periph/s00_couplers/auto_pc/inst/gen_axilite.gen_b2s_conv.axilite_b2s/RD.r_channel_0/rd_data_fifo_0/E[0]                                  | led_i/ps7_0_axi_periph/s00_couplers/auto_pc/inst/gen_axilite.gen_b2s_conv.axilite_b2s/areset_d1                                                  |                2 |              5 |
|  led_i/processing_system7_0/inst/FCLK_CLK0 | led_i/led_state_0/inst/led_state_AXILiteS_s_axi_U/waddr                                                                                                   |                                                                                                                                                  |                2 |              5 |
|  led_i/processing_system7_0/inst/FCLK_CLK0 | led_i/rst_ps7_0_10M/U0/SEQ/seq_cnt_en                                                                                                                     | led_i/rst_ps7_0_10M/U0/SEQ/SEQ_COUNTER/clear                                                                                                     |                1 |              6 |
|  led_i/processing_system7_0/inst/FCLK_CLK0 |                                                                                                                                                           | led_i/led_state_0/inst/led_state_AXILiteS_s_axi_U/SR[0]                                                                                          |                3 |              7 |
|  led_i/processing_system7_0/inst/FCLK_CLK0 | led_i/ps7_0_axi_periph/s00_couplers/auto_pc/inst/gen_axilite.gen_b2s_conv.axilite_b2s/WR.b_channel_0/mhandshake_r                                         | led_i/ps7_0_axi_periph/s00_couplers/auto_pc/inst/gen_axilite.gen_b2s_conv.axilite_b2s/WR.b_channel_0/bid_fifo_0/SR[0]                            |                3 |              8 |
|  led_i/processing_system7_0/inst/FCLK_CLK0 | led_i/ps7_0_axi_periph/s00_couplers/auto_pc/inst/gen_axilite.gen_b2s_conv.axilite_b2s/RD.ar_channel_0/ar_cmd_fsm_0/sel_first_reg[0]                       |                                                                                                                                                  |                3 |              8 |
|  led_i/processing_system7_0/inst/FCLK_CLK0 | led_i/ps7_0_axi_periph/s00_couplers/auto_pc/inst/gen_axilite.gen_b2s_conv.axilite_b2s/RD.ar_channel_0/ar_cmd_fsm_0/E[0]                                   |                                                                                                                                                  |                4 |              8 |
|  led_i/processing_system7_0/inst/FCLK_CLK0 | led_i/ps7_0_axi_periph/s00_couplers/auto_pc/inst/gen_axilite.gen_b2s_conv.axilite_b2s/WR.aw_channel_0/aw_cmd_fsm_0/E[0]                                   |                                                                                                                                                  |                5 |              8 |
|  led_i/processing_system7_0/inst/FCLK_CLK0 | led_i/ps7_0_axi_periph/s00_couplers/auto_pc/inst/gen_axilite.gen_b2s_conv.axilite_b2s/WR.aw_channel_0/cmd_translator_0/incr_cmd_0/axaddr_incr[11]_i_1_n_0 |                                                                                                                                                  |                2 |              8 |
|  led_i/processing_system7_0/inst/FCLK_CLK0 |                                                                                                                                                           | led_i/ps7_0_axi_periph/s00_couplers/auto_pc/inst/gen_axilite.gen_b2s_conv.axilite_b2s/areset_d1                                                  |                5 |             10 |
|  led_i/processing_system7_0/inst/FCLK_CLK0 | led_i/ps7_0_axi_periph/s00_couplers/auto_pc/inst/gen_axilite.gen_b2s_conv.axilite_b2s/RD.r_channel_0/r_push_r                                             |                                                                                                                                                  |                4 |             13 |
|  led_i/processing_system7_0/inst/FCLK_CLK0 | led_i/ps7_0_axi_periph/s00_couplers/auto_pc/inst/gen_axilite.gen_b2s_conv.axilite_b2s/SI_REG/b.b_pipe/s_ready_i_reg_0                                     |                                                                                                                                                  |                2 |             14 |
|  led_i/processing_system7_0/inst/FCLK_CLK0 | led_i/ps7_0_axi_periph/s00_couplers/auto_pc/inst/gen_axilite.gen_b2s_conv.axilite_b2s/SI_REG/b.b_pipe/p_1_in                                              |                                                                                                                                                  |                2 |             14 |
|  led_i/processing_system7_0/inst/FCLK_CLK0 | led_i/ps7_0_axi_periph/s00_couplers/auto_pc/inst/gen_axilite.gen_b2s_conv.axilite_b2s/WR.aw_channel_0/aw_cmd_fsm_0/b_push                                 |                                                                                                                                                  |                3 |             16 |
|  led_i/processing_system7_0/inst/FCLK_CLK0 | led_i/ps7_0_axi_periph/s00_couplers/auto_pc/inst/gen_axilite.gen_b2s_conv.axilite_b2s/RD.ar_channel_0/ar_cmd_fsm_0/m_valid_i_reg                          |                                                                                                                                                  |                8 |             17 |
|  led_i/processing_system7_0/inst/FCLK_CLK0 | led_i/ps7_0_axi_periph/s00_couplers/auto_pc/inst/gen_axilite.gen_b2s_conv.axilite_b2s/WR.aw_channel_0/aw_cmd_fsm_0/m_axi_awready_1                        |                                                                                                                                                  |                7 |             21 |
|  led_i/processing_system7_0/inst/FCLK_CLK0 | led_i/ps7_0_axi_periph/s00_couplers/auto_pc/inst/gen_axilite.gen_b2s_conv.axilite_b2s/SI_REG/ar.ar_pipe/s_ready_i_reg_0                                   |                                                                                                                                                  |                6 |             28 |
|  led_i/processing_system7_0/inst/FCLK_CLK0 | led_i/ps7_0_axi_periph/s00_couplers/auto_pc/inst/gen_axilite.gen_b2s_conv.axilite_b2s/SI_REG/aw.aw_pipe/s_ready_i_reg_0                                   |                                                                                                                                                  |                9 |             28 |
|  led_i/processing_system7_0/inst/FCLK_CLK0 | led_i/ps7_0_axi_periph/s00_couplers/auto_pc/inst/gen_axilite.gen_b2s_conv.axilite_b2s/WR.aw_channel_0/aw_cmd_fsm_0/m_valid_i_reg[0]                       |                                                                                                                                                  |                6 |             28 |
|  led_i/processing_system7_0/inst/FCLK_CLK0 | led_i/ps7_0_axi_periph/s00_couplers/auto_pc/inst/gen_axilite.gen_b2s_conv.axilite_b2s/RD.ar_channel_0/ar_cmd_fsm_0/FSM_sequential_state_reg[1]_0[0]       |                                                                                                                                                  |                5 |             28 |
|  led_i/processing_system7_0/inst/FCLK_CLK0 | led_i/led_state_0/inst/i_reg_510                                                                                                                          | led_i/led_state_0/inst/i_reg_51                                                                                                                  |                8 |             31 |
|  led_i/processing_system7_0/inst/FCLK_CLK0 | led_i/ps7_0_axi_periph/s00_couplers/auto_pc/inst/gen_axilite.gen_b2s_conv.axilite_b2s/RD.r_channel_0/rd_data_fifo_0/wr_en0                                |                                                                                                                                                  |                9 |             32 |
|  led_i/processing_system7_0/inst/FCLK_CLK0 | led_i/led_state_0/inst/led_state_AXILiteS_s_axi_U/p_0_in3_out                                                                                             | led_i/led_state_0/inst/led_state_AXILiteS_s_axi_U/SR[0]                                                                                          |                4 |             32 |
|  led_i/processing_system7_0/inst/FCLK_CLK0 | led_i/led_state_0/inst/led_state_AXILiteS_s_axi_U/rdata                                                                                                   | led_i/led_state_0/inst/led_state_AXILiteS_s_axi_U/rdata[31]_i_1_n_2                                                                              |                9 |             32 |
|  led_i/processing_system7_0/inst/FCLK_CLK0 | led_i/led_state_0/inst/led_state_AXILiteS_s_axi_U/p_0_in1_out                                                                                             | led_i/led_state_0/inst/led_state_AXILiteS_s_axi_U/SR[0]                                                                                          |                4 |             32 |
|  led_i/processing_system7_0/inst/FCLK_CLK0 | led_i/ps7_0_axi_periph/s00_couplers/auto_pc/inst/gen_axilite.gen_b2s_conv.axilite_b2s/SI_REG/r.r_pipe/s_ready_i_reg_0                                     |                                                                                                                                                  |                8 |             45 |
|  led_i/processing_system7_0/inst/FCLK_CLK0 | led_i/ps7_0_axi_periph/s00_couplers/auto_pc/inst/gen_axilite.gen_b2s_conv.axilite_b2s/SI_REG/r.r_pipe/p_1_in                                              |                                                                                                                                                  |                7 |             45 |
|  led_i/processing_system7_0/inst/FCLK_CLK0 | led_i/led_state_0/inst/ap_CS_fsm_state1                                                                                                                   |                                                                                                                                                  |               12 |             64 |
|  led_i/processing_system7_0/inst/FCLK_CLK0 |                                                                                                                                                           |                                                                                                                                                  |               36 |            110 |
+--------------------------------------------+-----------------------------------------------------------------------------------------------------------------------------------------------------------+--------------------------------------------------------------------------------------------------------------------------------------------------+------------------+----------------+


