15:43:21 INFO  : Registering command handlers for SDK TCF services
15:43:22 INFO  : Launching XSCT server: xsct.bat -interactive F:\intel_project\AX7020\update2017p4\15_ov5640_single\ov5640_single.sdk\temp_xsdb_launch_script.tcl
15:43:24 INFO  : XSCT server has started successfully.
15:43:25 INFO  : Successfully done setting XSCT server connection channel  
15:43:25 INFO  : Successfully done setting SDK workspace  
15:43:25 INFO  : Processing command line option -hwspec F:/intel_project/AX7020/update2017p4/15_ov5640_single/ov5640_single.sdk/system_wrapper.hdf.
15:45:16 INFO  : Connected to target on host '127.0.0.1' and port '3121'.
15:45:25 INFO  : ----------------XSDB Script----------------
connect -url tcp:127.0.0.1:3121
----------------End of Script----------------

15:45:44 INFO  : Connected to target on host '127.0.0.1' and port '3121'.
15:45:44 INFO  : Jtag cable 'Digilent JTAG-HS1 210512180081' is selected.
15:45:44 INFO  : 'jtag frequency' command is executed.
15:45:44 INFO  : Sourcing of 'F:/intel_project/AX7020/update2017p4/15_ov5640_single/ov5640_single.sdk/system_wrapper_hw_platform_0/ps7_init.tcl' is done.
15:45:44 INFO  : Context for 'APU' is selected.
15:45:44 INFO  : System reset is completed.
15:45:47 INFO  : 'after 3000' command is executed.
15:45:48 INFO  : 'targets -set -filter {jtag_cable_name =~ "Digilent JTAG-HS1 210512180081" && level==0} -index 1' command is executed.
15:45:49 INFO  : FPGA configured successfully with bitstream "F:/intel_project/AX7020/update2017p4/15_ov5640_single/ov5640_single.sdk/system_wrapper_hw_platform_0/system_wrapper.bit"
15:45:49 INFO  : Context for 'APU' is selected.
15:45:49 INFO  : Hardware design information is loaded from 'F:/intel_project/AX7020/update2017p4/15_ov5640_single/ov5640_single.sdk/system_wrapper_hw_platform_0/system.hdf'.
15:45:49 INFO  : 'configparams force-mem-access 1' command is executed.
15:45:49 INFO  : Context for 'APU' is selected.
15:45:50 INFO  : 'ps7_init' command is executed.
15:45:50 INFO  : 'ps7_post_config' command is executed.
15:45:50 INFO  : Context for processor 'ps7_cortexa9_0' is selected.
15:45:50 INFO  : The application 'F:/intel_project/AX7020/update2017p4/15_ov5640_single/ov5640_single.sdk/an5642_test/Debug/an5642_test.elf' is downloaded to processor 'ps7_cortexa9_0'.
15:45:50 INFO  : 'configparams force-mem-access 0' command is executed.
15:45:50 INFO  : ----------------XSDB Script----------------
connect -url tcp:127.0.0.1:3121
source F:/intel_project/AX7020/update2017p4/15_ov5640_single/ov5640_single.sdk/system_wrapper_hw_platform_0/ps7_init.tcl
targets -set -nocase -filter {name =~"APU*" && jtag_cable_name =~ "Digilent JTAG-HS1 210512180081"} -index 0
rst -system
after 3000
targets -set -filter {jtag_cable_name =~ "Digilent JTAG-HS1 210512180081" && level==0} -index 1
fpga -file F:/intel_project/AX7020/update2017p4/15_ov5640_single/ov5640_single.sdk/system_wrapper_hw_platform_0/system_wrapper.bit
targets -set -nocase -filter {name =~"APU*" && jtag_cable_name =~ "Digilent JTAG-HS1 210512180081"} -index 0
loadhw -hw F:/intel_project/AX7020/update2017p4/15_ov5640_single/ov5640_single.sdk/system_wrapper_hw_platform_0/system.hdf -mem-ranges [list {0x40000000 0xbfffffff}]
configparams force-mem-access 1
targets -set -nocase -filter {name =~"APU*" && jtag_cable_name =~ "Digilent JTAG-HS1 210512180081"} -index 0
ps7_init
ps7_post_config
targets -set -nocase -filter {name =~ "ARM*#0" && jtag_cable_name =~ "Digilent JTAG-HS1 210512180081"} -index 0
dow F:/intel_project/AX7020/update2017p4/15_ov5640_single/ov5640_single.sdk/an5642_test/Debug/an5642_test.elf
configparams force-mem-access 0
----------------End of Script----------------

15:45:50 INFO  : Memory regions updated for context APU
15:45:50 INFO  : Context for processor 'ps7_cortexa9_0' is selected.
15:45:50 INFO  : 'con' command is executed.
15:45:50 INFO  : ----------------XSDB Script (After Launch)----------------
targets -set -nocase -filter {name =~ "ARM*#0" && jtag_cable_name =~ "Digilent JTAG-HS1 210512180081"} -index 0
con
----------------End of Script----------------

15:45:50 INFO  : Launch script is exported to file 'F:\intel_project\AX7020\update2017p4\15_ov5640_single\ov5640_single.sdk\.sdk\launch_scripts\xilinx_c-c++_application_(system_debugger)\system_debugger_using_debug_an5642_test.elf_on_local.tcl'
15:48:47 INFO  : Invoking Bootgen: bootgen -image an5642_test.bif -arch zynq -o F:\intel_project\AX7020\update2017p4\15_ov5640_single\bootimage\BOOT.bin -w on
15:48:47 INFO  : Overwriting existing bif file F:\intel_project\AX7020\update2017p4\15_ov5640_single\bootimage\an5642_test.bif
15:48:48 INFO  : Bootgen command execution is done.
15:51:08 INFO  : Disconnected from the channel tcfchan#1.
22:27:30 INFO  : Registering command handlers for SDK TCF services
22:27:30 INFO  : Launching XSCT server: xsct.bat -interactive D:\MyWorkSpace\ZYNQ\ARM\22_ov5640_single\ov5640_single.sdk\temp_xsdb_launch_script.tcl
22:27:32 INFO  : XSCT server has started successfully.
22:27:32 INFO  : Successfully done setting XSCT server connection channel  
22:27:32 INFO  : Successfully done setting SDK workspace  
22:27:32 INFO  : Processing command line option -hwspec D:/MyWorkSpace/ZYNQ/ARM/22_ov5640_single/ov5640_single.sdk/system_wrapper.hdf.
22:28:20 INFO  : Connected to target on host '127.0.0.1' and port '3121'.
22:28:21 INFO  : Jtag cable 'Digilent JTAG-HS1 210512180081' is selected.
22:28:21 INFO  : 'jtag frequency' command is executed.
22:28:21 INFO  : Sourcing of 'D:/MyWorkSpace/ZYNQ/ARM/22_ov5640_single/ov5640_single.sdk/system_wrapper_hw_platform_0/ps7_init.tcl' is done.
22:28:21 INFO  : Context for 'APU' is selected.
22:28:21 INFO  : System reset is completed.
22:28:24 INFO  : 'after 3000' command is executed.
22:28:24 INFO  : 'targets -set -filter {jtag_cable_name =~ "Digilent JTAG-HS1 210512180081" && level==0} -index 1' command is executed.
22:28:26 INFO  : FPGA configured successfully with bitstream "D:/MyWorkSpace/ZYNQ/ARM/22_ov5640_single/ov5640_single.sdk/system_wrapper_hw_platform_0/system_wrapper.bit"
22:28:26 INFO  : Context for 'APU' is selected.
22:28:26 INFO  : Hardware design information is loaded from 'D:/MyWorkSpace/ZYNQ/ARM/22_ov5640_single/ov5640_single.sdk/system_wrapper_hw_platform_0/system.hdf'.
22:28:26 INFO  : 'configparams force-mem-access 1' command is executed.
22:28:26 INFO  : Context for 'APU' is selected.
22:28:26 INFO  : 'ps7_init' command is executed.
22:28:26 INFO  : 'ps7_post_config' command is executed.
22:28:26 INFO  : Context for processor 'ps7_cortexa9_0' is selected.
22:28:27 INFO  : The application 'D:/MyWorkSpace/ZYNQ/ARM/22_ov5640_single/ov5640_single.sdk/an5642_test/Debug/an5642_test.elf' is downloaded to processor 'ps7_cortexa9_0'.
22:28:27 INFO  : 'configparams force-mem-access 0' command is executed.
22:28:27 INFO  : ----------------XSDB Script----------------
connect -url tcp:127.0.0.1:3121
source D:/MyWorkSpace/ZYNQ/ARM/22_ov5640_single/ov5640_single.sdk/system_wrapper_hw_platform_0/ps7_init.tcl
targets -set -nocase -filter {name =~"APU*" && jtag_cable_name =~ "Digilent JTAG-HS1 210512180081"} -index 0
rst -system
after 3000
targets -set -filter {jtag_cable_name =~ "Digilent JTAG-HS1 210512180081" && level==0} -index 1
fpga -file D:/MyWorkSpace/ZYNQ/ARM/22_ov5640_single/ov5640_single.sdk/system_wrapper_hw_platform_0/system_wrapper.bit
targets -set -nocase -filter {name =~"APU*" && jtag_cable_name =~ "Digilent JTAG-HS1 210512180081"} -index 0
loadhw -hw D:/MyWorkSpace/ZYNQ/ARM/22_ov5640_single/ov5640_single.sdk/system_wrapper_hw_platform_0/system.hdf -mem-ranges [list {0x40000000 0xbfffffff}]
configparams force-mem-access 1
targets -set -nocase -filter {name =~"APU*" && jtag_cable_name =~ "Digilent JTAG-HS1 210512180081"} -index 0
ps7_init
ps7_post_config
targets -set -nocase -filter {name =~ "ARM*#0" && jtag_cable_name =~ "Digilent JTAG-HS1 210512180081"} -index 0
dow D:/MyWorkSpace/ZYNQ/ARM/22_ov5640_single/ov5640_single.sdk/an5642_test/Debug/an5642_test.elf
configparams force-mem-access 0
----------------End of Script----------------

22:28:27 INFO  : Memory regions updated for context APU
22:28:27 INFO  : Context for processor 'ps7_cortexa9_0' is selected.
22:28:27 INFO  : 'con' command is executed.
22:28:27 INFO  : ----------------XSDB Script (After Launch)----------------
targets -set -nocase -filter {name =~ "ARM*#0" && jtag_cable_name =~ "Digilent JTAG-HS1 210512180081"} -index 0
con
----------------End of Script----------------

22:28:27 INFO  : Launch script is exported to file 'D:\MyWorkSpace\ZYNQ\ARM\22_ov5640_single\ov5640_single.sdk\.sdk\launch_scripts\xilinx_c-c++_application_(system_debugger)\system_debugger_using_debug_an5642_test.elf_on_local.tcl'
22:29:11 INFO  : Disconnected from the channel tcfchan#1.
15:06:16 INFO  : Launching XSCT server: xsct.bat -interactive D:\MyWorkSpace\ZYNQ\ARM\model_ov5640_single\ov5640_single.sdk\temp_xsdb_launch_script.tcl
15:06:18 INFO  : XSCT server has started successfully.
15:06:21 INFO  : Successfully done setting XSCT server connection channel  
15:06:21 INFO  : Successfully done setting SDK workspace  
15:06:24 INFO  : Registering command handlers for SDK TCF services
15:06:24 INFO  : Processing command line option -hwspec D:/MyWorkSpace/ZYNQ/ARM/model_ov5640_single/ov5640_single.sdk/system_wrapper.hdf.
15:08:51 INFO  : Connected to target on host '127.0.0.1' and port '3121'.
15:09:07 INFO  : Jtag cable 'Digilent JTAG-HS1 210512180081' is selected.
15:09:07 INFO  : 'jtag frequency' command is executed.
15:09:07 INFO  : Sourcing of 'D:/MyWorkSpace/ZYNQ/ARM/model_ov5640_single/ov5640_single.sdk/system_wrapper_hw_platform_0/ps7_init.tcl' is done.
15:09:07 INFO  : Context for 'APU' is selected.
15:09:07 INFO  : System reset is completed.
15:09:10 INFO  : 'after 3000' command is executed.
15:09:10 INFO  : 'targets -set -filter {jtag_cable_name =~ "Digilent JTAG-HS1 210512180081" && level==0} -index 1' command is executed.
15:09:11 INFO  : FPGA configured successfully with bitstream "D:/MyWorkSpace/ZYNQ/ARM/model_ov5640_single/ov5640_single.sdk/system_wrapper_hw_platform_0/system_wrapper.bit"
15:09:12 INFO  : Context for 'APU' is selected.
15:09:12 INFO  : Hardware design information is loaded from 'D:/MyWorkSpace/ZYNQ/ARM/model_ov5640_single/ov5640_single.sdk/system_wrapper_hw_platform_0/system.hdf'.
15:09:12 INFO  : 'configparams force-mem-access 1' command is executed.
15:09:12 INFO  : Context for 'APU' is selected.
15:09:12 INFO  : 'ps7_init' command is executed.
15:09:12 INFO  : 'ps7_post_config' command is executed.
15:09:12 INFO  : Context for processor 'ps7_cortexa9_0' is selected.
15:09:12 INFO  : The application 'D:/MyWorkSpace/ZYNQ/ARM/model_ov5640_single/ov5640_single.sdk/an5642_test/Debug/an5642_test.elf' is downloaded to processor 'ps7_cortexa9_0'.
15:09:12 INFO  : 'configparams force-mem-access 0' command is executed.
15:09:12 INFO  : ----------------XSDB Script----------------
connect -url tcp:127.0.0.1:3121
source D:/MyWorkSpace/ZYNQ/ARM/model_ov5640_single/ov5640_single.sdk/system_wrapper_hw_platform_0/ps7_init.tcl
targets -set -nocase -filter {name =~"APU*" && jtag_cable_name =~ "Digilent JTAG-HS1 210512180081"} -index 0
rst -system
after 3000
targets -set -filter {jtag_cable_name =~ "Digilent JTAG-HS1 210512180081" && level==0} -index 1
fpga -file D:/MyWorkSpace/ZYNQ/ARM/model_ov5640_single/ov5640_single.sdk/system_wrapper_hw_platform_0/system_wrapper.bit
targets -set -nocase -filter {name =~"APU*" && jtag_cable_name =~ "Digilent JTAG-HS1 210512180081"} -index 0
loadhw -hw D:/MyWorkSpace/ZYNQ/ARM/model_ov5640_single/ov5640_single.sdk/system_wrapper_hw_platform_0/system.hdf -mem-ranges [list {0x40000000 0xbfffffff}]
configparams force-mem-access 1
targets -set -nocase -filter {name =~"APU*" && jtag_cable_name =~ "Digilent JTAG-HS1 210512180081"} -index 0
ps7_init
ps7_post_config
targets -set -nocase -filter {name =~ "ARM*#0" && jtag_cable_name =~ "Digilent JTAG-HS1 210512180081"} -index 0
dow D:/MyWorkSpace/ZYNQ/ARM/model_ov5640_single/ov5640_single.sdk/an5642_test/Debug/an5642_test.elf
configparams force-mem-access 0
----------------End of Script----------------

15:09:12 INFO  : Memory regions updated for context APU
15:09:12 INFO  : Context for processor 'ps7_cortexa9_0' is selected.
15:09:12 INFO  : 'con' command is executed.
15:09:12 INFO  : ----------------XSDB Script (After Launch)----------------
targets -set -nocase -filter {name =~ "ARM*#0" && jtag_cable_name =~ "Digilent JTAG-HS1 210512180081"} -index 0
con
----------------End of Script----------------

15:09:12 INFO  : Launch script is exported to file 'D:\MyWorkSpace\ZYNQ\ARM\model_ov5640_single\ov5640_single.sdk\.sdk\launch_scripts\xilinx_c-c++_application_(system_debugger)\system_debugger_using_debug_an5642_test.elf_on_local.tcl'
15:09:34 INFO  : Connected to target on host '127.0.0.1' and port '3121'.
15:09:34 INFO  : 'targets -set -filter {jtag_cable_name =~ "Digilent JTAG-HS1 210512180081" && level==0} -index 1' command is executed.
15:09:35 INFO  : FPGA configured successfully with bitstream "D:/MyWorkSpace/ZYNQ/ARM/model_ov5640_single/ov5640_single.sdk/system_wrapper_hw_platform_0/system_wrapper.bit"
15:09:49 INFO  : Disconnected from the channel tcfchan#1.
15:09:50 INFO  : Connected to target on host '127.0.0.1' and port '3121'.
15:09:50 INFO  : Jtag cable 'Digilent JTAG-HS1 210512180081' is selected.
15:09:50 INFO  : 'jtag frequency' command is executed.
15:09:50 INFO  : Sourcing of 'D:/MyWorkSpace/ZYNQ/ARM/model_ov5640_single/ov5640_single.sdk/system_wrapper_hw_platform_0/ps7_init.tcl' is done.
15:09:50 INFO  : Context for 'APU' is selected.
15:09:51 INFO  : System reset is completed.
15:09:54 INFO  : 'after 3000' command is executed.
15:09:54 INFO  : 'targets -set -filter {jtag_cable_name =~ "Digilent JTAG-HS1 210512180081" && level==0} -index 1' command is executed.
15:09:55 INFO  : FPGA configured successfully with bitstream "D:/MyWorkSpace/ZYNQ/ARM/model_ov5640_single/ov5640_single.sdk/system_wrapper_hw_platform_0/system_wrapper.bit"
15:09:55 INFO  : Context for 'APU' is selected.
15:09:57 INFO  : Hardware design information is loaded from 'D:/MyWorkSpace/ZYNQ/ARM/model_ov5640_single/ov5640_single.sdk/system_wrapper_hw_platform_0/system.hdf'.
15:09:57 INFO  : 'configparams force-mem-access 1' command is executed.
15:09:57 INFO  : Context for 'APU' is selected.
15:09:57 INFO  : 'ps7_init' command is executed.
15:09:57 INFO  : 'ps7_post_config' command is executed.
15:09:57 INFO  : Context for processor 'ps7_cortexa9_0' is selected.
15:09:58 INFO  : The application 'D:/MyWorkSpace/ZYNQ/ARM/model_ov5640_single/ov5640_single.sdk/an5642_test/Debug/an5642_test.elf' is downloaded to processor 'ps7_cortexa9_0'.
15:09:58 INFO  : 'configparams force-mem-access 0' command is executed.
15:09:58 INFO  : ----------------XSDB Script----------------
connect -url tcp:127.0.0.1:3121
source D:/MyWorkSpace/ZYNQ/ARM/model_ov5640_single/ov5640_single.sdk/system_wrapper_hw_platform_0/ps7_init.tcl
targets -set -nocase -filter {name =~"APU*" && jtag_cable_name =~ "Digilent JTAG-HS1 210512180081"} -index 0
rst -system
after 3000
targets -set -filter {jtag_cable_name =~ "Digilent JTAG-HS1 210512180081" && level==0} -index 1
fpga -file D:/MyWorkSpace/ZYNQ/ARM/model_ov5640_single/ov5640_single.sdk/system_wrapper_hw_platform_0/system_wrapper.bit
targets -set -nocase -filter {name =~"APU*" && jtag_cable_name =~ "Digilent JTAG-HS1 210512180081"} -index 0
loadhw -hw D:/MyWorkSpace/ZYNQ/ARM/model_ov5640_single/ov5640_single.sdk/system_wrapper_hw_platform_0/system.hdf -mem-ranges [list {0x40000000 0xbfffffff}]
configparams force-mem-access 1
targets -set -nocase -filter {name =~"APU*" && jtag_cable_name =~ "Digilent JTAG-HS1 210512180081"} -index 0
ps7_init
ps7_post_config
targets -set -nocase -filter {name =~ "ARM*#0" && jtag_cable_name =~ "Digilent JTAG-HS1 210512180081"} -index 0
dow D:/MyWorkSpace/ZYNQ/ARM/model_ov5640_single/ov5640_single.sdk/an5642_test/Debug/an5642_test.elf
configparams force-mem-access 0
----------------End of Script----------------

15:09:58 INFO  : Memory regions updated for context APU
15:09:58 INFO  : Context for processor 'ps7_cortexa9_0' is selected.
15:09:58 INFO  : 'con' command is executed.
15:09:58 INFO  : ----------------XSDB Script (After Launch)----------------
targets -set -nocase -filter {name =~ "ARM*#0" && jtag_cable_name =~ "Digilent JTAG-HS1 210512180081"} -index 0
con
----------------End of Script----------------

15:09:58 INFO  : Launch script is exported to file 'D:\MyWorkSpace\ZYNQ\ARM\model_ov5640_single\ov5640_single.sdk\.sdk\launch_scripts\xilinx_c-c++_application_(system_debugger)\system_debugger_using_debug_an5642_test.elf_on_local.tcl'
15:24:48 INFO  : Disconnected from the channel tcfchan#2.
15:24:49 INFO  : Connected to target on host '127.0.0.1' and port '3121'.
15:24:49 INFO  : Jtag cable 'Digilent JTAG-HS1 210512180081' is selected.
15:24:49 INFO  : 'jtag frequency' command is executed.
15:24:49 INFO  : Sourcing of 'D:/MyWorkSpace/ZYNQ/ARM/model_ov5640_single/ov5640_single.sdk/system_wrapper_hw_platform_0/ps7_init.tcl' is done.
15:24:49 INFO  : Context for 'APU' is selected.
15:24:49 INFO  : System reset is completed.
15:24:52 INFO  : 'after 3000' command is executed.
15:24:52 INFO  : 'targets -set -filter {jtag_cable_name =~ "Digilent JTAG-HS1 210512180081" && level==0} -index 1' command is executed.
15:24:54 INFO  : FPGA configured successfully with bitstream "D:/MyWorkSpace/ZYNQ/ARM/model_ov5640_single/ov5640_single.sdk/system_wrapper_hw_platform_0/system_wrapper.bit"
15:24:54 INFO  : Context for 'APU' is selected.
15:24:56 INFO  : Hardware design information is loaded from 'D:/MyWorkSpace/ZYNQ/ARM/model_ov5640_single/ov5640_single.sdk/system_wrapper_hw_platform_0/system.hdf'.
15:24:56 INFO  : 'configparams force-mem-access 1' command is executed.
15:24:56 INFO  : Context for 'APU' is selected.
15:24:56 INFO  : 'ps7_init' command is executed.
15:24:56 INFO  : 'ps7_post_config' command is executed.
15:24:56 INFO  : Context for processor 'ps7_cortexa9_0' is selected.
15:24:57 INFO  : The application 'D:/MyWorkSpace/ZYNQ/ARM/model_ov5640_single/ov5640_single.sdk/an5642_test/Debug/an5642_test.elf' is downloaded to processor 'ps7_cortexa9_0'.
15:24:57 INFO  : 'configparams force-mem-access 0' command is executed.
15:24:57 INFO  : ----------------XSDB Script----------------
connect -url tcp:127.0.0.1:3121
source D:/MyWorkSpace/ZYNQ/ARM/model_ov5640_single/ov5640_single.sdk/system_wrapper_hw_platform_0/ps7_init.tcl
targets -set -nocase -filter {name =~"APU*" && jtag_cable_name =~ "Digilent JTAG-HS1 210512180081"} -index 0
rst -system
after 3000
targets -set -filter {jtag_cable_name =~ "Digilent JTAG-HS1 210512180081" && level==0} -index 1
fpga -file D:/MyWorkSpace/ZYNQ/ARM/model_ov5640_single/ov5640_single.sdk/system_wrapper_hw_platform_0/system_wrapper.bit
targets -set -nocase -filter {name =~"APU*" && jtag_cable_name =~ "Digilent JTAG-HS1 210512180081"} -index 0
loadhw -hw D:/MyWorkSpace/ZYNQ/ARM/model_ov5640_single/ov5640_single.sdk/system_wrapper_hw_platform_0/system.hdf -mem-ranges [list {0x40000000 0xbfffffff}]
configparams force-mem-access 1
targets -set -nocase -filter {name =~"APU*" && jtag_cable_name =~ "Digilent JTAG-HS1 210512180081"} -index 0
ps7_init
ps7_post_config
targets -set -nocase -filter {name =~ "ARM*#0" && jtag_cable_name =~ "Digilent JTAG-HS1 210512180081"} -index 0
dow D:/MyWorkSpace/ZYNQ/ARM/model_ov5640_single/ov5640_single.sdk/an5642_test/Debug/an5642_test.elf
configparams force-mem-access 0
----------------End of Script----------------

15:24:57 INFO  : Memory regions updated for context APU
15:24:57 INFO  : Context for processor 'ps7_cortexa9_0' is selected.
15:24:57 INFO  : 'con' command is executed.
15:24:57 INFO  : ----------------XSDB Script (After Launch)----------------
targets -set -nocase -filter {name =~ "ARM*#0" && jtag_cable_name =~ "Digilent JTAG-HS1 210512180081"} -index 0
con
----------------End of Script----------------

15:24:57 INFO  : Launch script is exported to file 'D:\MyWorkSpace\ZYNQ\ARM\model_ov5640_single\ov5640_single.sdk\.sdk\launch_scripts\xilinx_c-c++_application_(system_debugger)\system_debugger_using_debug_an5642_test.elf_on_local.tcl'
15:28:37 INFO  : Disconnected from the channel tcfchan#3.
